{"C:\\hanheobeou\\NodeJSproject\\HotelManagement\\server\\jest-testing\\mocks.js": {"path":"C:\\hanheobeou\\NodeJSproject\\HotelManagement\\server\\jest-testing\\mocks.js","statementMap":{"0":{"start":{"line":18,"column":22},"end":{"line":21,"column":1}},"1":{"start":{"line":19,"column":33},"end":{"line":19,"column":50}},"2":{"start":{"line":20,"column":31},"end":{"line":20,"column":35}},"3":{"start":{"line":24,"column":19},"end":{"line":28,"column":1}},"4":{"start":{"line":25,"column":22},"end":{"line":25,"column":40}},"5":{"start":{"line":26,"column":25},"end":{"line":26,"column":66}},"6":{"start":{"line":27,"column":25},"end":{"line":27,"column":70}},"7":{"start":{"line":31,"column":20},"end":{"line":31,"column":39}},"8":{"start":{"line":31,"column":34},"end":{"line":31,"column":38}},"9":{"start":{"line":37,"column":4},"end":{"line":37,"column":25}},"10":{"start":{"line":38,"column":4},"end":{"line":38,"column":51}},"11":{"start":{"line":41,"column":15},"end":{"line":48,"column":5}},"12":{"start":{"line":45,"column":20},"end":{"line":45,"column":40}},"13":{"start":{"line":45,"column":41},"end":{"line":45,"column":52}},"14":{"start":{"line":46,"column":27},"end":{"line":46,"column":66}},"15":{"start":{"line":46,"column":47},"end":{"line":46,"column":64}},"16":{"start":{"line":47,"column":17},"end":{"line":47,"column":37}},"17":{"start":{"line":49,"column":4},"end":{"line":49,"column":29}},"18":{"start":{"line":50,"column":4},"end":{"line":50,"column":14}},"19":{"start":{"line":57,"column":4},"end":{"line":57,"column":24}},"20":{"start":{"line":58,"column":4},"end":{"line":58,"column":26}},"21":{"start":{"line":59,"column":4},"end":{"line":59,"column":25}},"22":{"start":{"line":60,"column":18},"end":{"line":60,"column":28}},"23":{"start":{"line":60,"column":24},"end":{"line":60,"column":28}},"24":{"start":{"line":61,"column":4},"end":{"line":61,"column":30}},"25":{"start":{"line":62,"column":4},"end":{"line":62,"column":22}},"26":{"start":{"line":63,"column":4},"end":{"line":63,"column":26}},"27":{"start":{"line":64,"column":4},"end":{"line":64,"column":27}},"28":{"start":{"line":65,"column":4},"end":{"line":65,"column":22}},"29":{"start":{"line":66,"column":4},"end":{"line":66,"column":26}},"30":{"start":{"line":67,"column":4},"end":{"line":67,"column":25}},"31":{"start":{"line":74,"column":21},"end":{"line":79,"column":1}},"32":{"start":{"line":75,"column":27},"end":{"line":75,"column":31}},"33":{"start":{"line":80,"column":28},"end":{"line":80,"column":100}},"34":{"start":{"line":80,"column":56},"end":{"line":80,"column":99}},"35":{"start":{"line":86,"column":31},"end":{"line":86,"column":40}},"36":{"start":{"line":90,"column":4},"end":{"line":90,"column":36}},"37":{"start":{"line":97,"column":20},"end":{"line":101,"column":1}},"38":{"start":{"line":98,"column":29},"end":{"line":100,"column":3}},"39":{"start":{"line":106,"column":27},"end":{"line":106,"column":79}},"40":{"start":{"line":106,"column":54},"end":{"line":106,"column":78}},"41":{"start":{"line":107,"column":26},"end":{"line":107,"column":95}},"42":{"start":{"line":107,"column":49},"end":{"line":107,"column":93}},"43":{"start":{"line":108,"column":28},"end":{"line":108,"column":95}},"44":{"start":{"line":108,"column":47},"end":{"line":108,"column":93}},"45":{"start":{"line":109,"column":29},"end":{"line":109,"column":96}},"46":{"start":{"line":109,"column":48},"end":{"line":109,"column":94}},"47":{"start":{"line":110,"column":24},"end":{"line":110,"column":79}},"48":{"start":{"line":110,"column":39},"end":{"line":110,"column":77}},"49":{"start":{"line":115,"column":30},"end":{"line":115,"column":50}},"50":{"start":{"line":116,"column":27},"end":{"line":116,"column":44}},"51":{"start":{"line":117,"column":30},"end":{"line":117,"column":63}},"52":{"start":{"line":117,"column":50},"end":{"line":117,"column":62}},"53":{"start":{"line":118,"column":26},"end":{"line":118,"column":57}},"54":{"start":{"line":118,"column":44},"end":{"line":118,"column":56}},"55":{"start":{"line":119,"column":25},"end":{"line":119,"column":34}},"56":{"start":{"line":120,"column":25},"end":{"line":120,"column":34}},"57":{"start":{"line":121,"column":24},"end":{"line":121,"column":33}},"58":{"start":{"line":127,"column":30},"end":{"line":127,"column":71}},"59":{"start":{"line":127,"column":63},"end":{"line":127,"column":70}},"60":{"start":{"line":128,"column":37},"end":{"line":128,"column":78}},"61":{"start":{"line":128,"column":70},"end":{"line":128,"column":77}},"62":{"start":{"line":129,"column":46},"end":{"line":129,"column":69}},"63":{"start":{"line":129,"column":66},"end":{"line":129,"column":68}}},"fnMap":{"0":{"name":"(anonymous_0)","decl":{"start":{"line":19,"column":16},"end":{"line":19,"column":17}},"loc":{"start":{"line":19,"column":33},"end":{"line":19,"column":50}},"line":19},"1":{"name":"(anonymous_1)","decl":{"start":{"line":20,"column":19},"end":{"line":20,"column":20}},"loc":{"start":{"line":20,"column":31},"end":{"line":20,"column":35}},"line":20},"2":{"name":"(anonymous_2)","decl":{"start":{"line":25,"column":16},"end":{"line":25,"column":17}},"loc":{"start":{"line":25,"column":22},"end":{"line":25,"column":40}},"line":25},"3":{"name":"(anonymous_3)","decl":{"start":{"line":26,"column":18},"end":{"line":26,"column":19}},"loc":{"start":{"line":26,"column":25},"end":{"line":26,"column":66}},"line":26},"4":{"name":"(anonymous_4)","decl":{"start":{"line":27,"column":18},"end":{"line":27,"column":19}},"loc":{"start":{"line":27,"column":25},"end":{"line":27,"column":70}},"line":27},"5":{"name":"(anonymous_5)","decl":{"start":{"line":31,"column":28},"end":{"line":31,"column":29}},"loc":{"start":{"line":31,"column":34},"end":{"line":31,"column":38}},"line":31},"6":{"name":"(anonymous_6)","decl":{"start":{"line":36,"column":2},"end":{"line":36,"column":3}},"loc":{"start":{"line":36,"column":16},"end":{"line":39,"column":3}},"line":36},"7":{"name":"(anonymous_7)","decl":{"start":{"line":38,"column":33},"end":{"line":38,"column":34}},"loc":{"start":{"line":38,"column":45},"end":{"line":38,"column":47}},"line":38},"8":{"name":"(anonymous_8)","decl":{"start":{"line":40,"column":2},"end":{"line":40,"column":3}},"loc":{"start":{"line":40,"column":21},"end":{"line":51,"column":3}},"line":40},"9":{"name":"(anonymous_9)","decl":{"start":{"line":45,"column":6},"end":{"line":45,"column":7}},"loc":{"start":{"line":45,"column":18},"end":{"line":45,"column":54}},"line":45},"10":{"name":"(anonymous_10)","decl":{"start":{"line":46,"column":6},"end":{"line":46,"column":7}},"loc":{"start":{"line":46,"column":25},"end":{"line":46,"column":68}},"line":46},"11":{"name":"(anonymous_11)","decl":{"start":{"line":46,"column":40},"end":{"line":46,"column":41}},"loc":{"start":{"line":46,"column":47},"end":{"line":46,"column":64}},"line":46},"12":{"name":"(anonymous_12)","decl":{"start":{"line":47,"column":6},"end":{"line":47,"column":7}},"loc":{"start":{"line":47,"column":15},"end":{"line":47,"column":39}},"line":47},"13":{"name":"(anonymous_13)","decl":{"start":{"line":56,"column":2},"end":{"line":56,"column":3}},"loc":{"start":{"line":56,"column":16},"end":{"line":68,"column":3}},"line":56},"14":{"name":"(anonymous_14)","decl":{"start":{"line":60,"column":18},"end":{"line":60,"column":19}},"loc":{"start":{"line":60,"column":24},"end":{"line":60,"column":28}},"line":60},"15":{"name":"(anonymous_15)","decl":{"start":{"line":75,"column":15},"end":{"line":75,"column":16}},"loc":{"start":{"line":75,"column":27},"end":{"line":75,"column":31}},"line":75},"16":{"name":"(anonymous_16)","decl":{"start":{"line":76,"column":15},"end":{"line":76,"column":16}},"loc":{"start":{"line":76,"column":27},"end":{"line":76,"column":29}},"line":76},"17":{"name":"(anonymous_17)","decl":{"start":{"line":77,"column":15},"end":{"line":77,"column":16}},"loc":{"start":{"line":77,"column":27},"end":{"line":77,"column":29}},"line":77},"18":{"name":"(anonymous_18)","decl":{"start":{"line":78,"column":24},"end":{"line":78,"column":25}},"loc":{"start":{"line":78,"column":36},"end":{"line":78,"column":38}},"line":78},"19":{"name":"(anonymous_19)","decl":{"start":{"line":80,"column":36},"end":{"line":80,"column":37}},"loc":{"start":{"line":80,"column":56},"end":{"line":80,"column":99}},"line":80},"20":{"name":"(anonymous_20)","decl":{"start":{"line":88,"column":2},"end":{"line":88,"column":3}},"loc":{"start":{"line":88,"column":16},"end":{"line":88,"column":18}},"line":88},"21":{"name":"(anonymous_21)","decl":{"start":{"line":89,"column":2},"end":{"line":89,"column":3}},"loc":{"start":{"line":89,"column":25},"end":{"line":91,"column":3}},"line":89},"22":{"name":"(anonymous_22)","decl":{"start":{"line":98,"column":16},"end":{"line":98,"column":17}},"loc":{"start":{"line":98,"column":29},"end":{"line":100,"column":3}},"line":98},"23":{"name":"(anonymous_23)","decl":{"start":{"line":106,"column":35},"end":{"line":106,"column":36}},"loc":{"start":{"line":106,"column":54},"end":{"line":106,"column":78}},"line":106},"24":{"name":"(anonymous_24)","decl":{"start":{"line":107,"column":34},"end":{"line":107,"column":35}},"loc":{"start":{"line":107,"column":49},"end":{"line":107,"column":93}},"line":107},"25":{"name":"(anonymous_25)","decl":{"start":{"line":108,"column":36},"end":{"line":108,"column":37}},"loc":{"start":{"line":108,"column":47},"end":{"line":108,"column":93}},"line":108},"26":{"name":"(anonymous_26)","decl":{"start":{"line":109,"column":37},"end":{"line":109,"column":38}},"loc":{"start":{"line":109,"column":48},"end":{"line":109,"column":94}},"line":109},"27":{"name":"(anonymous_27)","decl":{"start":{"line":110,"column":32},"end":{"line":110,"column":33}},"loc":{"start":{"line":110,"column":39},"end":{"line":110,"column":77}},"line":110},"28":{"name":"(anonymous_28)","decl":{"start":{"line":117,"column":38},"end":{"line":117,"column":39}},"loc":{"start":{"line":117,"column":50},"end":{"line":117,"column":62}},"line":117},"29":{"name":"(anonymous_29)","decl":{"start":{"line":118,"column":34},"end":{"line":118,"column":35}},"loc":{"start":{"line":118,"column":44},"end":{"line":118,"column":56}},"line":118},"30":{"name":"(anonymous_30)","decl":{"start":{"line":127,"column":38},"end":{"line":127,"column":39}},"loc":{"start":{"line":127,"column":63},"end":{"line":127,"column":70}},"line":127},"31":{"name":"(anonymous_31)","decl":{"start":{"line":128,"column":45},"end":{"line":128,"column":46}},"loc":{"start":{"line":128,"column":70},"end":{"line":128,"column":77}},"line":128},"32":{"name":"(anonymous_32)","decl":{"start":{"line":129,"column":54},"end":{"line":129,"column":55}},"loc":{"start":{"line":129,"column":66},"end":{"line":129,"column":68}},"line":129}},"branchMap":{"0":{"loc":{"start":{"line":46,"column":14},"end":{"line":46,"column":23}},"type":"default-arg","locations":[{"start":{"line":46,"column":21},"end":{"line":46,"column":23}}],"line":46},"1":{"loc":{"start":{"line":80,"column":84},"end":{"line":80,"column":96}},"type":"binary-expr","locations":[{"start":{"line":80,"column":84},"end":{"line":80,"column":90}},{"start":{"line":80,"column":94},"end":{"line":80,"column":96}}],"line":80},"2":{"loc":{"start":{"line":106,"column":36},"end":{"line":106,"column":45}},"type":"default-arg","locations":[{"start":{"line":106,"column":43},"end":{"line":106,"column":45}}],"line":106},"3":{"loc":{"start":{"line":106,"column":55},"end":{"line":106,"column":65}},"type":"binary-expr","locations":[{"start":{"line":106,"column":55},"end":{"line":106,"column":59}},{"start":{"line":106,"column":63},"end":{"line":106,"column":65}}],"line":106}},"s":{"0":18,"1":3,"2":0,"3":18,"4":2,"5":0,"6":0,"7":18,"8":0,"9":2,"10":2,"11":9,"12":7,"13":7,"14":6,"15":12,"16":3,"17":9,"18":9,"19":1,"20":1,"21":1,"22":1,"23":87,"24":1,"25":1,"26":1,"27":1,"28":1,"29":1,"30":1,"31":18,"32":3,"33":18,"34":2,"35":18,"36":2,"37":18,"38":0,"39":18,"40":0,"41":18,"42":0,"43":18,"44":0,"45":18,"46":0,"47":18,"48":0,"49":18,"50":18,"51":18,"52":2,"53":18,"54":2,"55":18,"56":18,"57":18,"58":18,"59":0,"60":18,"61":0,"62":18,"63":0},"f":{"0":3,"1":0,"2":2,"3":0,"4":0,"5":0,"6":2,"7":0,"8":9,"9":7,"10":6,"11":12,"12":3,"13":1,"14":87,"15":3,"16":2,"17":52,"18":76,"19":2,"20":2,"21":2,"22":0,"23":0,"24":0,"25":0,"26":0,"27":0,"28":2,"29":2,"30":0,"31":0,"32":0},"b":{"0":[0],"1":[2,0],"2":[0],"3":[0,0]},"_coverageSchema":"1a1c01bbd47fc00a2c39e90264f33305004495a9","hash":"eb99626ec37a7e0c6879c0d7bb4cf95d8983573b"}
,"C:\\hanheobeou\\NodeJSproject\\HotelManagement\\server\\jest-testing\\helpers\\mocks.js": {"path":"C:\\hanheobeou\\NodeJSproject\\HotelManagement\\server\\jest-testing\\helpers\\mocks.js","statementMap":{"0":{"start":{"line":10,"column":25},"end":{"line":14,"column":1}},"1":{"start":{"line":11,"column":16},"end":{"line":11,"column":18}},"2":{"start":{"line":12,"column":2},"end":{"line":12,"column":54}},"3":{"start":{"line":12,"column":30},"end":{"line":12,"column":54}},"4":{"start":{"line":13,"column":2},"end":{"line":13,"column":15}},"5":{"start":{"line":17,"column":36},"end":{"line":32,"column":1}},"6":{"start":{"line":35,"column":29},"end":{"line":35,"column":66}},"7":{"start":{"line":35,"column":35},"end":{"line":35,"column":66}},"8":{"start":{"line":41,"column":23},"end":{"line":46,"column":1}},"9":{"start":{"line":42,"column":14},"end":{"line":42,"column":25}},"10":{"start":{"line":43,"column":2},"end":{"line":43,"column":38}},"11":{"start":{"line":43,"column":33},"end":{"line":43,"column":36}},"12":{"start":{"line":44,"column":2},"end":{"line":44,"column":46}},"13":{"start":{"line":44,"column":32},"end":{"line":44,"column":43}},"14":{"start":{"line":45,"column":2},"end":{"line":45,"column":13}},"15":{"start":{"line":54,"column":25},"end":{"line":67,"column":1}},"16":{"start":{"line":55,"column":12},"end":{"line":65,"column":3}},"17":{"start":{"line":56,"column":26},"end":{"line":56,"column":27}},"18":{"start":{"line":57,"column":28},"end":{"line":57,"column":29}},"19":{"start":{"line":58,"column":24},"end":{"line":58,"column":25}},"20":{"start":{"line":59,"column":24},"end":{"line":59,"column":25}},"21":{"start":{"line":60,"column":25},"end":{"line":60,"column":26}},"22":{"start":{"line":61,"column":24},"end":{"line":61,"column":25}},"23":{"start":{"line":62,"column":31},"end":{"line":62,"column":75}},"24":{"start":{"line":63,"column":19},"end":{"line":63,"column":51}},"25":{"start":{"line":64,"column":21},"end":{"line":64,"column":55}},"26":{"start":{"line":66,"column":2},"end":{"line":66,"column":11}},"27":{"start":{"line":74,"column":28},"end":{"line":78,"column":2}},"28":{"start":{"line":74,"column":35},"end":{"line":78,"column":1}},"29":{"start":{"line":75,"column":36},"end":{"line":75,"column":53}},"30":{"start":{"line":81,"column":29},"end":{"line":84,"column":2}},"31":{"start":{"line":81,"column":36},"end":{"line":84,"column":1}},"32":{"start":{"line":87,"column":19},"end":{"line":90,"column":1}},"33":{"start":{"line":88,"column":14},"end":{"line":88,"column":70}},"34":{"start":{"line":89,"column":2},"end":{"line":89,"column":51}}},"fnMap":{"0":{"name":"(anonymous_0)","decl":{"start":{"line":10,"column":25},"end":{"line":10,"column":26}},"loc":{"start":{"line":10,"column":43},"end":{"line":14,"column":1}},"line":10},"1":{"name":"(anonymous_1)","decl":{"start":{"line":35,"column":29},"end":{"line":35,"column":30}},"loc":{"start":{"line":35,"column":35},"end":{"line":35,"column":66}},"line":35},"2":{"name":"(anonymous_2)","decl":{"start":{"line":41,"column":23},"end":{"line":41,"column":24}},"loc":{"start":{"line":41,"column":38},"end":{"line":46,"column":1}},"line":41},"3":{"name":"(anonymous_3)","decl":{"start":{"line":43,"column":21},"end":{"line":43,"column":22}},"loc":{"start":{"line":43,"column":33},"end":{"line":43,"column":36}},"line":43},"4":{"name":"(anonymous_4)","decl":{"start":{"line":44,"column":25},"end":{"line":44,"column":26}},"loc":{"start":{"line":44,"column":32},"end":{"line":44,"column":43}},"line":44},"5":{"name":"(anonymous_5)","decl":{"start":{"line":54,"column":25},"end":{"line":54,"column":26}},"loc":{"start":{"line":54,"column":36},"end":{"line":67,"column":1}},"line":54},"6":{"name":"(anonymous_6)","decl":{"start":{"line":56,"column":20},"end":{"line":56,"column":21}},"loc":{"start":{"line":56,"column":26},"end":{"line":56,"column":27}},"line":56},"7":{"name":"(anonymous_7)","decl":{"start":{"line":57,"column":22},"end":{"line":57,"column":23}},"loc":{"start":{"line":57,"column":28},"end":{"line":57,"column":29}},"line":57},"8":{"name":"(anonymous_8)","decl":{"start":{"line":58,"column":18},"end":{"line":58,"column":19}},"loc":{"start":{"line":58,"column":24},"end":{"line":58,"column":25}},"line":58},"9":{"name":"(anonymous_9)","decl":{"start":{"line":59,"column":18},"end":{"line":59,"column":19}},"loc":{"start":{"line":59,"column":24},"end":{"line":59,"column":25}},"line":59},"10":{"name":"(anonymous_10)","decl":{"start":{"line":60,"column":19},"end":{"line":60,"column":20}},"loc":{"start":{"line":60,"column":25},"end":{"line":60,"column":26}},"line":60},"11":{"name":"(anonymous_11)","decl":{"start":{"line":61,"column":18},"end":{"line":61,"column":19}},"loc":{"start":{"line":61,"column":24},"end":{"line":61,"column":25}},"line":61},"12":{"name":"(anonymous_12)","decl":{"start":{"line":62,"column":10},"end":{"line":62,"column":11}},"loc":{"start":{"line":62,"column":31},"end":{"line":62,"column":75}},"line":62},"13":{"name":"(anonymous_13)","decl":{"start":{"line":63,"column":11},"end":{"line":63,"column":12}},"loc":{"start":{"line":63,"column":19},"end":{"line":63,"column":51}},"line":63},"14":{"name":"(anonymous_14)","decl":{"start":{"line":64,"column":13},"end":{"line":64,"column":14}},"loc":{"start":{"line":64,"column":21},"end":{"line":64,"column":55}},"line":64},"15":{"name":"(anonymous_15)","decl":{"start":{"line":74,"column":28},"end":{"line":74,"column":29}},"loc":{"start":{"line":74,"column":35},"end":{"line":78,"column":1}},"line":74},"16":{"name":"(anonymous_16)","decl":{"start":{"line":75,"column":23},"end":{"line":75,"column":24}},"loc":{"start":{"line":75,"column":36},"end":{"line":75,"column":53}},"line":75},"17":{"name":"(anonymous_17)","decl":{"start":{"line":76,"column":19},"end":{"line":76,"column":20}},"loc":{"start":{"line":76,"column":31},"end":{"line":76,"column":33}},"line":76},"18":{"name":"(anonymous_18)","decl":{"start":{"line":77,"column":19},"end":{"line":77,"column":20}},"loc":{"start":{"line":77,"column":31},"end":{"line":77,"column":33}},"line":77},"19":{"name":"(anonymous_19)","decl":{"start":{"line":81,"column":29},"end":{"line":81,"column":30}},"loc":{"start":{"line":81,"column":36},"end":{"line":84,"column":1}},"line":81},"20":{"name":"(anonymous_20)","decl":{"start":{"line":82,"column":28},"end":{"line":82,"column":29}},"loc":{"start":{"line":82,"column":40},"end":{"line":82,"column":42}},"line":82},"21":{"name":"(anonymous_21)","decl":{"start":{"line":83,"column":36},"end":{"line":83,"column":37}},"loc":{"start":{"line":83,"column":48},"end":{"line":83,"column":50}},"line":83},"22":{"name":"(anonymous_22)","decl":{"start":{"line":87,"column":19},"end":{"line":87,"column":20}},"loc":{"start":{"line":87,"column":35},"end":{"line":90,"column":1}},"line":87}},"branchMap":{"0":{"loc":{"start":{"line":10,"column":26},"end":{"line":10,"column":38}},"type":"default-arg","locations":[{"start":{"line":10,"column":36},"end":{"line":10,"column":38}}],"line":10},"1":{"loc":{"start":{"line":41,"column":24},"end":{"line":41,"column":33}},"type":"default-arg","locations":[{"start":{"line":41,"column":31},"end":{"line":41,"column":33}}],"line":41},"2":{"loc":{"start":{"line":87,"column":20},"end":{"line":87,"column":30}},"type":"default-arg","locations":[{"start":{"line":87,"column":27},"end":{"line":87,"column":30}}],"line":87},"3":{"loc":{"start":{"line":89,"column":10},"end":{"line":89,"column":20}},"type":"binary-expr","locations":[{"start":{"line":89,"column":10},"end":{"line":89,"column":13}},{"start":{"line":89,"column":17},"end":{"line":89,"column":20}}],"line":89}},"s":{"0":18,"1":418,"2":418,"3":5852,"4":418,"5":18,"6":18,"7":418,"8":18,"9":127,"10":127,"11":45,"12":127,"13":0,"14":127,"15":18,"16":35,"17":13,"18":4,"19":4,"20":0,"21":0,"22":11,"23":35,"24":0,"25":0,"26":35,"27":18,"28":149,"29":0,"30":18,"31":18,"32":18,"33":25,"34":25},"f":{"0":418,"1":418,"2":127,"3":45,"4":0,"5":35,"6":13,"7":4,"8":4,"9":0,"10":0,"11":11,"12":35,"13":0,"14":0,"15":149,"16":0,"17":0,"18":0,"19":18,"20":13,"21":0,"22":25},"b":{"0":[0],"1":[0],"2":[0],"3":[25,0]},"_coverageSchema":"1a1c01bbd47fc00a2c39e90264f33305004495a9","hash":"8f70c3815e4e1dcfd804810adad511ac046b0f33"}
,"C:\\hanheobeou\\NodeJSproject\\HotelManagement\\server\\jest-testing\\mocks\\bcrypt.js": {"path":"C:\\hanheobeou\\NodeJSproject\\HotelManagement\\server\\jest-testing\\mocks\\bcrypt.js","statementMap":{},"fnMap":{},"branchMap":{},"s":{},"f":{},"b":{},"_coverageSchema":"1a1c01bbd47fc00a2c39e90264f33305004495a9","hash":"57dbe25f025704a55037e3792575d46af14fb9f4"}
,"C:\\hanheobeou\\NodeJSproject\\HotelManagement\\server\\jest-testing\\mocks\\exceljs.js": {"path":"C:\\hanheobeou\\NodeJSproject\\HotelManagement\\server\\jest-testing\\mocks\\exceljs.js","statementMap":{},"fnMap":{},"branchMap":{},"s":{},"f":{},"b":{},"_coverageSchema":"1a1c01bbd47fc00a2c39e90264f33305004495a9","hash":"1fbe7130c9b4a54cd5f83648462d19348de0b0ab"}
,"C:\\hanheobeou\\NodeJSproject\\HotelManagement\\server\\jest-testing\\mocks\\jsonwebtoken.js": {"path":"C:\\hanheobeou\\NodeJSproject\\HotelManagement\\server\\jest-testing\\mocks\\jsonwebtoken.js","statementMap":{},"fnMap":{},"branchMap":{},"s":{},"f":{},"b":{},"_coverageSchema":"1a1c01bbd47fc00a2c39e90264f33305004495a9","hash":"93931e42d3bfbdf1d04a98c33e485b8e18b2d6e3"}
,"C:\\hanheobeou\\NodeJSproject\\HotelManagement\\server\\jest-testing\\mocks\\jsqr.js": {"path":"C:\\hanheobeou\\NodeJSproject\\HotelManagement\\server\\jest-testing\\mocks\\jsqr.js","statementMap":{},"fnMap":{},"branchMap":{},"s":{},"f":{},"b":{},"_coverageSchema":"1a1c01bbd47fc00a2c39e90264f33305004495a9","hash":"119d090c9d68060eecf7e10d926896d8a2ba7679"}
,"C:\\hanheobeou\\NodeJSproject\\HotelManagement\\server\\jest-testing\\mocks\\pdfkit.js": {"path":"C:\\hanheobeou\\NodeJSproject\\HotelManagement\\server\\jest-testing\\mocks\\pdfkit.js","statementMap":{},"fnMap":{},"branchMap":{},"s":{},"f":{},"b":{},"_coverageSchema":"1a1c01bbd47fc00a2c39e90264f33305004495a9","hash":"15b67e14f1ea43931cab02c46e3f8001f878c72b"}
,"C:\\hanheobeou\\NodeJSproject\\HotelManagement\\server\\main-services\\auth-service\\services\\authService.js": {"path":"C:\\hanheobeou\\NodeJSproject\\HotelManagement\\server\\main-services\\auth-service\\services\\authService.js","statementMap":{"0":{"start":{"line":9,"column":8},"end":{"line":9,"column":25}},"1":{"start":{"line":10,"column":8},"end":{"line":10,"column":39}},"2":{"start":{"line":11,"column":8},"end":{"line":11,"column":45}},"3":{"start":{"line":12,"column":8},"end":{"line":12,"column":33}},"4":{"start":{"line":17,"column":8},"end":{"line":50,"column":9}},"5":{"start":{"line":18,"column":28},"end":{"line":18,"column":62}},"6":{"start":{"line":19,"column":12},"end":{"line":20,"column":52}},"7":{"start":{"line":20,"column":16},"end":{"line":20,"column":52}},"8":{"start":{"line":22,"column":26},"end":{"line":22,"column":81}},"9":{"start":{"line":23,"column":12},"end":{"line":25,"column":13}},"10":{"start":{"line":24,"column":16},"end":{"line":24,"column":116}},"11":{"start":{"line":27,"column":27},"end":{"line":27,"column":58}},"12":{"start":{"line":28,"column":24},"end":{"line":28,"column":78}},"13":{"start":{"line":29,"column":33},"end":{"line":29,"column":108}},"14":{"start":{"line":30,"column":31},"end":{"line":30,"column":71}},"15":{"start":{"line":32,"column":25},"end":{"line":40,"column":14}},"16":{"start":{"line":42,"column":12},"end":{"line":44,"column":13}},"17":{"start":{"line":43,"column":16},"end":{"line":43,"column":73}},"18":{"start":{"line":46,"column":12},"end":{"line":46,"column":24}},"19":{"start":{"line":48,"column":12},"end":{"line":48,"column":75}},"20":{"start":{"line":49,"column":12},"end":{"line":49,"column":24}},"21":{"start":{"line":56,"column":58},"end":{"line":56,"column":62}},"22":{"start":{"line":58,"column":8},"end":{"line":60,"column":9}},"23":{"start":{"line":59,"column":12},"end":{"line":59,"column":63}},"24":{"start":{"line":62,"column":8},"end":{"line":65,"column":9}},"25":{"start":{"line":63,"column":12},"end":{"line":64,"column":72}},"26":{"start":{"line":64,"column":16},"end":{"line":64,"column":72}},"27":{"start":{"line":67,"column":20},"end":{"line":67,"column":40}},"28":{"start":{"line":68,"column":8},"end":{"line":69,"column":54}},"29":{"start":{"line":69,"column":12},"end":{"line":69,"column":54}},"30":{"start":{"line":71,"column":18},"end":{"line":71,"column":62}},"31":{"start":{"line":72,"column":18},"end":{"line":72,"column":56}},"32":{"start":{"line":73,"column":8},"end":{"line":73,"column":78}},"33":{"start":{"line":73,"column":72},"end":{"line":73,"column":78}},"34":{"start":{"line":75,"column":8},"end":{"line":79,"column":9}},"35":{"start":{"line":76,"column":24},"end":{"line":76,"column":78}},"36":{"start":{"line":77,"column":12},"end":{"line":77,"column":29}},"37":{"start":{"line":78,"column":12},"end":{"line":78,"column":22}},"38":{"start":{"line":81,"column":21},"end":{"line":81,"column":83}},"39":{"start":{"line":83,"column":8},"end":{"line":137,"column":9}},"40":{"start":{"line":84,"column":12},"end":{"line":125,"column":13}},"41":{"start":{"line":85,"column":30},"end":{"line":93,"column":17}},"42":{"start":{"line":95,"column":16},"end":{"line":103,"column":17}},"43":{"start":{"line":96,"column":20},"end":{"line":98,"column":23}},"44":{"start":{"line":97,"column":24},"end":{"line":97,"column":63}},"45":{"start":{"line":100,"column":32},"end":{"line":100,"column":86}},"46":{"start":{"line":101,"column":20},"end":{"line":101,"column":37}},"47":{"start":{"line":102,"column":20},"end":{"line":102,"column":30}},"48":{"start":{"line":105,"column":19},"end":{"line":125,"column":13}},"49":{"start":{"line":106,"column":30},"end":{"line":114,"column":17}},"50":{"start":{"line":116,"column":16},"end":{"line":124,"column":17}},"51":{"start":{"line":117,"column":20},"end":{"line":119,"column":23}},"52":{"start":{"line":118,"column":24},"end":{"line":118,"column":63}},"53":{"start":{"line":121,"column":32},"end":{"line":121,"column":85}},"54":{"start":{"line":122,"column":20},"end":{"line":122,"column":37}},"55":{"start":{"line":123,"column":20},"end":{"line":123,"column":30}},"56":{"start":{"line":127,"column":12},"end":{"line":129,"column":15}},"57":{"start":{"line":128,"column":16},"end":{"line":128,"column":93}},"58":{"start":{"line":131,"column":28},"end":{"line":131,"column":74}},"59":{"start":{"line":132,"column":27},"end":{"line":132,"column":56}},"60":{"start":{"line":134,"column":24},"end":{"line":134,"column":42}},"61":{"start":{"line":135,"column":12},"end":{"line":135,"column":32}},"62":{"start":{"line":136,"column":12},"end":{"line":136,"column":22}},"63":{"start":{"line":139,"column":8},"end":{"line":139,"column":20}},"64":{"start":{"line":143,"column":21},"end":{"line":143,"column":53}},"65":{"start":{"line":144,"column":8},"end":{"line":145,"column":58}},"66":{"start":{"line":145,"column":12},"end":{"line":145,"column":58}},"67":{"start":{"line":147,"column":8},"end":{"line":148,"column":37}},"68":{"start":{"line":148,"column":12},"end":{"line":148,"column":37}},"69":{"start":{"line":150,"column":8},"end":{"line":152,"column":9}},"70":{"start":{"line":151,"column":12},"end":{"line":151,"column":68}},"71":{"start":{"line":154,"column":8},"end":{"line":154,"column":34}},"72":{"start":{"line":155,"column":8},"end":{"line":155,"column":35}},"73":{"start":{"line":156,"column":8},"end":{"line":156,"column":42}},"74":{"start":{"line":158,"column":8},"end":{"line":158,"column":26}},"75":{"start":{"line":159,"column":8},"end":{"line":159,"column":33}},"76":{"start":{"line":163,"column":21},"end":{"line":163,"column":55}},"77":{"start":{"line":164,"column":8},"end":{"line":165,"column":55}},"78":{"start":{"line":165,"column":12},"end":{"line":165,"column":55}},"79":{"start":{"line":167,"column":8},"end":{"line":168,"column":57}},"80":{"start":{"line":168,"column":12},"end":{"line":168,"column":57}},"81":{"start":{"line":170,"column":8},"end":{"line":171,"column":61}},"82":{"start":{"line":171,"column":12},"end":{"line":171,"column":61}},"83":{"start":{"line":172,"column":8},"end":{"line":173,"column":52}},"84":{"start":{"line":173,"column":12},"end":{"line":173,"column":52}},"85":{"start":{"line":175,"column":24},"end":{"line":175,"column":69}},"86":{"start":{"line":176,"column":8},"end":{"line":177,"column":44}},"87":{"start":{"line":177,"column":12},"end":{"line":177,"column":44}},"88":{"start":{"line":179,"column":38},"end":{"line":179,"column":72}},"89":{"start":{"line":181,"column":22},"end":{"line":184,"column":9}},"90":{"start":{"line":186,"column":8},"end":{"line":196,"column":10}},"91":{"start":{"line":200,"column":23},"end":{"line":200,"column":35}},"92":{"start":{"line":201,"column":23},"end":{"line":201,"column":25}},"93":{"start":{"line":202,"column":25},"end":{"line":202,"column":29}},"94":{"start":{"line":203,"column":25},"end":{"line":203,"column":29}},"95":{"start":{"line":205,"column":8},"end":{"line":226,"column":9}},"96":{"start":{"line":206,"column":26},"end":{"line":209,"column":13}},"97":{"start":{"line":211,"column":12},"end":{"line":214,"column":13}},"98":{"start":{"line":212,"column":16},"end":{"line":212,"column":52}},"99":{"start":{"line":213,"column":16},"end":{"line":213,"column":48}},"100":{"start":{"line":216,"column":26},"end":{"line":219,"column":13}},"101":{"start":{"line":221,"column":12},"end":{"line":225,"column":13}},"102":{"start":{"line":222,"column":16},"end":{"line":222,"column":52}},"103":{"start":{"line":223,"column":16},"end":{"line":223,"column":51}},"104":{"start":{"line":224,"column":16},"end":{"line":224,"column":48}},"105":{"start":{"line":228,"column":22},"end":{"line":231,"column":9}},"106":{"start":{"line":233,"column":8},"end":{"line":233,"column":50}},"107":{"start":{"line":233,"column":22},"end":{"line":233,"column":50}},"108":{"start":{"line":234,"column":8},"end":{"line":234,"column":56}},"109":{"start":{"line":234,"column":24},"end":{"line":234,"column":56}},"110":{"start":{"line":235,"column":8},"end":{"line":235,"column":56}},"111":{"start":{"line":235,"column":24},"end":{"line":235,"column":56}},"112":{"start":{"line":237,"column":8},"end":{"line":237,"column":37}},"113":{"start":{"line":241,"column":8},"end":{"line":287,"column":9}},"114":{"start":{"line":242,"column":27},"end":{"line":242,"column":73}},"115":{"start":{"line":244,"column":27},"end":{"line":247,"column":14}},"116":{"start":{"line":249,"column":34},"end":{"line":249,"column":53}},"117":{"start":{"line":250,"column":60},"end":{"line":250,"column":73}},"118":{"start":{"line":252,"column":25},"end":{"line":252,"column":59}},"119":{"start":{"line":253,"column":12},"end":{"line":260,"column":13}},"120":{"start":{"line":254,"column":16},"end":{"line":259,"column":18}},"121":{"start":{"line":262,"column":42},"end":{"line":262,"column":76}},"122":{"start":{"line":264,"column":26},"end":{"line":267,"column":13}},"123":{"start":{"line":269,"column":12},"end":{"line":279,"column":14}},"124":{"start":{"line":282,"column":28},"end":{"line":282,"column":74}},"125":{"start":{"line":283,"column":27},"end":{"line":283,"column":65}},"126":{"start":{"line":284,"column":24},"end":{"line":284,"column":42}},"127":{"start":{"line":285,"column":12},"end":{"line":285,"column":32}},"128":{"start":{"line":286,"column":12},"end":{"line":286,"column":22}},"129":{"start":{"line":325,"column":21},"end":{"line":325,"column":55}},"130":{"start":{"line":326,"column":8},"end":{"line":327,"column":53}},"131":{"start":{"line":327,"column":12},"end":{"line":327,"column":53}},"132":{"start":{"line":329,"column":20},"end":{"line":329,"column":76}},"133":{"start":{"line":330,"column":8},"end":{"line":330,"column":36}},"134":{"start":{"line":331,"column":8},"end":{"line":331,"column":63}},"135":{"start":{"line":333,"column":8},"end":{"line":333,"column":26}},"136":{"start":{"line":334,"column":8},"end":{"line":334,"column":66}},"137":{"start":{"line":336,"column":8},"end":{"line":336,"column":33}},"138":{"start":{"line":340,"column":21},"end":{"line":344,"column":10}},"139":{"start":{"line":346,"column":8},"end":{"line":346,"column":75}},"140":{"start":{"line":346,"column":19},"end":{"line":346,"column":75}},"141":{"start":{"line":348,"column":23},"end":{"line":348,"column":57}},"142":{"start":{"line":350,"column":8},"end":{"line":350,"column":31}},"143":{"start":{"line":351,"column":8},"end":{"line":351,"column":42}},"144":{"start":{"line":352,"column":8},"end":{"line":352,"column":46}},"145":{"start":{"line":354,"column":8},"end":{"line":354,"column":26}},"146":{"start":{"line":355,"column":8},"end":{"line":355,"column":33}},"147":{"start":{"line":362,"column":22},"end":{"line":362,"column":77}},"148":{"start":{"line":363,"column":8},"end":{"line":365,"column":9}},"149":{"start":{"line":364,"column":12},"end":{"line":364,"column":112}},"150":{"start":{"line":367,"column":21},"end":{"line":367,"column":53}},"151":{"start":{"line":368,"column":8},"end":{"line":368,"column":75}},"152":{"start":{"line":368,"column":19},"end":{"line":368,"column":75}},"153":{"start":{"line":370,"column":8},"end":{"line":370,"column":36}},"154":{"start":{"line":372,"column":8},"end":{"line":372,"column":26}},"155":{"start":{"line":373,"column":8},"end":{"line":373,"column":20}},"156":{"start":{"line":377,"column":8},"end":{"line":377,"column":51}}},"fnMap":{"0":{"name":"(anonymous_0)","decl":{"start":{"line":8,"column":4},"end":{"line":8,"column":5}},"loc":{"start":{"line":8,"column":65},"end":{"line":13,"column":5}},"line":8},"1":{"name":"(anonymous_1)","decl":{"start":{"line":16,"column":4},"end":{"line":16,"column":5}},"loc":{"start":{"line":16,"column":62},"end":{"line":51,"column":5}},"line":16},"2":{"name":"(anonymous_2)","decl":{"start":{"line":54,"column":4},"end":{"line":54,"column":5}},"loc":{"start":{"line":54,"column":26},"end":{"line":140,"column":5}},"line":54},"3":{"name":"(anonymous_3)","decl":{"start":{"line":96,"column":71},"end":{"line":96,"column":72}},"loc":{"start":{"line":96,"column":78},"end":{"line":98,"column":21}},"line":96},"4":{"name":"(anonymous_4)","decl":{"start":{"line":117,"column":71},"end":{"line":117,"column":72}},"loc":{"start":{"line":117,"column":78},"end":{"line":119,"column":21}},"line":117},"5":{"name":"(anonymous_5)","decl":{"start":{"line":127,"column":63},"end":{"line":127,"column":64}},"loc":{"start":{"line":127,"column":78},"end":{"line":129,"column":13}},"line":127},"6":{"name":"(anonymous_6)","decl":{"start":{"line":142,"column":4},"end":{"line":142,"column":5}},"loc":{"start":{"line":142,"column":36},"end":{"line":160,"column":5}},"line":142},"7":{"name":"(anonymous_7)","decl":{"start":{"line":162,"column":4},"end":{"line":162,"column":5}},"loc":{"start":{"line":162,"column":34},"end":{"line":197,"column":5}},"line":162},"8":{"name":"(anonymous_8)","decl":{"start":{"line":199,"column":4},"end":{"line":199,"column":5}},"loc":{"start":{"line":199,"column":34},"end":{"line":238,"column":5}},"line":199},"9":{"name":"(anonymous_9)","decl":{"start":{"line":240,"column":4},"end":{"line":240,"column":5}},"loc":{"start":{"line":240,"column":36},"end":{"line":288,"column":5}},"line":240},"10":{"name":"(anonymous_10)","decl":{"start":{"line":324,"column":4},"end":{"line":324,"column":5}},"loc":{"start":{"line":324,"column":33},"end":{"line":337,"column":5}},"line":324},"11":{"name":"(anonymous_11)","decl":{"start":{"line":339,"column":4},"end":{"line":339,"column":5}},"loc":{"start":{"line":339,"column":50},"end":{"line":356,"column":5}},"line":339},"12":{"name":"(anonymous_12)","decl":{"start":{"line":358,"column":4},"end":{"line":358,"column":5}},"loc":{"start":{"line":358,"column":55},"end":{"line":374,"column":5}},"line":358},"13":{"name":"(anonymous_13)","decl":{"start":{"line":376,"column":4},"end":{"line":376,"column":5}},"loc":{"start":{"line":376,"column":29},"end":{"line":378,"column":5}},"line":376}},"branchMap":{"0":{"loc":{"start":{"line":19,"column":12},"end":{"line":20,"column":52}},"type":"if","locations":[{"start":{"line":19,"column":12},"end":{"line":20,"column":52}},{"start":{},"end":{}}],"line":19},"1":{"loc":{"start":{"line":23,"column":12},"end":{"line":25,"column":13}},"type":"if","locations":[{"start":{"line":23,"column":12},"end":{"line":25,"column":13}},{"start":{},"end":{}}],"line":23},"2":{"loc":{"start":{"line":30,"column":31},"end":{"line":30,"column":71}},"type":"cond-expr","locations":[{"start":{"line":30,"column":59},"end":{"line":30,"column":63}},{"start":{"line":30,"column":66},"end":{"line":30,"column":71}}],"line":30},"3":{"loc":{"start":{"line":37,"column":31},"end":{"line":37,"column":56}},"type":"cond-expr","locations":[{"start":{"line":37,"column":44},"end":{"line":37,"column":49}},{"start":{"line":37,"column":52},"end":{"line":37,"column":56}}],"line":37},"4":{"loc":{"start":{"line":38,"column":32},"end":{"line":38,"column":55}},"type":"cond-expr","locations":[{"start":{"line":38,"column":45},"end":{"line":38,"column":48}},{"start":{"line":38,"column":51},"end":{"line":38,"column":55}}],"line":38},"5":{"loc":{"start":{"line":39,"column":39},"end":{"line":39,"column":85}},"type":"cond-expr","locations":[{"start":{"line":39,"column":52},"end":{"line":39,"column":78}},{"start":{"line":39,"column":81},"end":{"line":39,"column":85}}],"line":39},"6":{"loc":{"start":{"line":42,"column":12},"end":{"line":44,"column":13}},"type":"if","locations":[{"start":{"line":42,"column":12},"end":{"line":44,"column":13}},{"start":{},"end":{}}],"line":42},"7":{"loc":{"start":{"line":58,"column":8},"end":{"line":60,"column":9}},"type":"if","locations":[{"start":{"line":58,"column":8},"end":{"line":60,"column":9}},{"start":{},"end":{}}],"line":58},"8":{"loc":{"start":{"line":58,"column":12},"end":{"line":58,"column":102}},"type":"binary-expr","locations":[{"start":{"line":58,"column":12},"end":{"line":58,"column":18}},{"start":{"line":58,"column":22},"end":{"line":58,"column":31}},{"start":{"line":58,"column":35},"end":{"line":58,"column":46}},{"start":{"line":58,"column":50},"end":{"line":58,"column":60}},{"start":{"line":58,"column":64},"end":{"line":58,"column":77}},{"start":{"line":58,"column":81},"end":{"line":58,"column":86}},{"start":{"line":58,"column":90},"end":{"line":58,"column":102}}],"line":58},"9":{"loc":{"start":{"line":62,"column":8},"end":{"line":65,"column":9}},"type":"if","locations":[{"start":{"line":62,"column":8},"end":{"line":65,"column":9}},{"start":{},"end":{}}],"line":62},"10":{"loc":{"start":{"line":63,"column":12},"end":{"line":64,"column":72}},"type":"if","locations":[{"start":{"line":63,"column":12},"end":{"line":64,"column":72}},{"start":{},"end":{}}],"line":63},"11":{"loc":{"start":{"line":68,"column":8},"end":{"line":69,"column":54}},"type":"if","locations":[{"start":{"line":68,"column":8},"end":{"line":69,"column":54}},{"start":{},"end":{}}],"line":68},"12":{"loc":{"start":{"line":73,"column":8},"end":{"line":73,"column":78}},"type":"if","locations":[{"start":{"line":73,"column":8},"end":{"line":73,"column":78}},{"start":{},"end":{}}],"line":73},"13":{"loc":{"start":{"line":73,"column":12},"end":{"line":73,"column":70}},"type":"binary-expr","locations":[{"start":{"line":73,"column":12},"end":{"line":73,"column":17}},{"start":{"line":73,"column":22},"end":{"line":73,"column":29}},{"start":{"line":73,"column":33},"end":{"line":73,"column":69}}],"line":73},"14":{"loc":{"start":{"line":75,"column":8},"end":{"line":79,"column":9}},"type":"if","locations":[{"start":{"line":75,"column":8},"end":{"line":79,"column":9}},{"start":{},"end":{}}],"line":75},"15":{"loc":{"start":{"line":84,"column":12},"end":{"line":125,"column":13}},"type":"if","locations":[{"start":{"line":84,"column":12},"end":{"line":125,"column":13}},{"start":{"line":105,"column":19},"end":{"line":125,"column":13}}],"line":84},"16":{"loc":{"start":{"line":95,"column":16},"end":{"line":103,"column":17}},"type":"if","locations":[{"start":{"line":95,"column":16},"end":{"line":103,"column":17}},{"start":{},"end":{}}],"line":95},"17":{"loc":{"start":{"line":100,"column":42},"end":{"line":100,"column":85}},"type":"binary-expr","locations":[{"start":{"line":100,"column":42},"end":{"line":100,"column":55}},{"start":{"line":100,"column":59},"end":{"line":100,"column":85}}],"line":100},"18":{"loc":{"start":{"line":105,"column":19},"end":{"line":125,"column":13}},"type":"if","locations":[{"start":{"line":105,"column":19},"end":{"line":125,"column":13}},{"start":{},"end":{}}],"line":105},"19":{"loc":{"start":{"line":116,"column":16},"end":{"line":124,"column":17}},"type":"if","locations":[{"start":{"line":116,"column":16},"end":{"line":124,"column":17}},{"start":{},"end":{}}],"line":116},"20":{"loc":{"start":{"line":121,"column":42},"end":{"line":121,"column":84}},"type":"binary-expr","locations":[{"start":{"line":121,"column":42},"end":{"line":121,"column":55}},{"start":{"line":121,"column":59},"end":{"line":121,"column":84}}],"line":121},"21":{"loc":{"start":{"line":131,"column":28},"end":{"line":131,"column":74}},"type":"binary-expr","locations":[{"start":{"line":131,"column":28},"end":{"line":131,"column":57}},{"start":{"line":131,"column":61},"end":{"line":131,"column":74}}],"line":131},"22":{"loc":{"start":{"line":132,"column":27},"end":{"line":132,"column":56}},"type":"binary-expr","locations":[{"start":{"line":132,"column":27},"end":{"line":132,"column":49}},{"start":{"line":132,"column":53},"end":{"line":132,"column":56}}],"line":132},"23":{"loc":{"start":{"line":144,"column":8},"end":{"line":145,"column":58}},"type":"if","locations":[{"start":{"line":144,"column":8},"end":{"line":145,"column":58}},{"start":{},"end":{}}],"line":144},"24":{"loc":{"start":{"line":147,"column":8},"end":{"line":148,"column":37}},"type":"if","locations":[{"start":{"line":147,"column":8},"end":{"line":148,"column":37}},{"start":{},"end":{}}],"line":147},"25":{"loc":{"start":{"line":150,"column":8},"end":{"line":152,"column":9}},"type":"if","locations":[{"start":{"line":150,"column":8},"end":{"line":152,"column":9}},{"start":{},"end":{}}],"line":150},"26":{"loc":{"start":{"line":150,"column":12},"end":{"line":150,"column":106}},"type":"binary-expr","locations":[{"start":{"line":150,"column":12},"end":{"line":150,"column":32}},{"start":{"line":150,"column":36},"end":{"line":150,"column":63}},{"start":{"line":150,"column":67},"end":{"line":150,"column":106}}],"line":150},"27":{"loc":{"start":{"line":164,"column":8},"end":{"line":165,"column":55}},"type":"if","locations":[{"start":{"line":164,"column":8},"end":{"line":165,"column":55}},{"start":{},"end":{}}],"line":164},"28":{"loc":{"start":{"line":167,"column":8},"end":{"line":168,"column":57}},"type":"if","locations":[{"start":{"line":167,"column":8},"end":{"line":168,"column":57}},{"start":{},"end":{}}],"line":167},"29":{"loc":{"start":{"line":170,"column":8},"end":{"line":171,"column":61}},"type":"if","locations":[{"start":{"line":170,"column":8},"end":{"line":171,"column":61}},{"start":{},"end":{}}],"line":170},"30":{"loc":{"start":{"line":172,"column":8},"end":{"line":173,"column":52}},"type":"if","locations":[{"start":{"line":172,"column":8},"end":{"line":173,"column":52}},{"start":{},"end":{}}],"line":172},"31":{"loc":{"start":{"line":176,"column":8},"end":{"line":177,"column":44}},"type":"if","locations":[{"start":{"line":176,"column":8},"end":{"line":177,"column":44}},{"start":{},"end":{}}],"line":176},"32":{"loc":{"start":{"line":205,"column":8},"end":{"line":226,"column":9}},"type":"if","locations":[{"start":{"line":205,"column":8},"end":{"line":226,"column":9}},{"start":{"line":215,"column":15},"end":{"line":226,"column":9}}],"line":205},"33":{"loc":{"start":{"line":211,"column":12},"end":{"line":214,"column":13}},"type":"if","locations":[{"start":{"line":211,"column":12},"end":{"line":214,"column":13}},{"start":{},"end":{}}],"line":211},"34":{"loc":{"start":{"line":221,"column":12},"end":{"line":225,"column":13}},"type":"if","locations":[{"start":{"line":221,"column":12},"end":{"line":225,"column":13}},{"start":{},"end":{}}],"line":221},"35":{"loc":{"start":{"line":233,"column":8},"end":{"line":233,"column":50}},"type":"if","locations":[{"start":{"line":233,"column":8},"end":{"line":233,"column":50}},{"start":{},"end":{}}],"line":233},"36":{"loc":{"start":{"line":234,"column":8},"end":{"line":234,"column":56}},"type":"if","locations":[{"start":{"line":234,"column":8},"end":{"line":234,"column":56}},{"start":{},"end":{}}],"line":234},"37":{"loc":{"start":{"line":235,"column":8},"end":{"line":235,"column":56}},"type":"if","locations":[{"start":{"line":235,"column":8},"end":{"line":235,"column":56}},{"start":{},"end":{}}],"line":235},"38":{"loc":{"start":{"line":253,"column":12},"end":{"line":260,"column":13}},"type":"if","locations":[{"start":{"line":253,"column":12},"end":{"line":260,"column":13}},{"start":{},"end":{}}],"line":253},"39":{"loc":{"start":{"line":282,"column":28},"end":{"line":282,"column":74}},"type":"binary-expr","locations":[{"start":{"line":282,"column":28},"end":{"line":282,"column":57}},{"start":{"line":282,"column":61},"end":{"line":282,"column":74}}],"line":282},"40":{"loc":{"start":{"line":283,"column":27},"end":{"line":283,"column":65}},"type":"binary-expr","locations":[{"start":{"line":283,"column":27},"end":{"line":283,"column":49}},{"start":{"line":283,"column":53},"end":{"line":283,"column":65}}],"line":283},"41":{"loc":{"start":{"line":326,"column":8},"end":{"line":327,"column":53}},"type":"if","locations":[{"start":{"line":326,"column":8},"end":{"line":327,"column":53}},{"start":{},"end":{}}],"line":326},"42":{"loc":{"start":{"line":346,"column":8},"end":{"line":346,"column":75}},"type":"if","locations":[{"start":{"line":346,"column":8},"end":{"line":346,"column":75}},{"start":{},"end":{}}],"line":346},"43":{"loc":{"start":{"line":363,"column":8},"end":{"line":365,"column":9}},"type":"if","locations":[{"start":{"line":363,"column":8},"end":{"line":365,"column":9}},{"start":{},"end":{}}],"line":363},"44":{"loc":{"start":{"line":368,"column":8},"end":{"line":368,"column":75}},"type":"if","locations":[{"start":{"line":368,"column":8},"end":{"line":368,"column":75}},{"start":{},"end":{}}],"line":368}},"s":{"0":26,"1":26,"2":26,"3":26,"4":6,"5":6,"6":6,"7":2,"8":4,"9":4,"10":1,"11":3,"12":3,"13":3,"14":3,"15":3,"16":3,"17":2,"18":3,"19":3,"20":3,"21":11,"22":11,"23":2,"24":9,"25":5,"26":1,"27":8,"28":8,"29":0,"30":8,"31":8,"32":8,"33":0,"34":8,"35":2,"36":2,"37":2,"38":6,"39":3,"40":3,"41":2,"42":2,"43":1,"44":0,"45":1,"46":1,"47":1,"48":1,"49":1,"50":1,"51":1,"52":0,"53":1,"54":1,"55":1,"56":2,"57":0,"58":2,"59":2,"60":2,"61":2,"62":2,"63":1,"64":0,"65":0,"66":0,"67":0,"68":0,"69":0,"70":0,"71":0,"72":0,"73":0,"74":0,"75":0,"76":7,"77":7,"78":1,"79":6,"80":1,"81":5,"82":1,"83":4,"84":2,"85":2,"86":2,"87":1,"88":1,"89":1,"90":1,"91":2,"92":2,"93":2,"94":2,"95":2,"96":0,"97":0,"98":0,"99":0,"100":2,"101":2,"102":2,"103":2,"104":2,"105":2,"106":2,"107":2,"108":2,"109":2,"110":2,"111":0,"112":2,"113":2,"114":2,"115":2,"116":2,"117":2,"118":2,"119":2,"120":1,"121":1,"122":1,"123":1,"124":0,"125":0,"126":0,"127":0,"128":0,"129":0,"130":0,"131":0,"132":0,"133":0,"134":0,"135":0,"136":0,"137":0,"138":0,"139":0,"140":0,"141":0,"142":0,"143":0,"144":0,"145":0,"146":0,"147":0,"148":0,"149":0,"150":0,"151":0,"152":0,"153":0,"154":0,"155":0,"156":0},"f":{"0":26,"1":6,"2":11,"3":0,"4":0,"5":0,"6":0,"7":7,"8":2,"9":2,"10":0,"11":0,"12":0,"13":0},"b":{"0":[2,4],"1":[1,3],"2":[2,1],"3":[2,1],"4":[2,1],"5":[2,1],"6":[2,1],"7":[2,9],"8":[11,11,11,11,10,9,9],"9":[5,4],"10":[1,4],"11":[0,8],"12":[0,8],"13":[8,8,2],"14":[2,6],"15":[2,1],"16":[1,1],"17":[1,0],"18":[1,0],"19":[1,0],"20":[1,0],"21":[2,2],"22":[2,2],"23":[0,0],"24":[0,0],"25":[0,0],"26":[0,0,0],"27":[1,6],"28":[1,5],"29":[1,4],"30":[2,2],"31":[1,1],"32":[0,2],"33":[0,0],"34":[2,0],"35":[2,0],"36":[2,0],"37":[0,2],"38":[1,1],"39":[0,0],"40":[0,0],"41":[0,0],"42":[0,0],"43":[0,0],"44":[0,0]},"_coverageSchema":"1a1c01bbd47fc00a2c39e90264f33305004495a9","hash":"c5a65c54f05bd6d38ea835afcd692c892ef6a9c0"}
,"C:\\hanheobeou\\NodeJSproject\\HotelManagement\\server\\main-services\\booking-service\\constants\\cancellationReason.js": {"path":"C:\\hanheobeou\\NodeJSproject\\HotelManagement\\server\\main-services\\booking-service\\constants\\cancellationReason.js","statementMap":{"0":{"start":{"line":1,"column":42},"end":{"line":10,"column":1}}},"fnMap":{},"branchMap":{},"s":{"0":3},"f":{},"b":{},"_coverageSchema":"1a1c01bbd47fc00a2c39e90264f33305004495a9","hash":"d54856fd5ad7878f7910a054a69575d0dee76fdb"}
,"C:\\hanheobeou\\NodeJSproject\\HotelManagement\\server\\main-services\\booking-service\\services\\bookingService.js": {"path":"C:\\hanheobeou\\NodeJSproject\\HotelManagement\\server\\main-services\\booking-service\\services\\bookingService.js","statementMap":{"0":{"start":{"line":15,"column":8},"end":{"line":15,"column":31}},"1":{"start":{"line":16,"column":8},"end":{"line":16,"column":43}},"2":{"start":{"line":17,"column":8},"end":{"line":17,"column":49}},"3":{"start":{"line":18,"column":8},"end":{"line":18,"column":55}},"4":{"start":{"line":19,"column":8},"end":{"line":19,"column":33}},"5":{"start":{"line":20,"column":8},"end":{"line":20,"column":49}},"6":{"start":{"line":21,"column":8},"end":{"line":21,"column":65}},"7":{"start":{"line":26,"column":17},"end":{"line":38,"column":5}},"8":{"start":{"line":27,"column":19},"end":{"line":27,"column":45}},"9":{"start":{"line":28,"column":19},"end":{"line":28,"column":46}},"10":{"start":{"line":29,"column":21},"end":{"line":29,"column":76}},"11":{"start":{"line":30,"column":21},"end":{"line":30,"column":76}},"12":{"start":{"line":31,"column":23},"end":{"line":31,"column":72}},"13":{"start":{"line":33,"column":8},"end":{"line":35,"column":9}},"14":{"start":{"line":34,"column":12},"end":{"line":34,"column":71}},"15":{"start":{"line":37,"column":8},"end":{"line":37,"column":22}},"16":{"start":{"line":40,"column":29},"end":{"line":56,"column":5}},"17":{"start":{"line":41,"column":8},"end":{"line":43,"column":9}},"18":{"start":{"line":41,"column":31},"end":{"line":41,"column":55}},"19":{"start":{"line":42,"column":12},"end":{"line":42,"column":31}},"20":{"start":{"line":45,"column":8},"end":{"line":49,"column":9}},"21":{"start":{"line":46,"column":12},"end":{"line":46,"column":59}},"22":{"start":{"line":48,"column":12},"end":{"line":48,"column":31}},"23":{"start":{"line":51,"column":8},"end":{"line":53,"column":9}},"24":{"start":{"line":51,"column":30},"end":{"line":51,"column":55}},"25":{"start":{"line":52,"column":12},"end":{"line":52,"column":33}},"26":{"start":{"line":55,"column":8},"end":{"line":55,"column":27}},"27":{"start":{"line":58,"column":29},"end":{"line":223,"column":5}},"28":{"start":{"line":59,"column":8},"end":{"line":222,"column":9}},"29":{"start":{"line":60,"column":28},"end":{"line":60,"column":67}},"30":{"start":{"line":61,"column":12},"end":{"line":63,"column":13}},"31":{"start":{"line":62,"column":16},"end":{"line":62,"column":69}},"32":{"start":{"line":65,"column":12},"end":{"line":67,"column":13}},"33":{"start":{"line":66,"column":16},"end":{"line":66,"column":70}},"34":{"start":{"line":69,"column":35},"end":{"line":69,"column":80}},"35":{"start":{"line":70,"column":12},"end":{"line":72,"column":13}},"36":{"start":{"line":71,"column":16},"end":{"line":71,"column":63}},"37":{"start":{"line":74,"column":12},"end":{"line":102,"column":13}},"38":{"start":{"line":75,"column":34},"end":{"line":89,"column":17}},"39":{"start":{"line":91,"column":16},"end":{"line":101,"column":17}},"40":{"start":{"line":92,"column":38},"end":{"line":95,"column":21}},"41":{"start":{"line":96,"column":20},"end":{"line":97,"column":65}},"42":{"start":{"line":97,"column":24},"end":{"line":97,"column":65}},"43":{"start":{"line":99,"column":20},"end":{"line":100,"column":116}},"44":{"start":{"line":104,"column":28},"end":{"line":104,"column":64}},"45":{"start":{"line":104,"column":53},"end":{"line":104,"column":63}},"46":{"start":{"line":106,"column":36},"end":{"line":117,"column":13}},"47":{"start":{"line":118,"column":12},"end":{"line":118,"column":83}},"48":{"start":{"line":118,"column":42},"end":{"line":118,"column":83}},"49":{"start":{"line":120,"column":35},"end":{"line":130,"column":13}},"50":{"start":{"line":131,"column":12},"end":{"line":131,"column":81}},"51":{"start":{"line":131,"column":41},"end":{"line":131,"column":81}},"52":{"start":{"line":133,"column":29},"end":{"line":142,"column":15}},"53":{"start":{"line":133,"column":55},"end":{"line":142,"column":13}},"54":{"start":{"line":143,"column":35},"end":{"line":146,"column":13}},"55":{"start":{"line":147,"column":12},"end":{"line":147,"column":81}},"56":{"start":{"line":147,"column":41},"end":{"line":147,"column":81}},"57":{"start":{"line":150,"column":12},"end":{"line":150,"column":41}},"58":{"start":{"line":151,"column":12},"end":{"line":151,"column":33}},"59":{"start":{"line":153,"column":12},"end":{"line":156,"column":14}},"60":{"start":{"line":158,"column":12},"end":{"line":166,"column":15}},"61":{"start":{"line":168,"column":12},"end":{"line":175,"column":14}},"62":{"start":{"line":177,"column":12},"end":{"line":177,"column":88}},"63":{"start":{"line":178,"column":12},"end":{"line":181,"column":15}},"64":{"start":{"line":184,"column":12},"end":{"line":215,"column":108}},"65":{"start":{"line":189,"column":38},"end":{"line":189,"column":40}},"66":{"start":{"line":190,"column":16},"end":{"line":197,"column":17}},"67":{"start":{"line":191,"column":20},"end":{"line":196,"column":24}},"68":{"start":{"line":198,"column":16},"end":{"line":205,"column":17}},"69":{"start":{"line":199,"column":20},"end":{"line":204,"column":24}},"70":{"start":{"line":206,"column":16},"end":{"line":213,"column":17}},"71":{"start":{"line":207,"column":20},"end":{"line":212,"column":24}},"72":{"start":{"line":214,"column":16},"end":{"line":214,"column":50}},"73":{"start":{"line":215,"column":28},"end":{"line":215,"column":106}},"74":{"start":{"line":217,"column":12},"end":{"line":217,"column":27}},"75":{"start":{"line":220,"column":12},"end":{"line":220,"column":81}},"76":{"start":{"line":221,"column":12},"end":{"line":221,"column":24}},"77":{"start":{"line":225,"column":33},"end":{"line":283,"column":5}},"78":{"start":{"line":226,"column":24},"end":{"line":226,"column":47}},"79":{"start":{"line":227,"column":21},"end":{"line":227,"column":52}},"80":{"start":{"line":229,"column":28},"end":{"line":229,"column":98}},"81":{"start":{"line":229,"column":54},"end":{"line":229,"column":79}},"82":{"start":{"line":230,"column":28},"end":{"line":230,"column":97}},"83":{"start":{"line":230,"column":54},"end":{"line":230,"column":78}},"84":{"start":{"line":233,"column":8},"end":{"line":234,"column":44}},"85":{"start":{"line":234,"column":12},"end":{"line":234,"column":44}},"86":{"start":{"line":236,"column":43},"end":{"line":274,"column":10}},"87":{"start":{"line":239,"column":28},"end":{"line":239,"column":30}},"88":{"start":{"line":240,"column":16},"end":{"line":240,"column":57}},"89":{"start":{"line":240,"column":46},"end":{"line":240,"column":57}},"90":{"start":{"line":241,"column":30},"end":{"line":244,"column":17}},"91":{"start":{"line":245,"column":16},"end":{"line":252,"column":17}},"92":{"start":{"line":246,"column":32},"end":{"line":246,"column":51}},"93":{"start":{"line":247,"column":20},"end":{"line":251,"column":22}},"94":{"start":{"line":253,"column":16},"end":{"line":253,"column":27}},"95":{"start":{"line":258,"column":28},"end":{"line":258,"column":30}},"96":{"start":{"line":259,"column":16},"end":{"line":259,"column":57}},"97":{"start":{"line":259,"column":46},"end":{"line":259,"column":57}},"98":{"start":{"line":260,"column":30},"end":{"line":263,"column":17}},"99":{"start":{"line":264,"column":16},"end":{"line":271,"column":17}},"100":{"start":{"line":265,"column":32},"end":{"line":265,"column":51}},"101":{"start":{"line":266,"column":20},"end":{"line":270,"column":22}},"102":{"start":{"line":272,"column":16},"end":{"line":272,"column":27}},"103":{"start":{"line":276,"column":24},"end":{"line":280,"column":11}},"104":{"start":{"line":276,"column":45},"end":{"line":280,"column":9}},"105":{"start":{"line":282,"column":8},"end":{"line":282,"column":46}},"106":{"start":{"line":285,"column":19},"end":{"line":325,"column":5}},"107":{"start":{"line":286,"column":24},"end":{"line":286,"column":53}},"108":{"start":{"line":287,"column":21},"end":{"line":287,"column":64}},"109":{"start":{"line":289,"column":24},"end":{"line":293,"column":10}},"110":{"start":{"line":291,"column":26},"end":{"line":291,"column":47}},"111":{"start":{"line":295,"column":22},"end":{"line":295,"column":24}},"112":{"start":{"line":297,"column":8},"end":{"line":317,"column":9}},"113":{"start":{"line":298,"column":26},"end":{"line":301,"column":13}},"114":{"start":{"line":303,"column":12},"end":{"line":316,"column":13}},"115":{"start":{"line":304,"column":16},"end":{"line":315,"column":17}},"116":{"start":{"line":319,"column":24},"end":{"line":322,"column":11}},"117":{"start":{"line":319,"column":45},"end":{"line":322,"column":9}},"118":{"start":{"line":324,"column":8},"end":{"line":324,"column":46}},"119":{"start":{"line":327,"column":23},"end":{"line":338,"column":5}},"120":{"start":{"line":328,"column":30},"end":{"line":331,"column":9}},"121":{"start":{"line":333,"column":8},"end":{"line":334,"column":51}},"122":{"start":{"line":334,"column":12},"end":{"line":334,"column":51}},"123":{"start":{"line":336,"column":25},"end":{"line":336,"column":47}},"124":{"start":{"line":337,"column":8},"end":{"line":337,"column":24}},"125":{"start":{"line":340,"column":27},"end":{"line":350,"column":5}},"126":{"start":{"line":341,"column":30},"end":{"line":344,"column":9}},"127":{"start":{"line":346,"column":8},"end":{"line":346,"column":89}},"128":{"start":{"line":346,"column":34},"end":{"line":346,"column":89}},"129":{"start":{"line":348,"column":25},"end":{"line":348,"column":47}},"130":{"start":{"line":349,"column":8},"end":{"line":349,"column":24}},"131":{"start":{"line":352,"column":23},"end":{"line":362,"column":5}},"132":{"start":{"line":353,"column":30},"end":{"line":356,"column":9}},"133":{"start":{"line":358,"column":8},"end":{"line":358,"column":89}},"134":{"start":{"line":358,"column":34},"end":{"line":358,"column":89}},"135":{"start":{"line":360,"column":25},"end":{"line":360,"column":47}},"136":{"start":{"line":361,"column":8},"end":{"line":361,"column":24}},"137":{"start":{"line":364,"column":24},"end":{"line":376,"column":5}},"138":{"start":{"line":365,"column":29},"end":{"line":367,"column":9}},"139":{"start":{"line":370,"column":8},"end":{"line":373,"column":9}},"140":{"start":{"line":371,"column":12},"end":{"line":371,"column":49}},"141":{"start":{"line":372,"column":12},"end":{"line":372,"column":58}},"142":{"start":{"line":372,"column":51},"end":{"line":372,"column":56}},"143":{"start":{"line":375,"column":8},"end":{"line":375,"column":48}},"144":{"start":{"line":379,"column":20},"end":{"line":634,"column":5}},"145":{"start":{"line":380,"column":8},"end":{"line":633,"column":9}},"146":{"start":{"line":382,"column":83},"end":{"line":382,"column":87}},"147":{"start":{"line":385,"column":12},"end":{"line":387,"column":13}},"148":{"start":{"line":386,"column":16},"end":{"line":386,"column":76}},"149":{"start":{"line":388,"column":12},"end":{"line":390,"column":13}},"150":{"start":{"line":389,"column":16},"end":{"line":389,"column":63}},"151":{"start":{"line":392,"column":41},"end":{"line":395,"column":14}},"152":{"start":{"line":397,"column":12},"end":{"line":399,"column":13}},"153":{"start":{"line":398,"column":16},"end":{"line":398,"column":63}},"154":{"start":{"line":401,"column":12},"end":{"line":403,"column":13}},"155":{"start":{"line":402,"column":16},"end":{"line":402,"column":91}},"156":{"start":{"line":405,"column":12},"end":{"line":407,"column":13}},"157":{"start":{"line":406,"column":16},"end":{"line":406,"column":90}},"158":{"start":{"line":409,"column":12},"end":{"line":411,"column":13}},"159":{"start":{"line":410,"column":16},"end":{"line":410,"column":84}},"160":{"start":{"line":413,"column":12},"end":{"line":415,"column":13}},"161":{"start":{"line":414,"column":16},"end":{"line":414,"column":83}},"162":{"start":{"line":417,"column":12},"end":{"line":432,"column":13}},"163":{"start":{"line":418,"column":16},"end":{"line":420,"column":17}},"164":{"start":{"line":419,"column":20},"end":{"line":419,"column":62}},"165":{"start":{"line":422,"column":34},"end":{"line":425,"column":17}},"166":{"start":{"line":426,"column":16},"end":{"line":427,"column":91}},"167":{"start":{"line":427,"column":20},"end":{"line":427,"column":91}},"168":{"start":{"line":429,"column":16},"end":{"line":431,"column":17}},"169":{"start":{"line":430,"column":20},"end":{"line":430,"column":93}},"170":{"start":{"line":434,"column":32},"end":{"line":437,"column":17}},"171":{"start":{"line":435,"column":31},"end":{"line":435,"column":83}},"172":{"start":{"line":436,"column":16},"end":{"line":436,"column":51}},"173":{"start":{"line":439,"column":27},"end":{"line":439,"column":31}},"174":{"start":{"line":440,"column":35},"end":{"line":440,"column":39}},"175":{"start":{"line":441,"column":33},"end":{"line":441,"column":34}},"176":{"start":{"line":442,"column":12},"end":{"line":479,"column":13}},"177":{"start":{"line":443,"column":16},"end":{"line":445,"column":17}},"178":{"start":{"line":444,"column":20},"end":{"line":444,"column":66}},"179":{"start":{"line":447,"column":38},"end":{"line":450,"column":17}},"180":{"start":{"line":451,"column":16},"end":{"line":452,"column":66}},"181":{"start":{"line":452,"column":20},"end":{"line":452,"column":66}},"182":{"start":{"line":454,"column":16},"end":{"line":454,"column":50}},"183":{"start":{"line":455,"column":16},"end":{"line":457,"column":17}},"184":{"start":{"line":456,"column":20},"end":{"line":456,"column":70}},"185":{"start":{"line":459,"column":28},"end":{"line":459,"column":38}},"186":{"start":{"line":460,"column":16},"end":{"line":462,"column":17}},"187":{"start":{"line":461,"column":20},"end":{"line":461,"column":86}},"188":{"start":{"line":464,"column":16},"end":{"line":471,"column":17}},"189":{"start":{"line":465,"column":20},"end":{"line":465,"column":93}},"190":{"start":{"line":466,"column":20},"end":{"line":468,"column":21}},"191":{"start":{"line":467,"column":24},"end":{"line":467,"column":72}},"192":{"start":{"line":470,"column":20},"end":{"line":470,"column":61}},"193":{"start":{"line":473,"column":16},"end":{"line":478,"column":18}},"194":{"start":{"line":481,"column":31},"end":{"line":481,"column":43}},"195":{"start":{"line":482,"column":32},"end":{"line":482,"column":71}},"196":{"start":{"line":483,"column":32},"end":{"line":483,"column":45}},"197":{"start":{"line":484,"column":32},"end":{"line":484,"column":71}},"198":{"start":{"line":486,"column":28},"end":{"line":497,"column":14}},"199":{"start":{"line":500,"column":33},"end":{"line":500,"column":72}},"200":{"start":{"line":501,"column":35},"end":{"line":508,"column":15}},"201":{"start":{"line":501,"column":54},"end":{"line":508,"column":13}},"202":{"start":{"line":509,"column":12},"end":{"line":509,"column":64}},"203":{"start":{"line":512,"column":31},"end":{"line":516,"column":71}},"204":{"start":{"line":518,"column":12},"end":{"line":525,"column":15}},"205":{"start":{"line":527,"column":28},"end":{"line":527,"column":64}},"206":{"start":{"line":527,"column":53},"end":{"line":527,"column":63}},"207":{"start":{"line":528,"column":30},"end":{"line":528,"column":62}},"208":{"start":{"line":530,"column":36},"end":{"line":539,"column":13}},"209":{"start":{"line":540,"column":12},"end":{"line":540,"column":83}},"210":{"start":{"line":540,"column":42},"end":{"line":540,"column":83}},"211":{"start":{"line":542,"column":29},"end":{"line":553,"column":15}},"212":{"start":{"line":542,"column":55},"end":{"line":553,"column":13}},"213":{"start":{"line":554,"column":35},"end":{"line":559,"column":13}},"214":{"start":{"line":560,"column":12},"end":{"line":560,"column":81}},"215":{"start":{"line":560,"column":41},"end":{"line":560,"column":81}},"216":{"start":{"line":563,"column":29},"end":{"line":563,"column":46}},"217":{"start":{"line":564,"column":34},"end":{"line":564,"column":54}},"218":{"start":{"line":565,"column":32},"end":{"line":565,"column":40}},"219":{"start":{"line":566,"column":30},"end":{"line":566,"column":70}},"220":{"start":{"line":568,"column":34},"end":{"line":568,"column":74}},"221":{"start":{"line":570,"column":33},"end":{"line":586,"column":13}},"222":{"start":{"line":587,"column":12},"end":{"line":587,"column":77}},"223":{"start":{"line":587,"column":39},"end":{"line":587,"column":77}},"224":{"start":{"line":589,"column":12},"end":{"line":589,"column":57}},"225":{"start":{"line":590,"column":12},"end":{"line":590,"column":55}},"226":{"start":{"line":593,"column":12},"end":{"line":626,"column":107}},"227":{"start":{"line":597,"column":45},"end":{"line":599,"column":24}},"228":{"start":{"line":598,"column":74},"end":{"line":598,"column":83}},"229":{"start":{"line":600,"column":38},"end":{"line":600,"column":40}},"230":{"start":{"line":601,"column":16},"end":{"line":608,"column":17}},"231":{"start":{"line":602,"column":20},"end":{"line":607,"column":24}},"232":{"start":{"line":609,"column":16},"end":{"line":616,"column":17}},"233":{"start":{"line":610,"column":20},"end":{"line":615,"column":24}},"234":{"start":{"line":617,"column":16},"end":{"line":624,"column":17}},"235":{"start":{"line":618,"column":20},"end":{"line":623,"column":24}},"236":{"start":{"line":625,"column":16},"end":{"line":625,"column":50}},"237":{"start":{"line":626,"column":28},"end":{"line":626,"column":105}},"238":{"start":{"line":628,"column":12},"end":{"line":628,"column":27}},"239":{"start":{"line":631,"column":12},"end":{"line":631,"column":70}},"240":{"start":{"line":632,"column":12},"end":{"line":632,"column":24}},"241":{"start":{"line":636,"column":21},"end":{"line":644,"column":5}},"242":{"start":{"line":637,"column":8},"end":{"line":643,"column":9}},"243":{"start":{"line":638,"column":28},"end":{"line":638,"column":84}},"244":{"start":{"line":639,"column":12},"end":{"line":639,"column":27}},"245":{"start":{"line":641,"column":12},"end":{"line":641,"column":68}},"246":{"start":{"line":642,"column":12},"end":{"line":642,"column":24}},"247":{"start":{"line":646,"column":21},"end":{"line":703,"column":5}},"248":{"start":{"line":647,"column":8},"end":{"line":702,"column":9}},"249":{"start":{"line":648,"column":29},"end":{"line":648,"column":64}},"250":{"start":{"line":649,"column":27},"end":{"line":649,"column":52}},"251":{"start":{"line":650,"column":12},"end":{"line":650,"column":38}},"252":{"start":{"line":650,"column":24},"end":{"line":650,"column":38}},"253":{"start":{"line":652,"column":44},"end":{"line":652,"column":49}},"254":{"start":{"line":653,"column":27},"end":{"line":653,"column":29}},"255":{"start":{"line":655,"column":12},"end":{"line":655,"column":62}},"256":{"start":{"line":655,"column":29},"end":{"line":655,"column":62}},"257":{"start":{"line":656,"column":12},"end":{"line":656,"column":47}},"258":{"start":{"line":656,"column":24},"end":{"line":656,"column":47}},"259":{"start":{"line":658,"column":29},"end":{"line":661,"column":23}},"260":{"start":{"line":663,"column":12},"end":{"line":667,"column":13}},"261":{"start":{"line":664,"column":38},"end":{"line":664,"column":64}},"262":{"start":{"line":665,"column":16},"end":{"line":665,"column":61}},"263":{"start":{"line":666,"column":16},"end":{"line":666,"column":37}},"264":{"start":{"line":669,"column":31},"end":{"line":669,"column":55}},"265":{"start":{"line":669,"column":49},"end":{"line":669,"column":54}},"266":{"start":{"line":671,"column":56},"end":{"line":676,"column":14}},"267":{"start":{"line":678,"column":37},"end":{"line":678,"column":76}},"268":{"start":{"line":680,"column":37},"end":{"line":680,"column":39}},"269":{"start":{"line":681,"column":12},"end":{"line":688,"column":15}},"270":{"start":{"line":682,"column":28},"end":{"line":682,"column":56}},"271":{"start":{"line":684,"column":16},"end":{"line":685,"column":47}},"272":{"start":{"line":685,"column":20},"end":{"line":685,"column":47}},"273":{"start":{"line":687,"column":16},"end":{"line":687,"column":51}},"274":{"start":{"line":690,"column":27},"end":{"line":693,"column":15}},"275":{"start":{"line":690,"column":61},"end":{"line":693,"column":13}},"276":{"start":{"line":695,"column":29},"end":{"line":695,"column":82}},"277":{"start":{"line":696,"column":12},"end":{"line":696,"column":52}},"278":{"start":{"line":697,"column":12},"end":{"line":697,"column":28}},"279":{"start":{"line":700,"column":12},"end":{"line":700,"column":74}},"280":{"start":{"line":701,"column":12},"end":{"line":701,"column":24}},"281":{"start":{"line":705,"column":23},"end":{"line":748,"column":5}},"282":{"start":{"line":706,"column":8},"end":{"line":747,"column":9}},"283":{"start":{"line":707,"column":12},"end":{"line":709,"column":13}},"284":{"start":{"line":708,"column":16},"end":{"line":708,"column":60}},"285":{"start":{"line":711,"column":29},"end":{"line":711,"column":55}},"286":{"start":{"line":712,"column":27},"end":{"line":712,"column":52}},"287":{"start":{"line":713,"column":12},"end":{"line":713,"column":38}},"288":{"start":{"line":713,"column":24},"end":{"line":713,"column":38}},"289":{"start":{"line":715,"column":46},"end":{"line":718,"column":14}},"290":{"start":{"line":720,"column":12},"end":{"line":722,"column":13}},"291":{"start":{"line":721,"column":16},"end":{"line":721,"column":59}},"292":{"start":{"line":724,"column":57},"end":{"line":727,"column":14}},"293":{"start":{"line":729,"column":26},"end":{"line":738,"column":15}},"294":{"start":{"line":729,"column":58},"end":{"line":738,"column":13}},"295":{"start":{"line":740,"column":35},"end":{"line":740,"column":71}},"296":{"start":{"line":741,"column":12},"end":{"line":741,"column":58}},"297":{"start":{"line":742,"column":12},"end":{"line":742,"column":34}},"298":{"start":{"line":745,"column":12},"end":{"line":745,"column":72}},"299":{"start":{"line":746,"column":12},"end":{"line":746,"column":24}},"300":{"start":{"line":750,"column":26},"end":{"line":1035,"column":5}},"301":{"start":{"line":751,"column":8},"end":{"line":1034,"column":9}},"302":{"start":{"line":752,"column":31},"end":{"line":752,"column":36}},"303":{"start":{"line":753,"column":36},"end":{"line":753,"column":113}},"304":{"start":{"line":755,"column":12},"end":{"line":757,"column":13}},"305":{"start":{"line":756,"column":16},"end":{"line":756,"column":70}},"306":{"start":{"line":759,"column":28},"end":{"line":759,"column":66}},"307":{"start":{"line":760,"column":12},"end":{"line":762,"column":13}},"308":{"start":{"line":761,"column":16},"end":{"line":761,"column":69}},"309":{"start":{"line":764,"column":34},"end":{"line":764,"column":48}},"310":{"start":{"line":765,"column":36},"end":{"line":772,"column":13}},"311":{"start":{"line":774,"column":12},"end":{"line":776,"column":13}},"312":{"start":{"line":775,"column":16},"end":{"line":775,"column":92}},"313":{"start":{"line":778,"column":35},"end":{"line":778,"column":79}},"314":{"start":{"line":779,"column":24},"end":{"line":779,"column":34}},"315":{"start":{"line":780,"column":28},"end":{"line":780,"column":64}},"316":{"start":{"line":780,"column":53},"end":{"line":780,"column":63}},"317":{"start":{"line":781,"column":30},"end":{"line":781,"column":62}},"318":{"start":{"line":783,"column":32},"end":{"line":797,"column":13}},"319":{"start":{"line":784,"column":38},"end":{"line":795,"column":17}},"320":{"start":{"line":796,"column":16},"end":{"line":796,"column":46}},"321":{"start":{"line":799,"column":12},"end":{"line":807,"column":14}},"322":{"start":{"line":809,"column":12},"end":{"line":966,"column":13}},"323":{"start":{"line":813,"column":20},"end":{"line":829,"column":21}},"324":{"start":{"line":814,"column":47},"end":{"line":827,"column":25}},"325":{"start":{"line":828,"column":24},"end":{"line":828,"column":93}},"326":{"start":{"line":828,"column":53},"end":{"line":828,"column":93}},"327":{"start":{"line":831,"column":46},"end":{"line":838,"column":23}},"328":{"start":{"line":831,"column":72},"end":{"line":838,"column":21}},"329":{"start":{"line":839,"column":43},"end":{"line":842,"column":22}},"330":{"start":{"line":843,"column":20},"end":{"line":843,"column":89}},"331":{"start":{"line":843,"column":49},"end":{"line":843,"column":89}},"332":{"start":{"line":845,"column":20},"end":{"line":845,"column":26}},"333":{"start":{"line":848,"column":20},"end":{"line":875,"column":21}},"334":{"start":{"line":849,"column":41},"end":{"line":854,"column":25}},"335":{"start":{"line":856,"column":24},"end":{"line":858,"column":25}},"336":{"start":{"line":857,"column":28},"end":{"line":857,"column":90}},"337":{"start":{"line":860,"column":40},"end":{"line":869,"column":25}},"338":{"start":{"line":870,"column":47},"end":{"line":873,"column":26}},"339":{"start":{"line":874,"column":24},"end":{"line":874,"column":93}},"340":{"start":{"line":874,"column":53},"end":{"line":874,"column":93}},"341":{"start":{"line":876,"column":20},"end":{"line":876,"column":26}},"342":{"start":{"line":880,"column":20},"end":{"line":923,"column":21}},"343":{"start":{"line":881,"column":41},"end":{"line":886,"column":25}},"344":{"start":{"line":887,"column":24},"end":{"line":889,"column":25}},"345":{"start":{"line":888,"column":28},"end":{"line":888,"column":97}},"346":{"start":{"line":891,"column":47},"end":{"line":905,"column":25}},"347":{"start":{"line":906,"column":24},"end":{"line":906,"column":93}},"348":{"start":{"line":906,"column":53},"end":{"line":906,"column":93}},"349":{"start":{"line":908,"column":40},"end":{"line":917,"column":25}},"350":{"start":{"line":918,"column":47},"end":{"line":921,"column":26}},"351":{"start":{"line":922,"column":24},"end":{"line":922,"column":93}},"352":{"start":{"line":922,"column":53},"end":{"line":922,"column":93}},"353":{"start":{"line":925,"column":20},"end":{"line":925,"column":26}},"354":{"start":{"line":929,"column":20},"end":{"line":963,"column":21}},"355":{"start":{"line":930,"column":47},"end":{"line":944,"column":25}},"356":{"start":{"line":945,"column":24},"end":{"line":945,"column":93}},"357":{"start":{"line":945,"column":53},"end":{"line":945,"column":93}},"358":{"start":{"line":947,"column":44},"end":{"line":947,"column":88}},"359":{"start":{"line":948,"column":40},"end":{"line":957,"column":25}},"360":{"start":{"line":958,"column":47},"end":{"line":961,"column":26}},"361":{"start":{"line":962,"column":24},"end":{"line":962,"column":93}},"362":{"start":{"line":962,"column":53},"end":{"line":962,"column":93}},"363":{"start":{"line":964,"column":20},"end":{"line":964,"column":26}},"364":{"start":{"line":968,"column":28},"end":{"line":968,"column":94}},"365":{"start":{"line":969,"column":12},"end":{"line":971,"column":13}},"366":{"start":{"line":970,"column":16},"end":{"line":970,"column":63}},"367":{"start":{"line":973,"column":12},"end":{"line":980,"column":15}},"368":{"start":{"line":982,"column":12},"end":{"line":982,"column":36}},"369":{"start":{"line":983,"column":12},"end":{"line":983,"column":33}},"370":{"start":{"line":985,"column":12},"end":{"line":988,"column":15}},"371":{"start":{"line":991,"column":33},"end":{"line":994,"column":13}},"372":{"start":{"line":995,"column":32},"end":{"line":995,"column":62}},"373":{"start":{"line":996,"column":12},"end":{"line":1027,"column":113}},"374":{"start":{"line":1001,"column":38},"end":{"line":1001,"column":40}},"375":{"start":{"line":1002,"column":16},"end":{"line":1009,"column":17}},"376":{"start":{"line":1003,"column":20},"end":{"line":1008,"column":24}},"377":{"start":{"line":1010,"column":16},"end":{"line":1017,"column":17}},"378":{"start":{"line":1011,"column":20},"end":{"line":1016,"column":24}},"379":{"start":{"line":1018,"column":16},"end":{"line":1025,"column":17}},"380":{"start":{"line":1019,"column":20},"end":{"line":1024,"column":24}},"381":{"start":{"line":1026,"column":16},"end":{"line":1026,"column":50}},"382":{"start":{"line":1027,"column":28},"end":{"line":1027,"column":111}},"383":{"start":{"line":1029,"column":12},"end":{"line":1029,"column":37}},"384":{"start":{"line":1032,"column":12},"end":{"line":1032,"column":80}},"385":{"start":{"line":1033,"column":12},"end":{"line":1033,"column":24}},"386":{"start":{"line":1037,"column":24},"end":{"line":1094,"column":5}},"387":{"start":{"line":1038,"column":8},"end":{"line":1093,"column":9}},"388":{"start":{"line":1039,"column":67},"end":{"line":1039,"column":71}},"389":{"start":{"line":1041,"column":28},"end":{"line":1041,"column":66}},"390":{"start":{"line":1042,"column":12},"end":{"line":1043,"column":69}},"391":{"start":{"line":1043,"column":16},"end":{"line":1043,"column":69}},"392":{"start":{"line":1045,"column":12},"end":{"line":1046,"column":61}},"393":{"start":{"line":1046,"column":16},"end":{"line":1046,"column":61}},"394":{"start":{"line":1048,"column":12},"end":{"line":1049,"column":75}},"395":{"start":{"line":1049,"column":16},"end":{"line":1049,"column":75}},"396":{"start":{"line":1051,"column":12},"end":{"line":1052,"column":65}},"397":{"start":{"line":1052,"column":16},"end":{"line":1052,"column":65}},"398":{"start":{"line":1054,"column":35},"end":{"line":1054,"column":37}},"399":{"start":{"line":1056,"column":12},"end":{"line":1073,"column":13}},"400":{"start":{"line":1057,"column":34},"end":{"line":1060,"column":17}},"401":{"start":{"line":1061,"column":16},"end":{"line":1063,"column":17}},"402":{"start":{"line":1062,"column":20},"end":{"line":1062,"column":80}},"403":{"start":{"line":1065,"column":16},"end":{"line":1072,"column":19}},"404":{"start":{"line":1074,"column":12},"end":{"line":1074,"column":64}},"405":{"start":{"line":1076,"column":12},"end":{"line":1078,"column":14}},"406":{"start":{"line":1077,"column":69},"end":{"line":1077,"column":97}},"407":{"start":{"line":1079,"column":12},"end":{"line":1081,"column":14}},"408":{"start":{"line":1080,"column":70},"end":{"line":1080,"column":99}},"409":{"start":{"line":1083,"column":12},"end":{"line":1083,"column":33}},"410":{"start":{"line":1084,"column":12},"end":{"line":1087,"column":15}},"411":{"start":{"line":1088,"column":12},"end":{"line":1088,"column":37}},"412":{"start":{"line":1091,"column":12},"end":{"line":1091,"column":80}},"413":{"start":{"line":1092,"column":12},"end":{"line":1092,"column":22}},"414":{"start":{"line":1097,"column":27},"end":{"line":1255,"column":5}},"415":{"start":{"line":1098,"column":8},"end":{"line":1254,"column":9}},"416":{"start":{"line":1099,"column":24},"end":{"line":1099,"column":34}},"417":{"start":{"line":1101,"column":28},"end":{"line":1101,"column":73}},"418":{"start":{"line":1102,"column":12},"end":{"line":1104,"column":13}},"419":{"start":{"line":1103,"column":16},"end":{"line":1103,"column":59}},"420":{"start":{"line":1106,"column":27},"end":{"line":1109,"column":14}},"421":{"start":{"line":1111,"column":12},"end":{"line":1113,"column":13}},"422":{"start":{"line":1112,"column":16},"end":{"line":1112,"column":71}},"423":{"start":{"line":1115,"column":12},"end":{"line":1117,"column":13}},"424":{"start":{"line":1116,"column":16},"end":{"line":1116,"column":99}},"425":{"start":{"line":1119,"column":30},"end":{"line":1122,"column":13}},"426":{"start":{"line":1123,"column":12},"end":{"line":1125,"column":13}},"427":{"start":{"line":1124,"column":16},"end":{"line":1124,"column":74}},"428":{"start":{"line":1126,"column":25},"end":{"line":1126,"column":39}},"429":{"start":{"line":1129,"column":32},"end":{"line":1144,"column":13}},"430":
[...]
column":17}},{"start":{},"end":{}}],"line":850},"128":{"loc":{"start":{"line":860,"column":38},"end":{"line":860,"column":84}},"type":"binary-expr","locations":[{"start":{"line":860,"column":38},"end":{"line":860,"column":55}},{"start":{"line":860,"column":59},"end":{"line":860,"column":75}},{"start":{"line":860,"column":79},"end":{"line":860,"column":84}}],"line":860},"129":{"loc":{"start":{"line":862,"column":16},"end":{"line":863,"column":60}},"type":"if","locations":[{"start":{"line":862,"column":16},"end":{"line":863,"column":60}},{"start":{},"end":{}}],"line":862},"130":{"loc":{"start":{"line":865,"column":16},"end":{"line":867,"column":17}},"type":"if","locations":[{"start":{"line":865,"column":16},"end":{"line":867,"column":17}},{"start":{},"end":{}}],"line":865},"131":{"loc":{"start":{"line":865,"column":20},"end":{"line":865,"column":110}},"type":"binary-expr","locations":[{"start":{"line":865,"column":20},"end":{"line":865,"column":43}},{"start":{"line":865,"column":47},"end":{"line":865,"column":110}}],"line":865},"132":{"loc":{"start":{"line":869,"column":16},"end":{"line":886,"column":17}},"type":"if","locations":[{"start":{"line":869,"column":16},"end":{"line":886,"column":17}},{"start":{"line":875,"column":23},"end":{"line":886,"column":17}}],"line":869},"133":{"loc":{"start":{"line":870,"column":20},"end":{"line":871,"column":74}},"type":"if","locations":[{"start":{"line":870,"column":20},"end":{"line":871,"column":74}},{"start":{},"end":{}}],"line":870},"134":{"loc":{"start":{"line":873,"column":20},"end":{"line":874,"column":90}},"type":"if","locations":[{"start":{"line":873,"column":20},"end":{"line":874,"column":90}},{"start":{},"end":{}}],"line":873},"135":{"loc":{"start":{"line":873,"column":24},"end":{"line":873,"column":78}},"type":"binary-expr","locations":[{"start":{"line":873,"column":24},"end":{"line":873,"column":32}},{"start":{"line":873,"column":36},"end":{"line":873,"column":78}}],"line":873},"136":{"loc":{"start":{"line":897,"column":36},"end":{"line":897,"column":75}},"type":"cond-expr","locations":[{"start":{"line":897,"column":49},"end":{"line":897,"column":69}},{"start":{"line":897,"column":72},"end":{"line":897,"column":75}}],"line":897},"137":{"loc":{"start":{"line":898,"column":34},"end":{"line":898,"column":70}},"type":"cond-expr","locations":[{"start":{"line":898,"column":45},"end":{"line":898,"column":63}},{"start":{"line":898,"column":66},"end":{"line":898,"column":70}}],"line":898},"138":{"loc":{"start":{"line":899,"column":30},"end":{"line":899,"column":40}},"type":"binary-expr","locations":[{"start":{"line":899,"column":30},"end":{"line":899,"column":34}},{"start":{"line":899,"column":38},"end":{"line":899,"column":40}}],"line":899},"139":{"loc":{"start":{"line":900,"column":36},"end":{"line":900,"column":57}},"type":"binary-expr","locations":[{"start":{"line":900,"column":36},"end":{"line":900,"column":49}},{"start":{"line":900,"column":53},"end":{"line":900,"column":57}}],"line":900},"140":{"loc":{"start":{"line":933,"column":12},"end":{"line":940,"column":13}},"type":"if","locations":[{"start":{"line":933,"column":12},"end":{"line":940,"column":13}},{"start":{},"end":{}}],"line":933},"141":{"loc":{"start":{"line":937,"column":16},"end":{"line":939,"column":17}},"type":"if","locations":[{"start":{"line":937,"column":16},"end":{"line":939,"column":17}},{"start":{},"end":{}}],"line":937},"142":{"loc":{"start":{"line":952,"column":12},"end":{"line":953,"column":52}},"type":"if","locations":[{"start":{"line":952,"column":12},"end":{"line":953,"column":52}},{"start":{},"end":{}}],"line":952},"143":{"loc":{"start":{"line":956,"column":12},"end":{"line":957,"column":57}},"type":"if","locations":[{"start":{"line":956,"column":12},"end":{"line":957,"column":57}},{"start":{},"end":{}}],"line":956},"144":{"loc":{"start":{"line":960,"column":12},"end":{"line":962,"column":13}},"type":"if","locations":[{"start":{"line":960,"column":12},"end":{"line":962,"column":13}},{"start":{},"end":{}}],"line":960},"145":{"loc":{"start":{"line":984,"column":12},"end":{"line":986,"column":13}},"type":"if","locations":[{"start":{"line":984,"column":12},"end":{"line":986,"column":13}},{"start":{},"end":{}}],"line":984},"146":{"loc":{"start":{"line":988,"column":12},"end":{"line":990,"column":13}},"type":"if","locations":[{"start":{"line":988,"column":12},"end":{"line":990,"column":13}},{"start":{},"end":{}}],"line":988},"147":{"loc":{"start":{"line":1008,"column":32},"end":{"line":1008,"column":46}},"type":"binary-expr","locations":[{"start":{"line":1008,"column":32},"end":{"line":1008,"column":38}},{"start":{"line":1008,"column":42},"end":{"line":1008,"column":46}}],"line":1008},"148":{"loc":{"start":{"line":1034,"column":12},"end":{"line":1036,"column":13}},"type":"if","locations":[{"start":{"line":1034,"column":12},"end":{"line":1036,"column":13}},{"start":{},"end":{}}],"line":1034},"149":{"loc":{"start":{"line":1038,"column":12},"end":{"line":1040,"column":13}},"type":"if","locations":[{"start":{"line":1038,"column":12},"end":{"line":1040,"column":13}},{"start":{},"end":{}}],"line":1038},"150":{"loc":{"start":{"line":1058,"column":32},"end":{"line":1058,"column":46}},"type":"binary-expr","locations":[{"start":{"line":1058,"column":32},"end":{"line":1058,"column":38}},{"start":{"line":1058,"column":42},"end":{"line":1058,"column":46}}],"line":1058},"151":{"loc":{"start":{"line":1080,"column":32},"end":{"line":1080,"column":42}},"type":"default-arg","locations":[{"start":{"line":1080,"column":40},"end":{"line":1080,"column":42}}],"line":1080},"152":{"loc":{"start":{"line":1085,"column":12},"end":{"line":1087,"column":13}},"type":"if","locations":[{"start":{"line":1085,"column":12},"end":{"line":1087,"column":13}},{"start":{},"end":{}}],"line":1085},"153":{"loc":{"start":{"line":1085,"column":16},"end":{"line":1085,"column":67}},"type":"binary-expr","locations":[{"start":{"line":1085,"column":16},"end":{"line":1085,"column":27}},{"start":{"line":1085,"column":31},"end":{"line":1085,"column":67}}],"line":1085},"154":{"loc":{"start":{"line":1099,"column":20},"end":{"line":1113,"column":24}},"type":"cond-expr","locations":[{"start":{"line":1100,"column":22},"end":{"line":1112,"column":21}},{"start":{"line":1113,"column":22},"end":{"line":1113,"column":24}}],"line":1099},"155":{"loc":{"start":{"line":1193,"column":12},"end":{"line":1193,"column":33}},"type":"if","locations":[{"start":{"line":1193,"column":12},"end":{"line":1193,"column":33}},{"start":{},"end":{}}],"line":1193},"156":{"loc":{"start":{"line":1199,"column":16},"end":{"line":1199,"column":63}},"type":"if","locations":[{"start":{"line":1199,"column":16},"end":{"line":1199,"column":63}},{"start":{},"end":{}}],"line":1199},"157":{"loc":{"start":{"line":1202,"column":16},"end":{"line":1203,"column":71}},"type":"binary-expr","locations":[{"start":{"line":1202,"column":16},"end":{"line":1202,"column":64}},{"start":{"line":1203,"column":16},"end":{"line":1203,"column":71}}],"line":1202},"158":{"loc":{"start":{"line":1207,"column":27},"end":{"line":1207,"column":75}},"type":"cond-expr","locations":[{"start":{"line":1207,"column":48},"end":{"line":1207,"column":61}},{"start":{"line":1207,"column":64},"end":{"line":1207,"column":75}}],"line":1207},"159":{"loc":{"start":{"line":1299,"column":47},"end":{"line":1299,"column":59}},"type":"default-arg","locations":[{"start":{"line":1299,"column":57},"end":{"line":1299,"column":59}}],"line":1299},"160":{"loc":{"start":{"line":1309,"column":33},"end":{"line":1309,"column":45}},"type":"default-arg","locations":[{"start":{"line":1309,"column":43},"end":{"line":1309,"column":45}}],"line":1309},"161":{"loc":{"start":{"line":1312,"column":27},"end":{"line":1314,"column":60}},"type":"cond-expr","locations":[{"start":{"line":1313,"column":18},"end":{"line":1313,"column":62}},{"start":{"line":1314,"column":18},"end":{"line":1314,"column":60}}],"line":1312},"162":{"loc":{"start":{"line":1325,"column":26},"end":{"line":1325,"column":37}},"type":"default-arg","locations":[{"start":{"line":1325,"column":35},"end":{"line":1325,"column":37}}],"line":1325},"163":{"loc":{"start":{"line":1325,"column":39},"end":{"line":1325,"column":48}},"type":"default-arg","locations":[{"start":{"line":1325,"column":46},"end":{"line":1325,"column":48}}],"line":1325},"164":{"loc":{"start":{"line":1328,"column":16},"end":{"line":1328,"column":41}},"type":"default-arg","locations":[{"start":{"line":1328,"column":23},"end":{"line":1328,"column":41}}],"line":1328},"165":{"loc":{"start":{"line":1329,"column":16},"end":{"line":1329,"column":25}},"type":"default-arg","locations":[{"start":{"line":1329,"column":24},"end":{"line":1329,"column":25}}],"line":1329},"166":{"loc":{"start":{"line":1330,"column":16},"end":{"line":1330,"column":31}},"type":"default-arg","locations":[{"start":{"line":1330,"column":25},"end":{"line":1330,"column":31}}],"line":1330},"167":{"loc":{"start":{"line":1331,"column":16},"end":{"line":1331,"column":28}},"type":"default-arg","locations":[{"start":{"line":1331,"column":23},"end":{"line":1331,"column":28}}],"line":1331},"168":{"loc":{"start":{"line":1336,"column":12},"end":{"line":1336,"column":54}},"type":"if","locations":[{"start":{"line":1336,"column":12},"end":{"line":1336,"column":54}},{"start":{},"end":{}}],"line":1336},"169":{"loc":{"start":{"line":1337,"column":12},"end":{"line":1337,"column":43}},"type":"if","locations":[{"start":{"line":1337,"column":12},"end":{"line":1337,"column":43}},{"start":{},"end":{}}],"line":1337},"170":{"loc":{"start":{"line":1347,"column":52},"end":{"line":1347,"column":64}},"type":"default-arg","locations":[{"start":{"line":1347,"column":62},"end":{"line":1347,"column":64}}],"line":1347}},"s":{"0":33,"1":33,"2":33,"3":33,"4":33,"5":33,"6":6,"7":6,"8":0,"9":6,"10":6,"11":0,"12":6,"13":1,"14":5,"15":33,"16":7,"17":7,"18":7,"19":1,"20":6,"21":6,"22":1,"23":5,"24":4,"25":4,"26":1,"27":2,"28":4,"29":4,"30":4,"31":4,"32":4,"33":4,"34":4,"35":3,"36":3,"37":33,"38":6,"39":6,"40":6,"41":1,"42":5,"43":5,"44":5,"45":1,"46":4,"47":4,"48":4,"49":1,"50":1,"51":1,"52":1,"53":1,"54":4,"55":1,"56":1,"57":1,"58":4,"59":4,"60":2,"61":2,"62":33,"63":5,"64":5,"65":5,"66":1,"67":4,"68":4,"69":1,"70":3,"71":1,"72":3,"73":3,"74":3,"75":3,"76":1,"77":1,"78":33,"79":0,"80":0,"81":0,"82":0,"83":0,"84":0,"85":0,"86":0,"87":0,"88":0,"89":0,"90":0,"91":0,"92":0,"93":0,"94":0,"95":0,"96":0,"97":0,"98":0,"99":0,"100":0,"101":0,"102":0,"103":0,"104":0,"105":0,"106":0,"107":0,"108":0,"109":0,"110":0,"111":0,"112":0,"113":0,"114":0,"115":0,"116":0,"117":0,"118":0,"119":0,"120":0,"121":0,"122":0,"123":0,"124":0,"125":0,"126":0,"127":0,"128":33,"129":0,"130":0,"131":0,"132":0,"133":0,"134":0,"135":0,"136":0,"137":0,"138":0,"139":0,"140":0,"141":0,"142":0,"143":0,"144":0,"145":0,"146":0,"147":0,"148":0,"149":33,"150":0,"151":0,"152":0,"153":0,"154":0,"155":0,"156":0,"157":0,"158":0,"159":0,"160":0,"161":0,"162":0,"163":0,"164":0,"165":0,"166":33,"167":0,"168":0,"169":0,"170":0,"171":0,"172":0,"173":0,"174":0,"175":0,"176":0,"177":0,"178":0,"179":0,"180":0,"181":0,"182":0,"183":0,"184":0,"185":0,"186":0,"187":0,"188":0,"189":0,"190":0,"191":0,"192":0,"193":0,"194":0,"195":0,"196":0,"197":0,"198":0,"199":0,"200":0,"201":0,"202":0,"203":0,"204":0,"205":0,"206":0,"207":0,"208":0,"209":0,"210":0,"211":0,"212":0,"213":0,"214":0,"215":0,"216":0,"217":0,"218":0,"219":0,"220":0,"221":0,"222":0,"223":0,"224":0,"225":0,"226":0,"227":0,"228":0,"229":0,"230":0,"231":0,"232":0,"233":0,"234":0,"235":0,"236":0,"237":0,"238":0,"239":0,"240":0,"241":0,"242":0,"243":0,"244":0,"245":0,"246":0,"247":33,"248":6,"249":6,"250":6,"251":1,"252":5,"253":1,"254":4,"255":4,"256":1,"257":3,"258":3,"259":1,"260":2,"261":2,"262":1,"263":1,"264":1,"265":1,"266":1,"267":1,"268":5,"269":5,"270":33,"271":0,"272":0,"273":0,"274":0,"275":0,"276":0,"277":0,"278":0,"279":0,"280":0,"281":0,"282":0,"283":0,"284":0,"285":0,"286":0,"287":0,"288":0,"289":0,"290":0,"291":0,"292":0,"293":0,"294":0,"295":0,"296":0,"297":0,"298":0,"299":0,"300":0,"301":0,"302":0,"303":0,"304":33,"305":0,"306":0,"307":0,"308":0,"309":0,"310":0,"311":0,"312":0,"313":0,"314":0,"315":0,"316":0,"317":0,"318":0,"319":0,"320":33,"321":0,"322":0,"323":0,"324":0,"325":0,"326":0,"327":0,"328":0,"329":0,"330":0,"331":0,"332":33,"333":9,"334":9,"335":9,"336":9,"337":1,"338":8,"339":8,"340":1,"341":7,"342":7,"343":1,"344":6,"345":1,"346":1,"347":0,"348":0,"349":0,"350":0,"351":5,"352":1,"353":1,"354":1,"355":0,"356":4,"357":4,"358":4,"359":1,"360":3,"361":3,"362":3,"363":1,"364":2,"365":0,"366":2,"367":2,"368":1,"369":1,"370":0,"371":1,"372":1,"373":1,"374":1,"375":1,"376":1,"377":1,"378":1,"379":0,"380":0,"381":0,"382":1,"383":8,"384":8,"385":33,"386":0,"387":0,"388":0,"389":0,"390":0,"391":0,"392":0,"393":0,"394":0,"395":0,"396":0,"397":0,"398":0,"399":0,"400":33,"401":0,"402":0,"403":0,"404":0,"405":0,"406":0,"407":0,"408":0,"409":0,"410":0,"411":0,"412":0,"413":0,"414":0,"415":0,"416":33,"417":0,"418":0,"419":0,"420":0,"421":0,"422":0,"423":0,"424":0,"425":0,"426":0,"427":0,"428":0,"429":0,"430":0,"431":0,"432":33,"433":0,"434":0,"435":0,"436":0,"437":0,"438":0,"439":0,"440":0,"441":0,"442":0,"443":33,"444":0,"445":0,"446":0,"447":0,"448":0,"449":0,"450":0,"451":0,"452":0,"453":0,"454":0,"455":0,"456":0,"457":0,"458":0,"459":0,"460":0,"461":0,"462":0,"463":0,"464":0,"465":0,"466":0,"467":0,"468":33,"469":0,"470":0,"471":0,"472":0,"473":0,"474":33,"475":0,"476":0,"477":0,"478":0,"479":0,"480":0,"481":0,"482":33,"483":0,"484":0,"485":0,"486":0,"487":0,"488":0,"489":0,"490":0,"491":0,"492":0,"493":33,"494":0,"495":0,"496":0,"497":0,"498":0,"499":0,"500":33,"501":0,"502":0},"f":{"0":33,"1":6,"2":7,"3":2,"4":4,"5":6,"6":1,"7":1,"8":5,"9":0,"10":0,"11":0,"12":0,"13":0,"14":0,"15":0,"16":0,"17":0,"18":0,"19":0,"20":0,"21":0,"22":0,"23":0,"24":0,"25":0,"26":0,"27":0,"28":0,"29":0,"30":0,"31":0,"32":6,"33":0,"34":0,"35":0,"36":0,"37":9,"38":0,"39":0,"40":0,"41":0,"42":0,"43":0,"44":0,"45":0,"46":0,"47":0,"48":0,"49":0,"50":0,"51":0},"b":{"0":[0,6],"1":[6,0],"2":[1,5],"3":[6,6],"4":[1,6],"5":[7,7,7,7],"6":[1,5],"7":[1,3],"8":[4,0],"9":[1,5],"10":[1,4],"11":[4,3],"12":[4,3],"13":[4,4],"14":[4,4],"15":[4,3],"16":[1,3],"17":[1,3],"18":[1,4],"19":[1,3],"20":[4,2],"21":[1,2],"22":[0],"23":[0],"24":[0],"25":[0],"26":[0],"27":[0,0],"28":[0,0],"29":[0,0],"30":[0,0],"31":[0,0],"32":[0,0],"33":[0,0],"34":[0,0],"35":[0,0],"36":[0,0],"37":[0,0],"38":[0,0],"39":[0,0],"40":[0,0],"41":[0,0],"42":[0,0],"43":[0,0],"44":[0,0],"45":[0,0],"46":[0,0],"47":[0,0],"48":[0,0],"49":[0,0],"50":[0,0],"51":[0,0],"52":[0,0],"53":[0,0],"54":[0,0],"55":[0,0],"56":[0],"57":[0,0],"58":[0,0],"59":[0,0],"60":[0,0],"61":[0,0],"62":[0,0,0],"63":[0,0],"64":[0,0,0],"65":[0,0],"66":[0,0],"67":[0,0],"68":[0,0],"69":[0,0],"70":[0,0],"71":[0,0],"72":[0,0],"73":[0,0],"74":[0,0],"75":[0,0],"76":[0,0],"77":[0,0],"78":[0,0],"79":[0,0],"80":[0,0],"81":[0,0],"82":[0,0],"83":[0,0],"84":[1,5],"85":[6,5],"86":[1,4],"87":[1,3],"88":[1,2],"89":[1,1],"90":[2,1],"91":[1,1],"92":[0],"93":[0],"94":[0],"95":[0],"96":[0],"97":[0,0],"98":[0,0],"99":[0,0],"100":[0,0],"101":[0,0],"102":[0,0],"103":[0,0],"104":[0,0],"105":[0,0],"106":[0,0],"107":[0,0],"108":[0,0],"109":[0,0],"110":[0,0],"111":[0,0],"112":[0,0],"113":[0,0],"114":[0,0],"115":[0,0],"116":[0,0],"117":[1,8],"118":[1,7],"119":[1,0],"120":[1,6],"121":[1,5],"122":[1,0],"123":[0,0],"124":[1,4],"125":[1,0],"126":[4,0],"127":[1,3],"128":[3,2,0],"129":[1,2],"130":[0,2],"131":[2,0],"132":[2,0],"133":[1,1],"134":[0,1],"135":[1,0],"136":[1,0],"137":[0,1],"138":[1,1],"139":[1,0],"140":[0,1],"141":[0,0],"142":[0,0],"143":[0,0],"144":[0,0],"145":[0,0],"146":[0,0],"147":[0,0],"148":[0,0],"149":[0,0],"150":[0,0],"151":[0],"152":[0,0],"153":[0,0],"154":[0,0],"155":[0,0],"156":[0,0],"157":[0,0],"158":[0,0],"159":[0],"160":[0],"161":[0,0],"162":[0],"163":[0],"164":[0],"165":[0],"166":[0],"167":[0],"168":[0,0],"169":[0,0],"170":[0]},"_coverageSchema":"1a1c01bbd47fc00a2c39e90264f33305004495a9","hash":"13b6d700c7f878ff084f6f6374d1e77bacfb9562"}
,"C:\\hanheobeou\\NodeJSproject\\HotelManagement\\server\\shared\\events\\bookingEvents.js": {"path":"C:\\hanheobeou\\NodeJSproject\\HotelManagement\\server\\shared\\events\\bookingEvents.js","statementMap":{"0":{"start":{"line":1,"column":30},"end":{"line":15,"column":1}}},"fnMap":{},"branchMap":{},"s":{"0":9},"f":{},"b":{},"_coverageSchema":"1a1c01bbd47fc00a2c39e90264f33305004495a9","hash":"cf27a805f6aa3135b5f58423033e546e74fd62d6"}
,"C:\\hanheobeou\\NodeJSproject\\HotelManagement\\server\\shared\\events\\cleaningEvents.js": {"path":"C:\\hanheobeou\\NodeJSproject\\HotelManagement\\server\\shared\\events\\cleaningEvents.js","statementMap":{"0":{"start":{"line":1,"column":31},"end":{"line":3,"column":1}}},"fnMap":{},"branchMap":{},"s":{"0":2},"f":{},"b":{},"_coverageSchema":"1a1c01bbd47fc00a2c39e90264f33305004495a9","hash":"a50b0ea3405393575e0321d71b8c3dfef8bbaaf2"}
,"C:\\hanheobeou\\NodeJSproject\\HotelManagement\\server\\shared\\events\\customerEvents.js": {"path":"C:\\hanheobeou\\NodeJSproject\\HotelManagement\\server\\shared\\events\\customerEvents.js","statementMap":{"0":{"start":{"line":1,"column":31},"end":{"line":8,"column":1}}},"fnMap":{},"branchMap":{},"s":{"0":9},"f":{},"b":{},"_coverageSchema":"1a1c01bbd47fc00a2c39e90264f33305004495a9","hash":"7ba8125c9b2b5e0f8599c90e9a6e97dd018ea14f"}
,"C:\\hanheobeou\\NodeJSproject\\HotelManagement\\server\\shared\\events\\discountEvents.js": {"path":"C:\\hanheobeou\\NodeJSproject\\HotelManagement\\server\\shared\\events\\discountEvents.js","statementMap":{"0":{"start":{"line":1,"column":31},"end":{"line":7,"column":1}}},"fnMap":{},"branchMap":{},"s":{"0":2},"f":{},"b":{},"_coverageSchema":"1a1c01bbd47fc00a2c39e90264f33305004495a9","hash":"72fc414a1d43ddd46e5656bdf37d6f0d196b2e24"}
,"C:\\hanheobeou\\NodeJSproject\\HotelManagement\\server\\shared\\events\\employeeEvents.js": {"path":"C:\\hanheobeou\\NodeJSproject\\HotelManagement\\server\\shared\\events\\employeeEvents.js","statementMap":{"0":{"start":{"line":1,"column":31},"end":{"line":12,"column":1}}},"fnMap":{},"branchMap":{},"s":{"0":13},"f":{},"b":{},"_coverageSchema":"1a1c01bbd47fc00a2c39e90264f33305004495a9","hash":"56c4dae55278fd53025b04b8944a7b97338f0b69"}
,"C:\\hanheobeou\\NodeJSproject\\HotelManagement\\server\\shared\\events\\equipmentEvents.js": {"path":"C:\\hanheobeou\\NodeJSproject\\HotelManagement\\server\\shared\\events\\equipmentEvents.js","statementMap":{"0":{"start":{"line":1,"column":32},"end":{"line":11,"column":1}}},"fnMap":{},"branchMap":{},"s":{"0":7},"f":{},"b":{},"_coverageSchema":"1a1c01bbd47fc00a2c39e90264f33305004495a9","hash":"2f716d08e9c711df188281a7af9f5bd6a1b146cf"}
,"C:\\hanheobeou\\NodeJSproject\\HotelManagement\\server\\shared\\events\\paymentEvents.js": {"path":"C:\\hanheobeou\\NodeJSproject\\HotelManagement\\server\\shared\\events\\paymentEvents.js","statementMap":{"0":{"start":{"line":1,"column":30},"end":{"line":4,"column":1}}},"fnMap":{},"branchMap":{},"s":{"0":3},"f":{},"b":{},"_coverageSchema":"1a1c01bbd47fc00a2c39e90264f33305004495a9","hash":"ecb338a96d134494b8090d52eb28183143cb6d39"}
,"C:\\hanheobeou\\NodeJSproject\\HotelManagement\\server\\shared\\events\\roomEvents.js": {"path":"C:\\hanheobeou\\NodeJSproject\\HotelManagement\\server\\shared\\events\\roomEvents.js","statementMap":{"0":{"start":{"line":1,"column":27},"end":{"line":14,"column":1}}},"fnMap":{},"branchMap":{},"s":{"0":5},"f":{},"b":{},"_coverageSchema":"1a1c01bbd47fc00a2c39e90264f33305004495a9","hash":"bf04f47d1dd1c6c02af369b4821031c18eb19107"}
,"C:\\hanheobeou\\NodeJSproject\\HotelManagement\\server\\shared\\events\\userEvents.js": {"path":"C:\\hanheobeou\\NodeJSproject\\HotelManagement\\server\\shared\\events\\userEvents.js","statementMap":{"0":{"start":{"line":1,"column":27},"end":{"line":10,"column":1}}},"fnMap":{},"branchMap":{},"s":{"0":11},"f":{},"b":{},"_coverageSchema":"1a1c01bbd47fc00a2c39e90264f33305004495a9","hash":"ce140c5390f11e76fea58081f9945b6e711b2077"}
}
