TN:
SF:jest-testing\mocks.js
FN:19,(anonymous_0)
FN:20,(anonymous_1)
FN:25,(anonymous_2)
FN:26,(anonymous_3)
FN:27,(anonymous_4)
FN:31,(anonymous_5)
FN:36,(anonymous_6)
FN:38,(anonymous_7)
FN:40,(anonymous_8)
FN:45,(anonymous_9)
FN:46,(anonymous_10)
FN:46,(anonymous_11)
FN:47,(anonymous_12)
FN:56,(anonymous_13)
FN:60,(anonymous_14)
FN:75,(anonymous_15)
FN:76,(anonymous_16)
FN:77,(anonymous_17)
FN:78,(anonymous_18)
FN:80,(anonymous_19)
FN:88,(anonymous_20)
FN:89,(anonymous_21)
FN:98,(anonymous_22)
FN:106,(anonymous_23)
FN:107,(anonymous_24)
FN:108,(anonymous_25)
FN:109,(anonymous_26)
FN:110,(anonymous_27)
FN:117,(anonymous_28)
FN:118,(anonymous_29)
FN:127,(anonymous_30)
FN:128,(anonymous_31)
FN:129,(anonymous_32)
FNF:33
FNH:19
FNDA:3,(anonymous_0)
FNDA:0,(anonymous_1)
FNDA:2,(anonymous_2)
FNDA:0,(anonymous_3)
FNDA:0,(anonymous_4)
FNDA:0,(anonymous_5)
FNDA:2,(anonymous_6)
FNDA:0,(anonymous_7)
FNDA:9,(anonymous_8)
FNDA:7,(anonymous_9)
FNDA:6,(anonymous_10)
FNDA:12,(anonymous_11)
FNDA:3,(anonymous_12)
FNDA:1,(anonymous_13)
FNDA:87,(anonymous_14)
FNDA:3,(anonymous_15)
FNDA:2,(anonymous_16)
FNDA:52,(anonymous_17)
FNDA:76,(anonymous_18)
FNDA:2,(anonymous_19)
FNDA:2,(anonymous_20)
FNDA:2,(anonymous_21)
FNDA:0,(anonymous_22)
FNDA:0,(anonymous_23)
FNDA:0,(anonymous_24)
FNDA:0,(anonymous_25)
FNDA:0,(anonymous_26)
FNDA:0,(anonymous_27)
FNDA:2,(anonymous_28)
FNDA:2,(anonymous_29)
FNDA:0,(anonymous_30)
FNDA:0,(anonymous_31)
FNDA:0,(anonymous_32)
DA:18,18
DA:19,3
DA:20,0
DA:24,18
DA:25,2
DA:26,0
DA:27,0
DA:31,18
DA:37,2
DA:38,2
DA:41,9
DA:45,7
DA:46,12
DA:47,3
DA:49,9
DA:50,9
DA:57,1
DA:58,1
DA:59,1
DA:60,87
DA:61,1
DA:62,1
DA:63,1
DA:64,1
DA:65,1
DA:66,1
DA:67,1
DA:74,18
DA:75,3
DA:80,18
DA:86,18
DA:90,2
DA:97,18
DA:98,0
DA:106,18
DA:107,18
DA:108,18
DA:109,18
DA:110,18
DA:115,18
DA:116,18
DA:117,18
DA:118,18
DA:119,18
DA:120,18
DA:121,18
DA:127,18
DA:128,18
DA:129,18
LF:49
LH:45
BRDA:46,0,0,0
BRDA:80,1,0,2
BRDA:80,1,1,0
BRDA:106,2,0,0
BRDA:106,3,0,0
BRDA:106,3,1,0
BRF:6
BRH:1
end_of_record
TN:
SF:jest-testing\helpers\mocks.js
FN:10,(anonymous_0)
FN:35,(anonymous_1)
FN:41,(anonymous_2)
FN:43,(anonymous_3)
FN:44,(anonymous_4)
FN:54,(anonymous_5)
FN:56,(anonymous_6)
FN:57,(anonymous_7)
FN:58,(anonymous_8)
FN:59,(anonymous_9)
FN:60,(anonymous_10)
FN:61,(anonymous_11)
FN:62,(anonymous_12)
FN:63,(anonymous_13)
FN:64,(anonymous_14)
FN:74,(anonymous_15)
FN:75,(anonymous_16)
FN:76,(anonymous_17)
FN:77,(anonymous_18)
FN:81,(anonymous_19)
FN:82,(anonymous_20)
FN:83,(anonymous_21)
FN:87,(anonymous_22)
FNF:23
FNH:14
FNDA:418,(anonymous_0)
FNDA:418,(anonymous_1)
FNDA:127,(anonymous_2)
FNDA:45,(anonymous_3)
FNDA:0,(anonymous_4)
FNDA:35,(anonymous_5)
FNDA:13,(anonymous_6)
FNDA:4,(anonymous_7)
FNDA:4,(anonymous_8)
FNDA:0,(anonymous_9)
FNDA:0,(anonymous_10)
FNDA:11,(anonymous_11)
FNDA:35,(anonymous_12)
FNDA:0,(anonymous_13)
FNDA:0,(anonymous_14)
FNDA:149,(anonymous_15)
FNDA:0,(anonymous_16)
FNDA:0,(anonymous_17)
FNDA:0,(anonymous_18)
FNDA:18,(anonymous_19)
FNDA:13,(anonymous_20)
FNDA:0,(anonymous_21)
FNDA:25,(anonymous_22)
DA:10,18
DA:11,418
DA:12,5852
DA:13,418
DA:17,18
DA:35,418
DA:41,18
DA:42,127
DA:43,127
DA:44,127
DA:45,127
DA:54,18
DA:55,35
DA:56,13
DA:57,4
DA:58,4
DA:59,0
DA:60,0
DA:61,11
DA:62,35
DA:63,0
DA:64,0
DA:66,35
DA:74,149
DA:75,0
DA:81,18
DA:87,18
DA:88,25
DA:89,25
LF:29
LH:24
BRDA:10,0,0,0
BRDA:41,1,0,0
BRDA:87,2,0,0
BRDA:89,3,0,25
BRDA:89,3,1,0
BRF:5
BRH:1
end_of_record
TN:
SF:jest-testing\mocks\bcrypt.js
FNF:0
FNH:0
LF:0
LH:0
BRF:0
BRH:0
end_of_record
TN:
SF:jest-testing\mocks\exceljs.js
FNF:0
FNH:0
LF:0
LH:0
BRF:0
BRH:0
end_of_record
TN:
SF:jest-testing\mocks\jsonwebtoken.js
FNF:0
FNH:0
LF:0
LH:0
BRF:0
BRH:0
end_of_record
TN:
SF:jest-testing\mocks\jsqr.js
FNF:0
FNH:0
LF:0
LH:0
BRF:0
BRH:0
end_of_record
TN:
SF:jest-testing\mocks\pdfkit.js
FNF:0
FNH:0
LF:0
LH:0
BRF:0
BRH:0
end_of_record
TN:
SF:main-services\auth-service\services\authService.js
FN:8,(anonymous_0)
FN:16,(anonymous_1)
FN:54,(anonymous_2)
FN:96,(anonymous_3)
FN:117,(anonymous_4)
FN:127,(anonymous_5)
FN:142,(anonymous_6)
FN:162,(anonymous_7)
FN:199,(anonymous_8)
FN:240,(anonymous_9)
FN:324,(anonymous_10)
FN:339,(anonymous_11)
FN:358,(anonymous_12)
FN:376,(anonymous_13)
FNF:14
FNH:6
FNDA:26,(anonymous_0)
FNDA:6,(anonymous_1)
FNDA:11,(anonymous_2)
FNDA:0,(anonymous_3)
FNDA:0,(anonymous_4)
FNDA:0,(anonymous_5)
FNDA:0,(anonymous_6)
FNDA:7,(anonymous_7)
FNDA:2,(anonymous_8)
FNDA:2,(anonymous_9)
FNDA:0,(anonymous_10)
FNDA:0,(anonymous_11)
FNDA:0,(anonymous_12)
FNDA:0,(anonymous_13)
DA:9,26
DA:10,26
DA:11,26
DA:12,26
DA:17,6
DA:18,6
DA:19,6
DA:20,2
DA:22,4
DA:23,4
DA:24,1
DA:27,3
DA:28,3
DA:29,3
DA:30,3
DA:32,3
DA:42,3
DA:43,2
DA:46,3
DA:48,3
DA:49,3
DA:56,11
DA:58,11
DA:59,2
DA:62,9
DA:63,5
DA:64,1
DA:67,8
DA:68,8
DA:69,0
DA:71,8
DA:72,8
DA:73,8
DA:75,8
DA:76,2
DA:77,2
DA:78,2
DA:81,6
DA:83,3
DA:84,3
DA:85,2
DA:95,2
DA:96,1
DA:97,0
DA:100,1
DA:101,1
DA:102,1
DA:105,1
DA:106,1
DA:116,1
DA:117,1
DA:118,0
DA:121,1
DA:122,1
DA:123,1
DA:127,2
DA:128,0
DA:131,2
DA:132,2
DA:134,2
DA:135,2
DA:136,2
DA:139,1
DA:143,0
DA:144,0
DA:145,0
DA:147,0
DA:148,0
DA:150,0
DA:151,0
DA:154,0
DA:155,0
DA:156,0
DA:158,0
DA:159,0
DA:163,7
DA:164,7
DA:165,1
DA:167,6
DA:168,1
DA:170,5
DA:171,1
DA:172,4
DA:173,2
DA:175,2
DA:176,2
DA:177,1
DA:179,1
DA:181,1
DA:186,1
DA:200,2
DA:201,2
DA:202,2
DA:203,2
DA:205,2
DA:206,0
DA:211,0
DA:212,0
DA:213,0
DA:216,2
DA:221,2
DA:222,2
DA:223,2
DA:224,2
DA:228,2
DA:233,2
DA:234,2
DA:235,2
DA:237,2
DA:241,2
DA:242,2
DA:244,2
DA:249,2
DA:250,2
DA:252,2
DA:253,2
DA:254,1
DA:262,1
DA:264,1
DA:269,1
DA:282,0
DA:283,0
DA:284,0
DA:285,0
DA:286,0
DA:325,0
DA:326,0
DA:327,0
DA:329,0
DA:330,0
DA:331,0
DA:333,0
DA:334,0
DA:336,0
DA:340,0
DA:346,0
DA:348,0
DA:350,0
DA:351,0
DA:352,0
DA:354,0
DA:355,0
DA:362,0
DA:363,0
DA:364,0
DA:367,0
DA:368,0
DA:370,0
DA:372,0
DA:373,0
DA:377,0
LF:151
LH:100
BRDA:19,0,0,2
BRDA:19,0,1,4
BRDA:23,1,0,1
BRDA:23,1,1,3
BRDA:30,2,0,2
BRDA:30,2,1,1
BRDA:37,3,0,2
BRDA:37,3,1,1
BRDA:38,4,0,2
BRDA:38,4,1,1
BRDA:39,5,0,2
BRDA:39,5,1,1
BRDA:42,6,0,2
BRDA:42,6,1,1
BRDA:58,7,0,2
BRDA:58,7,1,9
BRDA:58,8,0,11
BRDA:58,8,1,11
BRDA:58,8,2,11
BRDA:58,8,3,11
BRDA:58,8,4,10
BRDA:58,8,5,9
BRDA:58,8,6,9
BRDA:62,9,0,5
BRDA:62,9,1,4
BRDA:63,10,0,1
BRDA:63,10,1,4
BRDA:68,11,0,0
BRDA:68,11,1,8
BRDA:73,12,0,0
BRDA:73,12,1,8
BRDA:73,13,0,8
BRDA:73,13,1,8
BRDA:73,13,2,2
BRDA:75,14,0,2
BRDA:75,14,1,6
BRDA:84,15,0,2
BRDA:84,15,1,1
BRDA:95,16,0,1
BRDA:95,16,1,1
BRDA:100,17,0,1
BRDA:100,17,1,0
BRDA:105,18,0,1
BRDA:105,18,1,0
BRDA:116,19,0,1
BRDA:116,19,1,0
BRDA:121,20,0,1
BRDA:121,20,1,0
BRDA:131,21,0,2
BRDA:131,21,1,2
BRDA:132,22,0,2
BRDA:132,22,1,2
BRDA:144,23,0,0
BRDA:144,23,1,0
BRDA:147,24,0,0
BRDA:147,24,1,0
BRDA:150,25,0,0
BRDA:150,25,1,0
BRDA:150,26,0,0
BRDA:150,26,1,0
BRDA:150,26,2,0
BRDA:164,27,0,1
BRDA:164,27,1,6
BRDA:167,28,0,1
BRDA:167,28,1,5
BRDA:170,29,0,1
BRDA:170,29,1,4
BRDA:172,30,0,2
BRDA:172,30,1,2
BRDA:176,31,0,1
BRDA:176,31,1,1
BRDA:205,32,0,0
BRDA:205,32,1,2
BRDA:211,33,0,0
BRDA:211,33,1,0
BRDA:221,34,0,2
BRDA:221,34,1,0
BRDA:233,35,0,2
BRDA:233,35,1,0
BRDA:234,36,0,2
BRDA:234,36,1,0
BRDA:235,37,0,0
BRDA:235,37,1,2
BRDA:253,38,0,1
BRDA:253,38,1,1
BRDA:282,39,0,0
BRDA:282,39,1,0
BRDA:283,40,0,0
BRDA:283,40,1,0
BRDA:326,41,0,0
BRDA:326,41,1,0
BRDA:346,42,0,0
BRDA:346,42,1,0
BRDA:363,43,0,0
BRDA:363,43,1,0
BRDA:368,44,0,0
BRDA:368,44,1,0
BRF:97
BRH:63
end_of_record
TN:
SF:main-services\booking-service\constants\cancellationReason.js
FNF:0
FNH:0
DA:1,3
LF:1
LH:1
BRF:0
BRH:0
end_of_record
TN:
SF:main-services\booking-service\services\bookingService.js
FN:13,(anonymous_0)
FN:26,(anonymous_1)
FN:40,(anonymous_2)
FN:41,(anonymous_3)
FN:45,(anonymous_4)
FN:51,(anonymous_5)
FN:58,(anonymous_6)
FN:104,(anonymous_7)
FN:133,(anonymous_8)
FN:188,(anonymous_9)
FN:215,(anonymous_10)
FN:225,(anonymous_11)
FN:229,(anonymous_12)
FN:230,(anonymous_13)
FN:238,(anonymous_14)
FN:257,(anonymous_15)
FN:276,(anonymous_16)
FN:285,(anonymous_17)
FN:291,(anonymous_18)
FN:319,(anonymous_19)
FN:327,(anonymous_20)
FN:340,(anonymous_21)
FN:352,(anonymous_22)
FN:364,(anonymous_23)
FN:372,(anonymous_24)
FN:379,(anonymous_25)
FN:434,(anonymous_26)
FN:501,(anonymous_27)
FN:527,(anonymous_28)
FN:542,(anonymous_29)
FN:596,(anonymous_30)
FN:598,(anonymous_31)
FN:626,(anonymous_32)
FN:636,(anonymous_33)
FN:646,(anonymous_34)
FN:669,(anonymous_35)
FN:681,(anonymous_36)
FN:690,(anonymous_37)
FN:705,(anonymous_38)
FN:729,(anonymous_39)
FN:750,(anonymous_40)
FN:780,(anonymous_41)
FN:783,(anonymous_42)
FN:831,(anonymous_43)
FN:1000,(anonymous_44)
FN:1027,(anonymous_45)
FN:1037,(anonymous_46)
FN:1077,(anonymous_47)
FN:1080,(anonymous_48)
FN:1097,(anonymous_49)
FN:1220,(anonymous_50)
FN:1247,(anonymous_51)
FN:1257,(anonymous_52)
FN:1391,(anonymous_53)
FN:1418,(anonymous_54)
FN:1433,(anonymous_55)
FN:1547,(anonymous_56)
FN:1587,(anonymous_57)
FN:1605,(anonymous_58)
FN:1716,(anonymous_59)
FN:1731,(anonymous_60)
FN:1756,(anonymous_61)
FN:1764,(anonymous_62)
FN:1770,(anonymous_63)
FN:1783,(anonymous_64)
FN:1810,(anonymous_65)
FN:1835,(anonymous_66)
FN:1861,(anonymous_67)
FN:1977,(anonymous_68)
FN:2003,(anonymous_69)
FN:2049,(anonymous_70)
FN:2051,(anonymous_71)
FN:2078,(anonymous_72)
FN:2088,(anonymous_73)
FN:2133,(anonymous_74)
FN:2145,(anonymous_75)
FN:2206,(anonymous_76)
FN:2225,(anonymous_77)
FN:2235,(anonymous_78)
FN:2304,(anonymous_79)
FN:2339,(anonymous_80)
FN:2359,(anonymous_81)
FN:2371,(anonymous_82)
FN:2376,(anonymous_83)
FN:2381,(anonymous_84)
FN:2386,(anonymous_85)
FN:2397,(anonymous_86)
FN:2405,(anonymous_87)
FN:2415,(anonymous_88)
FN:2435,(anonymous_89)
FN:2450,(anonymous_90)
FN:2458,(anonymous_91)
FNF:92
FNH:29
FNDA:18,(anonymous_0)
FNDA:4,(anonymous_1)
FNDA:1,(anonymous_2)
FNDA:1,(anonymous_3)
FNDA:0,(anonymous_4)
FNDA:0,(anonymous_5)
FNDA:1,(anonymous_6)
FNDA:1,(anonymous_7)
FNDA:1,(anonymous_8)
FNDA:1,(anonymous_9)
FNDA:0,(anonymous_10)
FNDA:0,(anonymous_11)
FNDA:0,(anonymous_12)
FNDA:0,(anonymous_13)
FNDA:0,(anonymous_14)
FNDA:0,(anonymous_15)
FNDA:0,(anonymous_16)
FNDA:0,(anonymous_17)
FNDA:0,(anonymous_18)
FNDA:0,(anonymous_19)
FNDA:11,(anonymous_20)
FNDA:6,(anonymous_21)
FNDA:5,(anonymous_22)
FNDA:8,(anonymous_23)
FNDA:0,(anonymous_24)
FNDA:7,(anonymous_25)
FNDA:3,(anonymous_26)
FNDA:2,(anonymous_27)
FNDA:2,(anonymous_28)
FNDA:2,(anonymous_29)
FNDA:2,(anonymous_30)
FNDA:0,(anonymous_31)
FNDA:0,(anonymous_32)
FNDA:1,(anonymous_33)
FNDA:0,(anonymous_34)
FNDA:0,(anonymous_35)
FNDA:0,(anonymous_36)
FNDA:0,(anonymous_37)
FNDA:0,(anonymous_38)
FNDA:0,(anonymous_39)
FNDA:0,(anonymous_40)
FNDA:0,(anonymous_41)
FNDA:0,(anonymous_42)
FNDA:0,(anonymous_43)
FNDA:0,(anonymous_44)
FNDA:0,(anonymous_45)
FNDA:0,(anonymous_46)
FNDA:0,(anonymous_47)
FNDA:0,(anonymous_48)
FNDA:0,(anonymous_49)
FNDA:0,(anonymous_50)
FNDA:0,(anonymous_51)
FNDA:0,(anonymous_52)
FNDA:0,(anonymous_53)
FNDA:0,(anonymous_54)
FNDA:1,(anonymous_55)
FNDA:7,(anonymous_56)
FNDA:4,(anonymous_57)
FNDA:4,(anonymous_58)
FNDA:2,(anonymous_59)
FNDA:0,(anonymous_60)
FNDA:0,(anonymous_61)
FNDA:0,(anonymous_62)
FNDA:0,(anonymous_63)
FNDA:0,(anonymous_64)
FNDA:0,(anonymous_65)
FNDA:2,(anonymous_66)
FNDA:2,(anonymous_67)
FNDA:1,(anonymous_68)
FNDA:1,(anonymous_69)
FNDA:1,(anonymous_70)
FNDA:0,(anonymous_71)
FNDA:0,(anonymous_72)
FNDA:0,(anonymous_73)
FNDA:0,(anonymous_74)
FNDA:0,(anonymous_75)
FNDA:0,(anonymous_76)
FNDA:0,(anonymous_77)
FNDA:0,(anonymous_78)
FNDA:0,(anonymous_79)
FNDA:0,(anonymous_80)
FNDA:0,(anonymous_81)
FNDA:0,(anonymous_82)
FNDA:0,(anonymous_83)
FNDA:0,(anonymous_84)
FNDA:0,(anonymous_85)
FNDA:0,(anonymous_86)
FNDA:0,(anonymous_87)
FNDA:0,(anonymous_88)
FNDA:0,(anonymous_89)
FNDA:0,(anonymous_90)
FNDA:0,(anonymous_91)
DA:15,18
DA:16,18
DA:17,18
DA:18,18
DA:19,18
DA:20,18
DA:21,18
DA:26,18
DA:27,4
DA:28,4
DA:29,4
DA:30,4
DA:31,4
DA:33,4
DA:34,0
DA:37,4
DA:40,18
DA:41,1
DA:42,1
DA:45,0
DA:46,0
DA:48,0
DA:51,0
DA:52,0
DA:55,0
DA:58,18
DA:59,1
DA:60,1
DA:61,1
DA:62,0
DA:65,1
DA:66,0
DA:69,1
DA:70,1
DA:71,0
DA:74,1
DA:75,1
DA:91,1
DA:92,0
DA:96,0
DA:97,0
DA:99,0
DA:104,1
DA:106,1
DA:118,1
DA:120,1
DA:131,1
DA:133,1
DA:143,1
DA:147,1
DA:150,1
DA:151,1
DA:153,1
DA:158,1
DA:168,1
DA:177,1
DA:178,1
DA:184,1
DA:189,1
DA:190,1
DA:191,0
DA:198,1
DA:199,1
DA:206,1
DA:207,1
DA:214,1
DA:215,0
DA:217,1
DA:220,0
DA:221,0
DA:225,18
DA:226,0
DA:227,0
DA:229,0
DA:230,0
DA:233,0
DA:234,0
DA:236,0
DA:239,0
DA:240,0
DA:241,0
DA:245,0
DA:246,0
DA:247,0
DA:253,0
DA:258,0
DA:259,0
DA:260,0
DA:264,0
DA:265,0
DA:266,0
DA:272,0
DA:276,0
DA:282,0
DA:285,18
DA:286,0
DA:287,0
DA:289,0
DA:291,0
DA:295,0
DA:297,0
DA:298,0
DA:303,0
DA:304,0
DA:319,0
DA:324,0
DA:327,18
DA:328,11
DA:333,11
DA:334,0
DA:336,11
DA:337,11
DA:340,18
DA:341,6
DA:346,6
DA:348,6
DA:349,6
DA:352,18
DA:353,5
DA:358,5
DA:360,5
DA:361,5
DA:364,18
DA:365,8
DA:370,8
DA:371,8
DA:372,8
DA:375,8
DA:379,18
DA:380,7
DA:382,7
DA:385,7
DA:386,1
DA:388,6
DA:389,0
DA:392,6
DA:397,6
DA:398,1
DA:401,5
DA:402,0
DA:405,5
DA:406,1
DA:409,4
DA:410,0
DA:413,4
DA:414,0
DA:417,4
DA:418,4
DA:419,0
DA:422,4
DA:426,4
DA:427,0
DA:429,4
DA:430,1
DA:434,3
DA:435,3
DA:436,3
DA:439,3
DA:440,3
DA:441,3
DA:442,3
DA:443,1
DA:444,1
DA:447,0
DA:451,0
DA:452,0
DA:454,0
DA:455,0
DA:456,0
DA:459,0
DA:460,0
DA:461,0
DA:464,0
DA:465,0
DA:466,0
DA:467,0
DA:470,0
DA:473,0
DA:481,2
DA:482,2
DA:483,2
DA:484,2
DA:486,2
DA:500,2
DA:501,2
DA:509,2
DA:512,2
DA:518,2
DA:527,2
DA:528,2
DA:530,2
DA:540,2
DA:542,2
DA:554,2
DA:560,2
DA:563,2
DA:564,2
DA:565,2
DA:566,2
DA:568,2
DA:570,2
DA:587,2
DA:589,2
DA:590,2
DA:593,2
DA:597,2
DA:598,0
DA:600,2
DA:601,2
DA:602,0
DA:609,2
DA:610,2
DA:617,2
DA:618,0
DA:625,2
DA:626,0
DA:628,2
DA:631,5
DA:632,5
DA:636,18
DA:637,1
DA:638,1
DA:639,1
DA:641,0
DA:642,0
DA:646,18
DA:647,0
DA:648,0
DA:649,0
DA:650,0
DA:652,0
DA:653,0
DA:655,0
DA:656,0
DA:658,0
DA:663,0
DA:664,0
DA:665,0
DA:666,0
DA:669,0
DA:671,0
DA:678,0
DA:680,0
DA:681,0
DA:682,0
DA:684,0
DA:685,0
DA:687,0
DA:690,0
DA:695,0
DA:696,0
DA:697,0
DA:700,0
DA:701,0
DA:705,18
DA:706,0
DA:707,0
DA:708,0
DA:711,0
DA:712,0
DA:713,0
DA:715,0
DA:720,0
DA:721,0
DA:724,0
DA:729,0
DA:740,0
DA:741,0
DA:742,0
DA:745,0
DA:746,0
DA:750,18
DA:751,0
DA:752,0
DA:753,0
DA:755,0
DA:756,0
DA:759,0
DA:760,0
DA:761,0
DA:764,0
DA:765,0
DA:774,0
DA:775,0
DA:778,0
DA:779,0
DA:780,0
DA:781,0
DA:783,0
DA:784,0
DA:796,0
DA:799,0
DA:809,0
DA:813,0
DA:814,0
DA:828,0
DA:831,0
DA:839,0
DA:843,0
DA:845,0
DA:848,0
DA:849,0
DA:856,0
DA:857,0
DA:860,0
DA:870,0
DA:874,0
DA:876,0
DA:880,0
DA:881,0
DA:887,0
DA:888,0
DA:891,0
DA:906,0
DA:908,0
DA:918,0
DA:922,0
DA:925,0
DA:929,0
DA:930,0
DA:945,0
DA:947,0
DA:948,0
DA:958,0
DA:962,0
DA:964,0
DA:968,0
DA:969,0
DA:970,0
DA:973,0
DA:982,0
DA:983,0
DA:985,0
DA:991,0
DA:995,0
DA:996,0
DA:1001,0
DA:1002,0
DA:1003,0
DA:1010,0
DA:1011,0
DA:1018,0
DA:1019,0
DA:1026,0
DA:1027,0
DA:1029,0
DA:1032,0
DA:1033,0
DA:1037,18
DA:1038,0
DA:1039,0
DA:1041,0
DA:1042,0
DA:1043,0
DA:1045,0
DA:1046,0
DA:1048,0
DA:1049,0
DA:1051,0
DA:1052,0
DA:1054,0
DA:1056,0
DA:1057,0
DA:1061,0
DA:1062,0
DA:1065,0
DA:1074,0
DA:1076,0
DA:1077,0
DA:1079,0
DA:1080,0
DA:1083,0
DA:1084,0
DA:1088,0
DA:1091,0
DA:1092,0
DA:1097,18
DA:1098,0
DA:1099,0
DA:1101,0
DA:1102,0
DA:1103,0
DA:1106,0
DA:1111,0
DA:1112,0
DA:1115,0
DA:1116,0
DA:1119,0
DA:1123,0
DA:1124,0
DA:1126,0
DA:1129,0
DA:1145,0
DA:1146,0
DA:1149,0
DA:1160,0
DA:1162,0
DA:1172,0
DA:1176,0
DA:1178,0
DA:1179,0
DA:1180,0
DA:1182,0
DA:1193,0
DA:1195,0
DA:1196,0
DA:1198,0
DA:1199,0
DA:1201,0
DA:1210,0
DA:1216,0
DA:1221,0
DA:1222,0
DA:1223,0
DA:1230,0
DA:1231,0
DA:1238,0
DA:1239,0
DA:1246,0
DA:1247,0
DA:1249,0
DA:1252,0
DA:1253,0
DA:1257,18
DA:1258,0
DA:1259,0
DA:1261,0
DA:1262,0
DA:1263,0
DA:1266,0
DA:1271,0
DA:1272,0
DA:1275,0
DA:1276,0
DA:1279,0
DA:1283,0
DA:1284,0
DA:1286,0
DA:1287,0
DA:1290,0
DA:1301,0
DA:1303,0
DA:1304,0
DA:1306,0
DA:1317,0
DA:1321,0
DA:1323,0
DA:1332,0
DA:1333,0
DA:1335,0
DA:1336,0
DA:1337,0
DA:1339,0
DA:1350,0
DA:1352,0
DA:1353,0
DA:1354,0
DA:1356,0
DA:1366,0
DA:1381,0
DA:1387,0
DA:1392,0
DA:1393,0
DA:1394,0
DA:1401,0
DA:1402,0
DA:1409,0
DA:1410,0
DA:1417,0
DA:1418,0
DA:1420,0
DA:1428,0
DA:1429,0
DA:1433,18
DA:1434,1
DA:1435,1
DA:1437,1
DA:1438,1
DA:1439,0
DA:1442,1
DA:1443,0
DA:1446,1
DA:1450,1
DA:1451,0
DA:1454,1
DA:1455,0
DA:1458,1
DA:1459,0
DA:1462,1
DA:1463,1
DA:1464,1
DA:1465,1
DA:1467,1
DA:1481,1
DA:1483,1
DA:1492,1
DA:1496,1
DA:1498,1
DA:1509,1
DA:1510,1
DA:1511,1
DA:1512,1
DA:1513,1
DA:1515,1
DA:1525,1
DA:1535,1
DA:1539,1
DA:1542,0
DA:1543,0
DA:1547,18
DA:1548,7
DA:1549,7
DA:1550,7
DA:1551,1
DA:1553,6
DA:1555,6
DA:1556,1
DA:1558,5
DA:1559,1
DA:1561,4
DA:1562,4
DA:1564,4
DA:1565,4
DA:1567,4
DA:1577,4
DA:1586,4
DA:1587,4
DA:1589,4
DA:1603,4
DA:1605,4
DA:1606,4
DA:1615,4
DA:1619,4
DA:1621,4
DA:1631,4
DA:1633,4
DA:1634,4
DA:1635,4
DA:1636,4
DA:1637,4
DA:1639,4
DA:1650,4
DA:1654,4
DA:1665,4
DA:1666,4
DA:1672,4
DA:1673,4
DA:1674,4
DA:1675,0
DA:1682,4
DA:1683,4
DA:1690,4
DA:1691,4
DA:1698,4
DA:1701,0
DA:1704,4
DA:1708,4
DA:1711,3
DA:1712,3
DA:1716,18
DA:1717,2
DA:1721,2
DA:1722,0
DA:1723,0
DA:1724,0
DA:1726,2
DA:1731,18
DA:1732,0
DA:1733,0
DA:1735,0
DA:1737,0
DA:1738,0
DA:1740,0
DA:1742,0
DA:1752,0
DA:1753,0
DA:1756,0
DA:1757,0
DA:1761,0
DA:1763,0
DA:1764,0
DA:1765,0
DA:1766,0
DA:1767,0
DA:1770,0
DA:1775,0
DA:1778,0
DA:1779,0
DA:1783,18
DA:1784,0
DA:1785,0
DA:1786,0
DA:1789,0
DA:1791,0
DA:1798,0
DA:1799,0
DA:1802,0
DA:1803,0
DA:1804,0
DA:1805,0
DA:1808,0
DA:1810,0
DA:1827,0
DA:1830,0
DA:1831,0
DA:1835,18
DA:1836,2
DA:1837,2
DA:1839,2
DA:1840,0
DA:1842,2
DA:1843,0
DA:1846,2
DA:1847,2
DA:1848,2
DA:1850,2
DA:1851,2
DA:1853,2
DA:1855,2
DA:1856,2
DA:1857,0
DA:1861,2
DA:1864,2
DA:1865,2
DA:1866,0
DA:1869,2
DA:1870,2
DA:1871,2
DA:1875,2
DA:1876,2
DA:1877,2
DA:1878,2
DA:1879,2
DA:1880,2
DA:1882,2
DA:1883,1
DA:1885,1
DA:1886,0
DA:1890,1
DA:1899,1
DA:1900,0
DA:1901,0
DA:1902,0
DA:1906,1
DA:1907,1
DA:1908,1
DA:1909,1
DA:1910,1
DA:1911,1
DA:1912,1
DA:1913,1
DA:1914,1
DA:1918,1
DA:1919,1
DA:1920,1
DA:1923,1
DA:1924,1
DA:1925,0
DA:1926,0
DA:1935,1
DA:1936,1
DA:1937,1
DA:1938,0
DA:1939,0
DA:1944,0
DA:1945,0
DA:1946,0
DA:1947,0
DA:1948,0
DA:1957,1
DA:1958,1
DA:1959,1
DA:1961,1
DA:1977,1
DA:1985,1
DA:1987,1
DA:1988,1
DA:1997,1
DA:2001,1
DA:2003,1
DA:2013,1
DA:2014,1
DA:2016,1
DA:2017,1
DA:2031,1
DA:2033,1
DA:2034,0
DA:2039,0
DA:2040,0
DA:2044,1
DA:2046,1
DA:2050,1
DA:2051,0
DA:2052,1
DA:2053,1
DA:2054,0
DA:2061,1
DA:2062,1
DA:2069,1
DA:2070,0
DA:2077,1
DA:2078,0
DA:2080,1
DA:2083,1
DA:2084,1
DA:2088,18
DA:2089,0
DA:2090,0
DA:2091,0
DA:2094,0
DA:2096,0
DA:2097,0
DA:2099,0
DA:2100,0
DA:2101,0
DA:2102,0
DA:2105,0
DA:2106,0
DA:2109,0
DA:2110,0
DA:2113,0
DA:2114,0
DA:2116,0
DA:2117,0
DA:2119,0
DA:2123,0
DA:2132,0
DA:2133,0
DA:2135,0
DA:2143,0
DA:2145,0
DA:2153,0
DA:2156,0
DA:2158,0
DA:2162,0
DA:2164,0
DA:2165,0
DA:2166,0
DA:2167,0
DA:2168,0
DA:2170,0
DA:2181,0
DA:2186,0
DA:2189,0
DA:2190,0
DA:2191,0
DA:2196,0
DA:2197,0
DA:2201,0
DA:2206,0
DA:2207,0
DA:2208,0
DA:2209,0
DA:2216,0
DA:2217,0
DA:2224,0
DA:2225,0
DA:2227,0
DA:2230,0
DA:2231,0
DA:2235,18
DA:2236,0
DA:2237,0
DA:2238,0
DA:2241,0
DA:2243,0
DA:2244,0
DA:2246,0
DA:2247,0
DA:2248,0
DA:2249,0
DA:2252,0
DA:2253,0
DA:2256,0
DA:2257,0
DA:2259,0
DA:2261,0
DA:2262,0
DA:2263,0
DA:2266,0
DA:2267,0
DA:2268,0
DA:2269,0
DA:2271,0
DA:2279,0
DA:2281,0
DA:2291,0
DA:2293,0
DA:2303,0
DA:2304,0
DA:2306,0
DA:2308,0
DA:2309,0
DA:2310,0
DA:2314,0
DA:2315,0
DA:2316,0
DA:2317,0
DA:2319,0
DA:2323,0
DA:2333,0
DA:2339,0
DA:2340,0
DA:2341,0
DA:2342,0
DA:2343,0
DA:2350,0
DA:2351,0
DA:2358,0
DA:2359,0
DA:2361,0
DA:2364,0
DA:2365,0
DA:2371,18
DA:2372,0
DA:2373,0
DA:2376,18
DA:2377,0
DA:2378,0
DA:2381,18
DA:2382,0
DA:2383,0
DA:2386,18
DA:2387,0
DA:2394,0
DA:2397,18
DA:2398,0
DA:2402,0
DA:2405,18
DA:2406,0
DA:2407,0
DA:2415,0
DA:2417,0
DA:2422,0
DA:2424,0
DA:2430,0
DA:2431,0
DA:2435,18
DA:2436,0
DA:2447,0
DA:2450,18
DA:2451,0
DA:2455,0
DA:2458,18
DA:2459,0
DA:2460,0
DA:2462,0
DA:2479,0
DA:2482,0
DA:2483,0
LF:850
LH:321
BRDA:33,0,0,0
BRDA:33,0,1,4
BRDA:41,1,0,1
BRDA:41,1,1,0
BRDA:45,2,0,0
BRDA:45,2,1,0
BRDA:51,3,0,0
BRDA:51,3,1,0
BRDA:58,4,0,0
BRDA:61,5,0,0
BRDA:61,5,1,1
BRDA:65,6,0,0
BRDA:65,6,1,1
BRDA:70,7,0,0
BRDA:70,7,1,1
BRDA:91,8,0,0
BRDA:91,8,1,1
BRDA:96,9,0,0
BRDA:96,9,1,0
BRDA:118,10,0,0
BRDA:118,10,1,1
BRDA:131,11,0,0
BRDA:131,11,1,1
BRDA:147,12,0,0
BRDA:147,12,1,1
BRDA:164,13,0,1
BRDA:164,13,1,0
BRDA:190,14,0,0
BRDA:190,14,1,1
BRDA:194,15,0,0
BRDA:194,15,1,0
BRDA:198,16,0,1
BRDA:198,16,1,0
BRDA:206,17,0,1
BRDA:206,17,1,0
BRDA:210,18,0,1
BRDA:210,18,1,0
BRDA:227,19,0,0
BRDA:227,19,1,0
BRDA:233,20,0,0
BRDA:233,20,1,0
BRDA:233,21,0,0
BRDA:233,21,1,0
BRDA:234,22,0,0
BRDA:234,22,1,0
BRDA:240,23,0,0
BRDA:240,23,1,0
BRDA:259,24,0,0
BRDA:259,24,1,0
BRDA:278,25,0,0
BRDA:278,25,1,0
BRDA:279,26,0,0
BRDA:279,26,1,0
BRDA:282,27,0,0
BRDA:282,27,1,0
BRDA:287,28,0,0
BRDA:287,28,1,0
BRDA:297,29,0,0
BRDA:297,29,1,0
BRDA:308,30,0,0
BRDA:308,30,1,0
BRDA:321,31,0,0
BRDA:321,31,1,0
BRDA:324,32,0,0
BRDA:324,32,1,0
BRDA:333,33,0,0
BRDA:333,33,1,11
BRDA:346,34,0,0
BRDA:346,34,1,6
BRDA:358,35,0,0
BRDA:358,35,1,5
BRDA:370,36,0,8
BRDA:370,36,1,0
BRDA:385,37,0,1
BRDA:385,37,1,6
BRDA:385,38,0,7
BRDA:385,38,1,6
BRDA:385,38,2,6
BRDA:385,38,3,6
BRDA:385,38,4,6
BRDA:388,39,0,0
BRDA:388,39,1,6
BRDA:397,40,0,1
BRDA:397,40,1,5
BRDA:397,41,0,6
BRDA:397,41,1,6
BRDA:401,42,0,0
BRDA:401,42,1,5
BRDA:401,43,0,5
BRDA:401,43,1,5
BRDA:405,44,0,1
BRDA:405,44,1,4
BRDA:409,45,0,0
BRDA:409,45,1,4
BRDA:413,46,0,0
BRDA:413,46,1,4
BRDA:418,47,0,0
BRDA:418,47,1,4
BRDA:418,48,0,4
BRDA:418,48,1,4
BRDA:426,49,0,0
BRDA:426,49,1,4
BRDA:429,50,0,1
BRDA:429,50,1,3
BRDA:442,51,0,1
BRDA:442,51,1,2
BRDA:443,52,0,1
BRDA:443,52,1,0
BRDA:451,53,0,0
BRDA:451,53,1,0
BRDA:455,54,0,0
BRDA:455,54,1,0
BRDA:460,55,0,0
BRDA:460,55,1,0
BRDA:460,56,0,0
BRDA:460,56,1,0
BRDA:464,57,0,0
BRDA:464,57,1,0
BRDA:466,58,0,0
BRDA:466,58,1,0
BRDA:466,59,0,0
BRDA:466,59,1,0
BRDA:476,60,0,0
BRDA:476,60,1,0
BRDA:484,61,0,1
BRDA:484,61,1,1
BRDA:500,62,0,1
BRDA:500,62,1,1
BRDA:512,63,0,1
BRDA:512,63,1,1
BRDA:513,64,0,1
BRDA:513,64,1,0
BRDA:535,65,0,1
BRDA:535,65,1,1
BRDA:535,66,0,2
BRDA:535,66,1,1
BRDA:540,67,0,0
BRDA:540,67,1,2
BRDA:545,68,0,1
BRDA:545,68,1,1
BRDA:545,69,0,2
BRDA:545,69,1,1
BRDA:546,70,0,1
BRDA:546,70,1,1
BRDA:546,71,0,2
BRDA:546,71,1,1
BRDA:549,72,0,1
BRDA:549,72,1,1
BRDA:552,73,0,2
BRDA:552,73,1,2
BRDA:560,74,0,0
BRDA:560,74,1,2
BRDA:564,75,0,2
BRDA:564,75,1,2
BRDA:568,76,0,2
BRDA:568,76,1,0
BRDA:575,77,0,2
BRDA:575,77,1,2
BRDA:584,78,0,1
BRDA:584,78,1,1
BRDA:587,79,0,0
BRDA:587,79,1,2
BRDA:597,80,0,0
BRDA:597,80,1,2
BRDA:601,81,0,0
BRDA:601,81,1,2
BRDA:605,82,0,0
BRDA:605,82,1,0
BRDA:609,83,0,2
BRDA:609,83,1,0
BRDA:617,84,0,0
BRDA:617,84,1,2
BRDA:621,85,0,0
BRDA:621,85,1,0
BRDA:646,86,0,0
BRDA:650,87,0,0
BRDA:650,87,1,0
BRDA:655,88,0,0
BRDA:655,88,1,0
BRDA:656,89,0,0
BRDA:656,89,1,0
BRDA:663,90,0,0
BRDA:663,90,1,0
BRDA:684,91,0,0
BRDA:684,91,1,0
BRDA:692,92,0,0
BRDA:692,92,1,0
BRDA:707,93,0,0
BRDA:707,93,1,0
BRDA:713,94,0,0
BRDA:713,94,1,0
BRDA:720,95,0,0
BRDA:720,95,1,0
BRDA:733,96,0,0
BRDA:733,96,1,0
BRDA:750,97,0,0
BRDA:755,98,0,0
BRDA:755,98,1,0
BRDA:760,99,0,0
BRDA:760,99,1,0
BRDA:774,100,0,0
BRDA:774,100,1,0
BRDA:809,101,0,0
BRDA:809,101,1,0
BRDA:809,101,2,0
BRDA:809,101,3,0
BRDA:809,101,4,0
BRDA:828,102,0,0
BRDA:828,102,1,0
BRDA:837,103,0,0
BRDA:837,103,1,0
BRDA:843,104,0,0
BRDA:843,104,1,0
BRDA:856,105,0,0
BRDA:856,105,1,0
BRDA:868,106,0,0
BRDA:868,106,1,0
BRDA:868,106,2,0
BRDA:874,107,0,0
BRDA:874,107,1,0
BRDA:887,108,0,0
BRDA:887,108,1,0
BRDA:906,109,0,0
BRDA:906,109,1,0
BRDA:916,110,0,0
BRDA:916,110,1,0
BRDA:916,110,2,0
BRDA:922,111,0,0
BRDA:922,111,1,0
BRDA:945,112,0,0
BRDA:945,112,1,0
BRDA:962,113,0,0
BRDA:962,113,1,0
BRDA:969,114,0,0
BRDA:969,114,1,0
BRDA:979,115,0,0
BRDA:979,115,1,0
BRDA:995,116,0,0
BRDA:995,116,1,0
BRDA:1002,117,0,0
BRDA:1002,117,1,0
BRDA:1010,118,0,0
BRDA:1010,118,1,0
BRDA:1018,119,0,0
BRDA:1018,119,1,0
BRDA:1042,120,0,0
BRDA:1042,120,1,0
BRDA:1045,121,0,0
BRDA:1045,121,1,0
BRDA:1048,122,0,0
BRDA:1048,122,1,0
BRDA:1051,123,0,0
BRDA:1051,123,1,0
BRDA:1051,124,0,0
BRDA:1051,124,1,0
BRDA:1061,125,0,0
BRDA:1061,125,1,0
BRDA:1102,126,0,0
BRDA:1102,126,1,0
BRDA:1111,127,0,0
BRDA:1111,127,1,0
BRDA:1115,128,0,0
BRDA:1115,128,1,0
BRDA:1123,129,0,0
BRDA:1123,129,1,0
BRDA:1145,130,0,0
BRDA:1145,130,1,0
BRDA:1160,131,0,0
BRDA:1160,131,1,0
BRDA:1170,132,0,0
BRDA:1170,132,1,0
BRDA:1176,133,0,0
BRDA:1176,133,1,0
BRDA:1193,134,0,0
BRDA:1193,134,1,0
BRDA:1207,135,0,0
BRDA:1207,135,1,0
BRDA:1222,136,0,0
BRDA:1222,136,1,0
BRDA:1226,137,0,0
BRDA:1226,137,1,0
BRDA:1230,138,0,0
BRDA:1230,138,1,0
BRDA:1238,139,0,0
BRDA:1238,139,1,0
BRDA:1242,140,0,0
BRDA:1242,140,1,0
BRDA:1262,141,0,0
BRDA:1262,141,1,0
BRDA:1271,142,0,0
BRDA:1271,142,1,0
BRDA:1275,143,0,0
BRDA:1275,143,1,0
BRDA:1283,144,0,0
BRDA:1283,144,1,0
BRDA:1301,145,0,0
BRDA:1301,145,1,0
BRDA:1321,146,0,0
BRDA:1321,146,1,0
BRDA:1327,147,0,0
BRDA:1327,147,1,0
BRDA:1332,148,0,0
BRDA:1332,148,1,0
BRDA:1350,149,0,0
BRDA:1350,149,1,0
BRDA:1372,150,0,0
BRDA:1372,150,1,0
BRDA:1393,151,0,0
BRDA:1393,151,1,0
BRDA:1397,152,0,0
BRDA:1397,152,1,0
BRDA:1401,153,0,0
BRDA:1401,153,1,0
BRDA:1409,154,0,0
BRDA:1409,154,1,0
BRDA:1413,155,0,0
BRDA:1413,155,1,0
BRDA:1421,156,0,0
BRDA:1421,156,1,0
BRDA:1438,157,0,0
BRDA:1438,157,1,1
BRDA:1442,158,0,0
BRDA:1442,158,1,1
BRDA:1450,159,0,0
BRDA:1450,159,1,1
BRDA:1454,160,0,0
BRDA:1454,160,1,1
BRDA:1458,161,0,0
BRDA:1458,161,1,1
BRDA:1481,162,0,0
BRDA:1481,162,1,1
BRDA:1489,163,0,1
BRDA:1489,163,1,0
BRDA:1496,164,0,0
BRDA:1496,164,1,1
BRDA:1502,165,0,0
BRDA:1502,165,1,1
BRDA:1511,166,0,1
BRDA:1511,166,1,0
BRDA:1531,167,0,1
BRDA:1531,167,1,0
BRDA:1550,168,0,1
BRDA:1550,168,1,6
BRDA:1555,169,0,1
BRDA:1555,169,1,5
BRDA:1558,170,0,1
BRDA:1558,170,1,4
BRDA:1583,171,0,4
BRDA:1583,171,1,0
BRDA:1603,172,0,0
BRDA:1603,172,1,4
BRDA:1612,173,0,4
BRDA:1612,173,1,0
BRDA:1619,174,0,0
BRDA:1619,174,1,4
BRDA:1631,175,0,0
BRDA:1631,175,1,4
BRDA:1643,176,0,1
BRDA:1643,176,1,3
BRDA:1654,177,0,0
BRDA:1654,177,1,4
BRDA:1674,178,0,0
BRDA:1674,178,1,4
BRDA:1678,179,0,0
BRDA:1678,179,1,0
BRDA:1682,180,0,4
BRDA:1682,180,1,0
BRDA:1690,181,0,4
BRDA:1690,181,1,0
BRDA:1694,182,0,4
BRDA:1694,182,1,0
BRDA:1721,183,0,0
BRDA:1721,183,1,2
BRDA:1731,184,0,0
BRDA:1733,185,0,0
BRDA:1733,186,0,0
BRDA:1738,187,0,0
BRDA:1738,187,1,0
BRDA:1752,188,0,0
BRDA:1752,188,1,0
BRDA:1766,189,0,0
BRDA:1766,189,1,0
BRDA:1772,190,0,0
BRDA:1772,190,1,0
BRDA:1785,191,0,0
BRDA:1785,191,1,0
BRDA:1798,192,0,0
BRDA:1798,192,1,0
BRDA:1802,193,0,0
BRDA:1802,193,1,0
BRDA:1815,194,0,0
BRDA:1815,194,1,0
BRDA:1839,195,0,0
BRDA:1839,195,1,2
BRDA:1839,196,0,2
BRDA:1839,196,1,2
BRDA:1839,196,2,2
BRDA:1839,196,3,2
BRDA:1842,197,0,0
BRDA:1842,197,1,2
BRDA:1842,198,0,2
BRDA:1842,198,1,2
BRDA:1850,199,0,0
BRDA:1850,199,1,2
BRDA:1851,200,0,0
BRDA:1851,200,1,2
BRDA:1856,201,0,0
BRDA:1856,201,1,2
BRDA:1856,202,0,2
BRDA:1856,202,1,2
BRDA:1865,203,0,0
BRDA:1865,203,1,2
BRDA:1865,204,0,2
BRDA:1865,204,1,2
BRDA:1879,205,0,2
BRDA:1879,205,1,0
BRDA:1880,206,0,2
BRDA:1880,206,1,0
BRDA:1882,207,0,1
BRDA:1882,207,1,1
BRDA:1885,208,0,0
BRDA:1885,208,1,1
BRDA:1899,209,0,0
BRDA:1899,209,1,1
BRDA:1902,210,0,0
BRDA:1902,210,1,0
BRDA:1911,211,0,1
BRDA:1911,211,1,0
BRDA:1923,212,0,1
BRDA:1923,212,1,1
BRDA:1924,213,0,0
BRDA:1924,213,1,1
BRDA:1929,214,0,0
BRDA:1929,214,1,0
BRDA:1937,215,0,0
BRDA:1937,215,1,1
BRDA:1944,216,0,0
BRDA:1944,216,1,0
BRDA:1944,217,0,0
BRDA:1944,217,1,0
BRDA:1946,218,0,0
BRDA:1946,218,1,0
BRDA:1952,219,0,0
BRDA:1952,219,1,0
BRDA:1973,220,0,1
BRDA:1973,220,1,0
BRDA:1974,221,0,1
BRDA:1974,221,1,0
BRDA:2001,222,0,0
BRDA:2001,222,1,1
BRDA:2014,223,0,0
BRDA:2014,223,1,1
BRDA:2020,224,0,1
BRDA:2020,224,1,1
BRDA:2031,225,0,0
BRDA:2031,225,1,1
BRDA:2033,226,0,0
BRDA:2033,226,1,1
BRDA:2039,227,0,0
BRDA:2039,227,1,0
BRDA:2050,228,0,0
BRDA:2050,228,1,1
BRDA:2053,229,0,0
BRDA:2053,229,1,1
BRDA:2057,230,0,0
BRDA:2057,230,1,0
BRDA:2061,231,0,1
BRDA:2061,231,1,0
BRDA:2069,232,0,0
BRDA:2069,232,1,1
BRDA:2073,233,0,0
BRDA:2073,233,1,0
BRDA:2090,234,0,0
BRDA:2090,234,1,0
BRDA:2097,235,0,0
BRDA:2097,235,1,0
BRDA:2099,236,0,0
BRDA:2099,236,1,0
BRDA:2105,237,0,0
BRDA:2105,237,1,0
BRDA:2109,238,0,0
BRDA:2109,238,1,0
BRDA:2143,239,0,0
BRDA:2143,239,1,0
BRDA:2156,240,0,0
BRDA:2156,240,1,0
BRDA:2162,241,0,0
BRDA:2162,241,1,0
BRDA:2186,242,0,0
BRDA:2186,242,1,0
BRDA:2190,243,0,0
BRDA:2190,243,1,0
BRDA:2196,244,0,0
BRDA:2196,244,1,0
BRDA:2208,245,0,0
BRDA:2208,245,1,0
BRDA:2212,246,0,0
BRDA:2212,246,1,0
BRDA:2216,247,0,0
BRDA:2216,247,1,0
BRDA:2237,248,0,0
BRDA:2237,248,1,0
BRDA:2237,249,0,0
BRDA:2237,249,1,0
BRDA:2244,250,0,0
BRDA:2244,250,1,0
BRDA:2246,251,0,0
BRDA:2246,251,1,0
BRDA:2252,252,0,0
BRDA:2252,252,1,0
BRDA:2257,253,0,0
BRDA:2257,253,1,0
BRDA:2259,254,0,0
BRDA:2259,254,1,0
BRDA:2262,255,0,0
BRDA:2262,255,1,0
BRDA:2279,256,0,0
BRDA:2279,256,1,0
BRDA:2291,257,0,0
BRDA:2291,257,1,0
BRDA:2306,258,0,0
BRDA:2306,258,1,0
BRDA:2315,259,0,0
BRDA:2315,259,1,0
BRDA:2342,260,0,0
BRDA:2342,260,1,0
BRDA:2346,261,0,0
BRDA:2346,261,1,0
BRDA:2350,262,0,0
BRDA:2350,262,1,0
BRDA:2377,263,0,0
BRDA:2377,263,1,0
BRDA:2458,264,0,0
BRDA:2460,265,0,0
BRDA:2460,265,1,0
BRF:535
BRH:152
end_of_record
TN:
SF:main-services\booking-service\services\statisticService.js
FN:14,(anonymous_0)
FN:22,(anonymous_1)
FN:63,(anonymous_2)
FN:64,(anonymous_3)
FN:81,(anonymous_4)
FN:93,(anonymous_5)
FN:118,(anonymous_6)
FN:119,(anonymous_7)
FN:168,(anonymous_8)
FN:180,(anonymous_9)
FN:202,(anonymous_10)
FN:203,(anonymous_11)
FN:251,(anonymous_12)
FN:262,(anonymous_13)
FN:284,(anonymous_14)
FN:285,(anonymous_15)
FN:324,(anonymous_16)
FN:332,(anonymous_17)
FN:338,(anonymous_18)
FN:363,(anonymous_19)
FN:368,(anonymous_20)
FN:383,(anonymous_21)
FN:414,(anonymous_22)
FN:464,(anonymous_23)
FN:496,(anonymous_24)
FN:508,(anonymous_25)
FN:519,(anonymous_26)
FN:529,(anonymous_27)
FN:562,(anonymous_28)
FN:583,(anonymous_29)
FN:603,(anonymous_30)
FNF:31
FNH:10
FNDA:6,(anonymous_0)
FNDA:1,(anonymous_1)
FNDA:0,(anonymous_2)
FNDA:0,(anonymous_3)
FNDA:0,(anonymous_4)
FNDA:0,(anonymous_5)
FNDA:0,(anonymous_6)
FNDA:0,(anonymous_7)
FNDA:0,(anonymous_8)
FNDA:0,(anonymous_9)
FNDA:0,(anonymous_10)
FNDA:0,(anonymous_11)
FNDA:0,(anonymous_12)
FNDA:0,(anonymous_13)
FNDA:0,(anonymous_14)
FNDA:0,(anonymous_15)
FNDA:4,(anonymous_16)
FNDA:1,(anonymous_17)
FNDA:0,(anonymous_18)
FNDA:1,(anonymous_19)
FNDA:1,(anonymous_20)
FNDA:1,(anonymous_21)
FNDA:0,(anonymous_22)
FNDA:1,(anonymous_23)
FNDA:0,(anonymous_24)
FNDA:0,(anonymous_25)
FNDA:1,(anonymous_26)
FNDA:0,(anonymous_27)
FNDA:7,(anonymous_28)
FNDA:0,(anonymous_29)
FNDA:0,(anonymous_30)
DA:15,6
DA:16,6
DA:17,6
DA:18,6
DA:19,6
DA:22,6
DA:23,1
DA:24,1
DA:25,1
DA:26,1
DA:28,1
DA:29,1
DA:31,1
DA:32,1
DA:34,0
DA:35,0
DA:38,0
DA:39,0
DA:40,0
DA:41,0
DA:44,0
DA:45,0
DA:46,0
DA:49,0
DA:50,0
DA:53,0
DA:63,0
DA:64,0
DA:65,0
DA:72,0
DA:73,0
DA:76,1
DA:77,1
DA:81,6
DA:82,0
DA:83,0
DA:84,0
DA:86,0
DA:87,0
DA:89,0
DA:90,0
DA:91,0
DA:93,0
DA:94,0
DA:112,0
DA:118,0
DA:119,0
DA:120,0
DA:121,0
DA:124,0
DA:125,0
DA:127,0
DA:128,0
DA:129,0
DA:131,0
DA:132,0
DA:133,0
DA:134,0
DA:136,0
DA:137,0
DA:141,0
DA:142,0
DA:144,0
DA:152,0
DA:154,0
DA:159,0
DA:160,0
DA:163,0
DA:164,0
DA:168,6
DA:169,0
DA:170,0
DA:171,0
DA:173,0
DA:175,0
DA:176,0
DA:177,0
DA:178,0
DA:180,0
DA:181,0
DA:197,0
DA:202,0
DA:203,0
DA:204,0
DA:205,0
DA:208,0
DA:209,0
DA:211,0
DA:212,0
DA:213,0
DA:215,0
DA:216,0
DA:217,0
DA:219,0
DA:220,0
DA:222,0
DA:223,0
DA:225,0
DA:226,0
DA:228,0
DA:235,0
DA:237,0
DA:242,0
DA:243,0
DA:246,0
DA:247,0
DA:251,6
DA:252,0
DA:253,0
DA:254,0
DA:256,0
DA:258,0
DA:259,0
DA:260,0
DA:262,0
DA:263,0
DA:279,0
DA:284,0
DA:285,0
DA:287,0
DA:289,0
DA:290,0
DA:291,0
DA:293,0
DA:294,0
DA:295,0
DA:297,0
DA:298,0
DA:300,0
DA:307,0
DA:310,0
DA:315,0
DA:316,0
DA:319,0
DA:320,0
DA:324,6
DA:325,4
DA:326,4
DA:328,4
DA:332,4
DA:334,4
DA:338,4
DA:339,4
DA:340,4
DA:341,0
DA:342,0
DA:343,0
DA:344,0
DA:345,0
DA:351,4
DA:362,4
DA:363,4
DA:364,1
DA:367,4
DA:368,4
DA:369,1
DA:372,4
DA:380,4
DA:381,4
DA:383,4
DA:384,1
DA:386,1
DA:387,1
DA:388,1
DA:389,0
DA:390,0
DA:392,0
DA:395,1
DA:396,1
DA:397,1
DA:406,1
DA:407,1
DA:408,1
DA:409,1
DA:411,1
DA:414,4
DA:415,0
DA:416,0
DA:418,0
DA:419,0
DA:421,0
DA:422,0
DA:431,0
DA:432,0
DA:433,0
DA:434,0
DA:436,0
DA:437,0
DA:441,4
DA:445,4
DA:447,4
DA:464,6
DA:465,1
DA:466,1
DA:468,1
DA:471,1
DA:472,1
DA:476,1
DA:485,1
DA:488,1
DA:489,1
DA:496,1
DA:497,1
DA:500,1
DA:501,1
DA:508,1
DA:509,1
DA:511,1
DA:514,0
DA:515,0
DA:519,6
DA:520,1
DA:521,1
DA:523,1
DA:526,1
DA:527,1
DA:529,1
DA:530,0
DA:534,1
DA:535,1
DA:548,1
DA:549,1
DA:551,1
DA:561,1
DA:562,1
DA:563,7
DA:573,7
DA:577,1
DA:580,1
DA:581,1
DA:583,1
DA:591,1
DA:600,1
DA:601,1
DA:603,1
DA:611,1
DA:619,1
DA:620,1
DA:623,0
DA:624,0
LF:240
LH:99
BRDA:22,0,0,0
BRDA:26,1,0,0
BRDA:26,1,1,1
BRDA:31,2,0,1
BRDA:31,2,1,0
BRDA:31,3,0,1
BRDA:31,3,1,1
BRDA:34,4,0,0
BRDA:34,4,1,0
BRDA:34,5,0,0
BRDA:34,5,1,0
BRDA:38,6,0,0
BRDA:38,6,1,0
BRDA:38,7,0,0
BRDA:38,7,1,0
BRDA:40,8,0,0
BRDA:40,8,1,0
BRDA:41,9,0,0
BRDA:41,9,1,0
BRDA:45,10,0,0
BRDA:45,10,1,0
BRDA:45,11,0,0
BRDA:45,11,1,0
BRDA:49,12,0,0
BRDA:49,12,1,0
BRDA:68,13,0,0
BRDA:68,13,1,0
BRDA:84,14,0,0
BRDA:84,14,1,0
BRDA:136,15,0,0
BRDA:136,15,1,0
BRDA:137,16,0,0
BRDA:137,16,1,0
BRDA:152,17,0,0
BRDA:152,17,1,0
BRDA:171,18,0,0
BRDA:171,18,1,0
BRDA:222,19,0,0
BRDA:222,19,1,0
BRDA:223,20,0,0
BRDA:223,20,1,0
BRDA:235,21,0,0
BRDA:235,21,1,0
BRDA:254,22,0,0
BRDA:254,22,1,0
BRDA:294,23,0,0
BRDA:294,23,1,0
BRDA:295,24,0,0
BRDA:295,24,1,0
BRDA:307,25,0,0
BRDA:307,25,1,0
BRDA:340,26,0,0
BRDA:340,26,1,4
BRDA:340,27,0,4
BRDA:340,27,1,0
BRDA:343,28,0,0
BRDA:343,28,1,0
BRDA:384,29,0,1
BRDA:384,29,1,0
BRDA:386,30,0,1
BRDA:386,30,1,0
BRDA:388,31,0,1
BRDA:388,31,1,0
BRDA:389,32,0,0
BRDA:389,32,1,0
BRDA:396,33,0,1
BRDA:396,33,1,0
BRDA:407,34,0,1
BRDA:407,34,1,0
BRDA:409,35,0,1
BRDA:409,35,1,0
BRDA:411,36,0,0
BRDA:411,36,1,1
BRDA:416,37,0,0
BRDA:416,37,1,0
BRDA:418,38,0,0
BRDA:418,38,1,0
BRDA:419,39,0,0
BRDA:419,39,1,0
BRDA:421,40,0,0
BRDA:421,40,1,0
BRDA:432,41,0,0
BRDA:432,41,1,0
BRDA:434,42,0,0
BRDA:434,42,1,0
BRDA:436,43,0,0
BRDA:436,43,1,0
BRDA:441,44,0,3
BRDA:441,44,1,1
BRDA:453,45,0,3
BRDA:453,45,1,1
BRDA:552,46,0,1
BRDA:552,46,1,1
BRDA:553,47,0,1
BRDA:553,47,1,1
BRDA:554,48,0,1
BRDA:554,48,1,1
BRDA:555,49,0,1
BRDA:555,49,1,1
BRDA:556,50,0,1
BRDA:556,50,1,1
BRDA:557,51,0,1
BRDA:557,51,1,1
BRDA:558,52,0,1
BRDA:558,52,1,1
BRDA:583,53,0,1
BRDA:583,53,1,0
BRDA:585,54,0,0
BRDA:585,54,1,0
BRDA:586,55,0,0
BRDA:586,55,1,0
BRDA:587,56,0,0
BRDA:587,56,1,0
BRDA:588,57,0,0
BRDA:588,57,1,0
BRDA:603,58,0,1
BRDA:603,58,1,0
BRDA:604,59,0,0
BRDA:604,59,1,0
BRDA:605,60,0,0
BRDA:605,60,1,0
BRDA:606,61,0,0
BRDA:606,61,1,0
BRDA:607,62,0,0
BRDA:607,62,1,0
BRDA:608,63,0,0
BRDA:608,63,1,0
BRF:127
BRH:33
end_of_record
TN:
SF:main-services\customer-service\services\customerService.js
FN:22,(anonymous_0)
FN:28,(anonymous_1)
FN:62,(anonymous_2)
FN:80,(anonymous_3)
FN:87,(anonymous_4)
FN:102,(anonymous_5)
FN:131,(anonymous_6)
FN:226,(anonymous_7)
FN:275,(anonymous_8)
FN:321,(anonymous_9)
FN:364,(anonymous_10)
FN:371,(anonymous_11)
FN:394,(anonymous_12)
FN:406,(anonymous_13)
FN:418,(anonymous_14)
FN:428,(anonymous_15)
FN:442,(anonymous_16)
FN:455,(anonymous_17)
FN:486,(anonymous_18)
FN:506,(anonymous_19)
FN:514,(anonymous_20)
FN:522,(anonymous_21)
FN:527,(anonymous_22)
FN:545,(anonymous_23)
FN:559,(anonymous_24)
FN:578,(anonymous_25)
FN:582,(anonymous_26)
FN:593,(anonymous_27)
FN:600,(anonymous_28)
FN:658,(anonymous_29)
FN:667,(anonymous_30)
FN:700,(anonymous_31)
FN:722,(anonymous_32)
FN:745,(anonymous_33)
FN:763,(anonymous_34)
FN:784,(anonymous_35)
FN:835,(anonymous_36)
FN:863,(anonymous_37)
FN:907,(anonymous_38)
FN:913,(anonymous_39)
FN:919,(anonymous_40)
FN:930,(anonymous_41)
FNF:42
FNH:9
FNDA:23,(anonymous_0)
FNDA:0,(anonymous_1)
FNDA:0,(anonymous_2)
FNDA:0,(anonymous_3)
FNDA:0,(anonymous_4)
FNDA:0,(anonymous_5)
FNDA:0,(anonymous_6)
FNDA:0,(anonymous_7)
FNDA:0,(anonymous_8)
FNDA:7,(anonymous_9)
FNDA:6,(anonymous_10)
FNDA:2,(anonymous_11)
FNDA:0,(anonymous_12)
FNDA:1,(anonymous_13)
FNDA:0,(anonymous_14)
FNDA:0,(anonymous_15)
FNDA:0,(anonymous_16)
FNDA:0,(anonymous_17)
FNDA:0,(anonymous_18)
FNDA:0,(anonymous_19)
FNDA:0,(anonymous_20)
FNDA:0,(anonymous_21)
FNDA:0,(anonymous_22)
FNDA:0,(anonymous_23)
FNDA:0,(anonymous_24)
FNDA:0,(anonymous_25)
FNDA:5,(anonymous_26)
FNDA:1,(anonymous_27)
FNDA:7,(anonymous_28)
FNDA:0,(anonymous_29)
FNDA:0,(anonymous_30)
FNDA:0,(anonymous_31)
FNDA:0,(anonymous_32)
FNDA:0,(anonymous_33)
FNDA:0,(anonymous_34)
FNDA:0,(anonymous_35)
FNDA:0,(anonymous_36)
FNDA:0,(anonymous_37)
FNDA:0,(anonymous_38)
FNDA:0,(anonymous_39)
FNDA:0,(anonymous_40)
FNDA:3,(anonymous_41)
DA:18,3
DA:19,3
DA:23,23
DA:24,23
DA:25,23
DA:28,23
DA:29,0
DA:30,0
DA:31,0
DA:32,0
DA:34,0
DA:35,0
DA:37,0
DA:38,0
DA:40,0
DA:41,0
DA:42,0
DA:43,0
DA:46,0
DA:47,0
DA:48,0
DA:49,0
DA:52,0
DA:57,0
DA:58,0
DA:59,0
DA:62,0
DA:65,0
DA:66,0
DA:67,0
DA:68,0
DA:69,0
DA:70,0
DA:72,0
DA:76,0
DA:77,0
DA:78,0
DA:80,0
DA:81,0
DA:82,0
DA:83,0
DA:87,0
DA:92,0
DA:93,0
DA:94,0
DA:97,0
DA:98,0
DA:102,23
DA:103,0
DA:104,0
DA:105,0
DA:107,0
DA:111,0
DA:112,0
DA:115,0
DA:116,0
DA:117,0
DA:119,0
DA:127,0
DA:128,0
DA:131,23
DA:132,0
DA:140,0
DA:142,0
DA:143,0
DA:146,0
DA:147,0
DA:148,0
DA:151,0
DA:152,0
DA:154,0
DA:155,0
DA:156,0
DA:158,0
DA:161,0
DA:162,0
DA:163,0
DA:164,0
DA:168,0
DA:175,0
DA:176,0
DA:180,0
DA:181,0
DA:182,0
DA:185,0
DA:186,0
DA:187,0
DA:188,0
DA:193,0
DA:194,0
DA:195,0
DA:198,0
DA:199,0
DA:200,0
DA:201,0
DA:206,0
DA:207,0
DA:208,0
DA:209,0
DA:210,0
DA:212,0
DA:213,0
DA:218,0
DA:221,0
DA:222,0
DA:226,23
DA:227,0
DA:228,0
DA:229,0
DA:232,0
DA:233,0
DA:234,0
DA:237,0
DA:238,0
DA:241,0
DA:242,0
DA:245,0
DA:246,0
DA:249,0
DA:250,0
DA:252,0
DA:259,0
DA:260,0
DA:263,0
DA:268,0
DA:270,0
DA:271,0
DA:275,23
DA:276,0
DA:277,0
DA:278,0
DA:281,0
DA:282,0
DA:283,0
DA:286,0
DA:287,0
DA:290,0
DA:291,0
DA:294,0
DA:295,0
DA:297,0
DA:304,0
DA:305,0
DA:308,0
DA:313,0
DA:316,0
DA:317,0
DA:321,23
DA:322,7
DA:323,1
DA:326,6
DA:327,2
DA:330,4
DA:331,1
DA:334,3
DA:335,3
DA:336,1
DA:339,2
DA:343,2
DA:345,2
DA:346,2
DA:348,2
DA:356,2
DA:361,2
DA:364,23
DA:365,6
DA:366,4
DA:367,3
DA:368,2
DA:371,23
DA:372,2
DA:373,2
DA:374,0
DA:376,2
DA:381,2
DA:382,1
DA:383,1
DA:384,1
DA:391,2
DA:395,0
DA:396,0
DA:397,0
DA:399,0
DA:402,0
DA:403,0
DA:407,1
DA:408,1
DA:409,1
DA:411,1
DA:415,1
DA:417,1
DA:418,1
DA:420,1
DA:424,1
DA:426,1
DA:427,1
DA:428,1
DA:429,0
DA:432,1
DA:442,1
DA:443,0
DA:444,0
DA:445,0
DA:447,0
DA:448,0
DA:453,1
DA:455,1
DA:456,0
DA:457,0
DA:458,0
DA:467,0
DA:469,0
DA:470,0
DA:471,0
DA:473,0
DA:474,0
DA:475,0
DA:476,0
DA:479,0
DA:480,0
DA:485,1
DA:486,1
DA:487,0
DA:488,0
DA:495,0
DA:496,0
DA:500,1
DA:506,1
DA:507,0
DA:508,0
DA:509,0
DA:513,1
DA:514,0
DA:522,0
DA:526,1
DA:528,0
DA:529,0
DA:531,0
DA:544,1
DA:545,1
DA:546,0
DA:549,1
DA:557,1
DA:559,1
DA:560,0
DA:564,0
DA:565,0
DA:566,0
DA:567,0
DA:568,0
DA:571,1
DA:578,0
DA:582,5
DA:588,0
DA:589,0
DA:593,23
DA:594,1
DA:595,1
DA:596,1
DA:599,1
DA:600,1
DA:601,7
DA:605,1
DA:606,1
DA:611,1
DA:614,1
DA:615,1
DA:622,1
DA:625,1
DA:626,1
DA:632,1
DA:635,1
DA:636,1
DA:640,1
DA:643,1
DA:644,1
DA:648,1
DA:650,1
DA:653,0
DA:654,0
DA:658,23
DA:659,0
DA:660,0
DA:661,0
DA:664,0
DA:665,0
DA:667,0
DA:668,0
DA:672,0
DA:673,0
DA:686,0
DA:687,0
DA:689,0
DA:699,0
DA:700,0
DA:701,0
DA:711,0
DA:715,0
DA:718,0
DA:719,0
DA:720,0
DA:722,0
DA:730,0
DA:740,0
DA:741,0
DA:743,0
DA:745,0
DA:751,0
DA:759,0
DA:760,0
DA:761,0
DA:763,0
DA:768,0
DA:774,0
DA:775,0
DA:778,0
DA:779,0
DA:784,23
DA:785,0
DA:786,0
DA:790,0
DA:792,0
DA:798,0
DA:800,0
DA:801,0
DA:804,0
DA:805,0
DA:808,0
DA:809,0
DA:810,0
DA:812,0
DA:813,0
DA:824,0
DA:825,0
DA:826,0
DA:829,0
DA:835,23
DA:836,0
DA:837,0
DA:838,0
DA:840,0
DA:844,0
DA:845,0
DA:846,0
DA:847,0
DA:850,0
DA:851,0
DA:852,0
DA:859,0
DA:860,0
DA:863,23
DA:866,0
DA:868,0
DA:869,0
DA:870,0
DA:871,0
DA:872,0
DA:875,0
DA:876,0
DA:877,0
DA:879,0
DA:880,0
DA:881,0
DA:885,0
DA:886,0
DA:887,0
DA:888,0
DA:889,0
DA:890,0
DA:891,0
DA:893,0
DA:895,0
DA:902,0
DA:908,0
DA:914,0
DA:920,0
DA:923,0
DA:924,0
DA:927,0
DA:933,3
DA:934,3
DA:935,3
DA:936,0
DA:938,3
DA:940,3
DA:944,3
DA:945,1
DA:947,2
DA:948,1
DA:951,1
DA:956,1
DA:957,1
DA:960,2
DA:961,2
LF:394
LH:111
BRDA:28,0,0,0
BRDA:32,1,0,0
BRDA:32,1,1,0
BRDA:37,2,0,0
BRDA:37,2,1,0
BRDA:38,3,0,0
BRDA:38,3,1,0
BRDA:40,4,0,0
BRDA:40,4,1,0
BRDA:40,5,0,0
BRDA:40,5,1,0
BRDA:42,6,0,0
BRDA:42,6,1,0
BRDA:43,7,0,0
BRDA:43,7,1,0
BRDA:46,8,0,0
BRDA:46,8,1,0
BRDA:46,9,0,0
BRDA:46,9,1,0
BRDA:48,10,0,0
BRDA:48,10,1,0
BRDA:49,11,0,0
BRDA:49,11,1,0
BRDA:57,12,0,0
BRDA:57,12,1,0
BRDA:69,13,0,0
BRDA:69,13,1,0
BRDA:76,14,0,0
BRDA:76,14,1,0
BRDA:78,15,0,0
BRDA:78,15,1,0
BRDA:89,16,0,0
BRDA:89,16,1,0
BRDA:105,17,0,0
BRDA:105,17,1,0
BRDA:111,18,0,0
BRDA:111,18,1,0
BRDA:116,19,0,0
BRDA:116,19,1,0
BRDA:142,20,0,0
BRDA:142,20,1,0
BRDA:147,21,0,0
BRDA:147,21,1,0
BRDA:151,22,0,0
BRDA:151,22,1,0
BRDA:155,23,0,0
BRDA:155,23,1,0
BRDA:161,24,0,0
BRDA:161,24,1,0
BRDA:163,25,0,0
BRDA:163,25,1,0
BRDA:175,26,0,0
BRDA:175,26,1,0
BRDA:180,27,0,0
BRDA:180,27,1,0
BRDA:181,28,0,0
BRDA:181,28,1,0
BRDA:185,29,0,0
BRDA:185,29,1,0
BRDA:187,30,0,0
BRDA:187,30,1,0
BRDA:193,31,0,0
BRDA:193,31,1,0
BRDA:194,32,0,0
BRDA:194,32,1,0
BRDA:198,33,0,0
BRDA:198,33,1,0
BRDA:200,34,0,0
BRDA:200,34,1,0
BRDA:206,35,0,0
BRDA:206,35,1,0
BRDA:207,36,0,0
BRDA:207,36,1,0
BRDA:208,37,0,0
BRDA:208,37,1,0
BRDA:209,38,0,0
BRDA:209,38,1,0
BRDA:210,39,0,0
BRDA:210,39,1,0
BRDA:228,40,0,0
BRDA:228,40,1,0
BRDA:233,41,0,0
BRDA:233,41,1,0
BRDA:237,42,0,0
BRDA:237,42,1,0
BRDA:241,43,0,0
BRDA:241,43,1,0
BRDA:245,44,0,0
BRDA:245,44,1,0
BRDA:259,45,0,0
BRDA:259,45,1,0
BRDA:277,46,0,0
BRDA:277,46,1,0
BRDA:282,47,0,0
BRDA:282,47,1,0
BRDA:286,48,0,0
BRDA:286,48,1,0
BRDA:290,49,0,0
BRDA:290,49,1,0
BRDA:304,50,0,0
BRDA:304,50,1,0
BRDA:322,51,0,1
BRDA:322,51,1,6
BRDA:326,52,0,2
BRDA:326,52,1,4
BRDA:326,53,0,6
BRDA:326,53,1,5
BRDA:330,54,0,1
BRDA:330,54,1,3
BRDA:330,55,0,4
BRDA:330,55,1,3
BRDA:335,56,0,1
BRDA:335,56,1,2
BRDA:365,57,0,2
BRDA:365,57,1,4
BRDA:365,58,0,6
BRDA:365,58,1,2
BRDA:366,59,0,1
BRDA:366,59,1,3
BRDA:366,60,0,4
BRDA:366,60,1,1
BRDA:367,61,0,1
BRDA:367,61,1,2
BRDA:367,62,0,3
BRDA:367,62,1,1
BRDA:373,63,0,0
BRDA:373,63,1,2
BRDA:377,64,0,2
BRDA:377,64,1,1
BRDA:378,65,0,2
BRDA:378,65,1,0
BRDA:381,66,0,1
BRDA:381,66,1,1
BRDA:397,67,0,0
BRDA:397,67,1,0
BRDA:402,68,0,0
BRDA:402,68,1,0
BRDA:415,69,0,0
BRDA:415,69,1,1
BRDA:424,70,0,0
BRDA:424,70,1,1
BRDA:443,71,0,0
BRDA:443,71,1,0
BRDA:444,72,0,0
BRDA:444,72,1,0
BRDA:445,73,0,0
BRDA:445,73,1,0
BRDA:447,74,0,0
BRDA:447,74,1,0
BRDA:447,75,0,0
BRDA:447,75,1,0
BRDA:457,76,0,0
BRDA:457,76,1,0
BRDA:467,77,0,0
BRDA:467,77,1,0
BRDA:470,78,0,0
BRDA:470,78,1,0
BRDA:473,79,0,0
BRDA:473,79,1,0
BRDA:475,80,0,0
BRDA:475,80,1,0
BRDA:476,81,0,0
BRDA:476,81,1,0
BRDA:479,82,0,0
BRDA:479,82,1,0
BRDA:487,83,0,0
BRDA:487,83,1,0
BRDA:496,84,0,0
BRDA:496,84,1,0
BRDA:507,85,0,0
BRDA:507,85,1,0
BRDA:508,86,0,0
BRDA:508,86,1,0
BRDA:508,87,0,0
BRDA:508,87,1,0
BRDA:509,88,0,0
BRDA:509,88,1,0
BRDA:519,89,0,0
BRDA:519,89,1,0
BRDA:520,90,0,0
BRDA:520,90,1,0
BRDA:529,91,0,0
BRDA:529,91,1,0
BRDA:529,92,0,0
BRDA:529,92,1,0
BRDA:546,93,0,0
BRDA:546,93,1,0
BRDA:564,94,0,0
BRDA:564,94,1,0
BRDA:565,95,0,0
BRDA:565,95,1,0
BRDA:566,96,0,0
BRDA:566,96,1,0
BRDA:567,97,0,0
BRDA:567,97,1,0
BRDA:690,98,0,0
BRDA:690,98,1,0
BRDA:691,99,0,0
BRDA:691,99,1,0
BRDA:692,100,0,0
BRDA:692,100,1,0
BRDA:693,101,0,0
BRDA:693,101,1,0
BRDA:694,102,0,0
BRDA:694,102,1,0
BRDA:695,103,0,0
BRDA:695,103,1,0
BRDA:696,104,0,0
BRDA:696,104,1,0
BRDA:718,105,0,0
BRDA:718,105,1,0
BRDA:718,106,0,0
BRDA:718,106,1,0
BRDA:723,107,0,0
BRDA:723,107,1,0
BRDA:724,108,0,0
BRDA:724,108,1,0
BRDA:725,109,0,0
BRDA:725,109,1,0
BRDA:726,110,0,0
BRDA:726,110,1,0
BRDA:740,111,0,0
BRDA:740,111,1,0
BRDA:740,112,0,0
BRDA:740,112,1,0
BRDA:746,113,0,0
BRDA:746,113,1,0
BRDA:747,114,0,0
BRDA:747,114,1,0
BRDA:748,115,0,0
BRDA:748,115,1,0
BRDA:759,116,0,0
BRDA:759,116,1,0
BRDA:759,117,0,0
BRDA:759,117,1,0
BRDA:764,118,0,0
BRDA:764,118,1,0
BRDA:765,119,0,0
BRDA:765,119,1,0
BRDA:785,120,0,0
BRDA:785,120,1,0
BRDA:800,121,0,0
BRDA:800,121,1,0
BRDA:808,122,0,0
BRDA:808,122,1,0
BRDA:808,123,0,0
BRDA:808,123,1,0
BRDA:812,124,0,0
BRDA:812,124,1,0
BRDA:815,125,0,0
BRDA:815,125,1,0
BRDA:816,126,0,0
BRDA:816,126,1,0
BRDA:817,127,0,0
BRDA:817,127,1,0
BRDA:818,128,0,0
BRDA:818,128,1,0
BRDA:819,129,0,0
BRDA:819,129,1,0
BRDA:824,130,0,0
BRDA:824,130,1,0
BRDA:838,131,0,0
BRDA:838,131,1,0
BRDA:844,132,0,0
BRDA:844,132,1,0
BRDA:851,133,0,0
BRDA:851,133,1,0
BRDA:869,134,0,0
BRDA:869,134,1,0
BRDA:875,135,0,0
BRDA:875,135,1,0
BRDA:876,136,0,0
BRDA:876,136,1,0
BRDA:879,137,0,0
BRDA:879,137,1,0
BRDA:881,138,0,0
BRDA:881,138,1,0
BRDA:885,139,0,0
BRDA:885,139,1,0
BRDA:886,140,0,0
BRDA:886,140,1,0
BRDA:887,141,0,0
BRDA:887,141,1,0
BRDA:888,142,0,0
BRDA:888,142,1,0
BRDA:889,143,0,0
BRDA:889,143,1,0
BRDA:890,144,0,0
BRDA:890,144,1,0
BRDA:891,145,0,0
BRDA:891,145,1,0
BRDA:923,146,0,0
BRDA:923,146,1,0
BRDA:935,147,0,0
BRDA:935,147,1,3
BRDA:944,148,0,1
BRDA:944,148,1,2
BRDA:947,149,0,1
BRDA:947,149,1,1
BRF:299
BRH:37
end_of_record
TN:
SF:main-services\discount-service\services\discountService.js
FN:6,(anonymous_0)
FN:11,(anonymous_1)
FN:61,(anonymous_2)
FN:131,(anonymous_3)
FN:153,(anonymous_4)
FN:178,(anonymous_5)
FN:200,(anonymous_6)
FN:288,(anonymous_7)
FN:310,(anonymous_8)
FN:359,(anonymous_9)
FN:374,(anonymous_10)
FN:375,(anonymous_11)
FN:381,(anonymous_12)
FN:388,(anonymous_13)
FN:411,(anonymous_14)
FN:437,(anonymous_15)
FN:445,(anonymous_16)
FN:452,(anonymous_17)
FN:484,(anonymous_18)
FN:516,(anonymous_19)
FN:529,(anonymous_20)
FN:536,(anonymous_21)
FN:541,(anonymous_22)
FNF:23
FNH:10
FNDA:8,(anonymous_0)
FNDA:4,(anonymous_1)
FNDA:1,(anonymous_2)
FNDA:0,(anonymous_3)
FNDA:1,(anonymous_4)
FNDA:1,(anonymous_5)
FNDA:2,(anonymous_6)
FNDA:1,(anonymous_7)
FNDA:0,(anonymous_8)
FNDA:0,(anonymous_9)
FNDA:0,(anonymous_10)
FNDA:0,(anonymous_11)
FNDA:0,(anonymous_12)
FNDA:0,(anonymous_13)
FNDA:0,(anonymous_14)
FNDA:0,(anonymous_15)
FNDA:0,(anonymous_16)
FNDA:2,(anonymous_17)
FNDA:2,(anonymous_18)
FNDA:0,(anonymous_19)
FNDA:0,(anonymous_20)
FNDA:0,(anonymous_21)
FNDA:2,(anonymous_22)
DA:7,8
DA:8,8
DA:12,4
DA:14,4
DA:16,4
DA:17,1
DA:20,3
DA:21,3
DA:22,1
DA:25,2
DA:26,2
DA:28,2
DA:29,1
DA:31,1
DA:32,1
DA:33,1
DA:34,0
DA:35,0
DA:36,1
DA:37,0
DA:40,1
DA:52,1
DA:53,1
DA:56,3
DA:57,3
DA:62,1
DA:64,1
DA:66,1
DA:77,1
DA:78,1
DA:80,1
DA:82,1
DA:83,1
DA:84,1
DA:87,1
DA:88,0
DA:89,0
DA:90,0
DA:94,1
DA:95,0
DA:98,1
DA:99,0
DA:102,1
DA:103,0
DA:104,0
DA:116,1
DA:122,1
DA:123,1
DA:126,0
DA:127,0
DA:132,0
DA:133,0
DA:134,0
DA:135,0
DA:137,0
DA:140,0
DA:141,0
DA:144,0
DA:145,0
DA:148,0
DA:149,0
DA:154,1
DA:155,1
DA:157,1
DA:158,0
DA:160,1
DA:161,1
DA:162,1
DA:165,0
DA:166,0
DA:170,0
DA:173,1
DA:174,1
DA:179,1
DA:180,1
DA:181,1
DA:182,0
DA:184,1
DA:185,1
DA:186,1
DA:187,1
DA:192,1
DA:195,0
DA:196,0
DA:201,2
DA:202,2
DA:203,2
DA:204,0
DA:206,2
DA:221,2
DA:222,1
DA:226,1
DA:227,1
DA:229,0
DA:232,1
DA:233,0
DA:236,1
DA:237,0
DA:238,0
DA:240,0
DA:242,0
DA:243,0
DA:246,0
DA:247,0
DA:248,0
DA:249,0
DA:250,0
DA:251,0
DA:253,0
DA:254,0
DA:258,1
DA:259,1
DA:260,1
DA:262,0
DA:265,0
DA:266,0
DA:267,0
DA:270,0
DA:271,0
DA:272,0
DA:275,0
DA:276,0
DA:280,0
DA:283,2
DA:284,2
DA:289,1
DA:290,1
DA:292,1
DA:293,1
DA:294,1
DA:295,1
DA:298,0
DA:299,0
DA:301,0
DA:310,0
DA:311,0
DA:312,0
DA:313,0
DA:315,0
DA:316,0
DA:317,0
DA:318,0
DA:319,0
DA:320,0
DA:322,0
DA:326,0
DA:330,0
DA:349,0
DA:352,1
DA:353,1
DA:360,0
DA:361,0
DA:363,0
DA:373,0
DA:374,0
DA:375,0
DA:381,0
DA:382,0
DA:388,0
DA:404,0
DA:405,0
DA:412,0
DA:413,0
DA:414,0
DA:416,0
DA:417,0
DA:420,0
DA:421,0
DA:422,0
DA:424,0
DA:425,0
DA:426,0
DA:430,0
DA:431,0
DA:434,0
DA:438,0
DA:439,0
DA:441,0
DA:442,0
DA:446,0
DA:447,0
DA:449,0
DA:453,2
DA:454,0
DA:457,2
DA:459,2
DA:460,0
DA:463,2
DA:464,0
DA:467,2
DA:468,2
DA:469,0
DA:472,2
DA:473,0
DA:477,2
DA:478,0
DA:479,0
DA:485,2
DA:490,0
DA:492,0
DA:493,0
DA:494,0
DA:497,0
DA:498,0
DA:499,0
DA:503,0
DA:504,0
DA:505,0
DA:509,0
DA:510,0
DA:513,0
DA:514,0
DA:515,0
DA:516,0
DA:517,0
DA:520,0
DA:521,0
DA:522,0
DA:523,0
DA:526,0
DA:527,0
DA:528,0
DA:529,0
DA:530,0
DA:533,0
DA:534,0
DA:535,0
DA:536,0
DA:537,0
DA:542,2
DA:543,0
DA:546,2
DA:547,2
DA:548,2
DA:550,2
DA:551,1
DA:554,1
DA:555,0
DA:558,1
LF:239
LH:94
BRDA:16,0,0,1
BRDA:16,0,1,3
BRDA:16,1,0,4
BRDA:16,1,1,4
BRDA:16,1,2,3
BRDA:16,1,3,3
BRDA:21,2,0,1
BRDA:21,2,1,2
BRDA:33,3,0,0
BRDA:33,3,1,1
BRDA:33,4,0,1
BRDA:33,4,1,0
BRDA:36,5,0,0
BRDA:36,5,1,1
BRDA:44,6,0,0
BRDA:44,6,1,1
BRDA:44,7,0,1
BRDA:44,7,1,0
BRDA:47,8,0,1
BRDA:47,8,1,1
BRDA:61,9,0,0
BRDA:64,10,0,1
BRDA:64,11,0,1
BRDA:67,12,0,1
BRDA:67,12,1,0
BRDA:68,13,0,1
BRDA:68,13,1,0
BRDA:69,14,0,1
BRDA:69,14,1,1
BRDA:70,15,0,1
BRDA:70,15,1,1
BRDA:71,16,0,1
BRDA:71,16,1,1
BRDA:72,17,0,1
BRDA:72,17,1,1
BRDA:73,18,0,1
BRDA:73,18,1,1
BRDA:78,19,0,0
BRDA:78,19,1,1
BRDA:82,20,0,1
BRDA:82,20,1,0
BRDA:83,21,0,1
BRDA:83,21,1,0
BRDA:84,22,0,0
BRDA:84,22,1,1
BRDA:87,23,0,0
BRDA:87,23,1,1
BRDA:94,24,0,0
BRDA:94,24,1,1
BRDA:98,25,0,0
BRDA:98,25,1,1
BRDA:102,26,0,0
BRDA:102,26,1,1
BRDA:135,27,0,0
BRDA:135,27,1,0
BRDA:140,28,0,0
BRDA:140,28,1,0
BRDA:157,29,0,0
BRDA:157,29,1,1
BRDA:161,30,0,1
BRDA:161,30,1,0
BRDA:161,31,0,1
BRDA:161,31,1,0
BRDA:161,31,2,0
BRDA:181,32,0,0
BRDA:181,32,1,1
BRDA:203,33,0,0
BRDA:203,33,1,2
BRDA:221,34,0,1
BRDA:221,34,1,1
BRDA:226,35,0,1
BRDA:226,35,1,0
BRDA:232,36,0,0
BRDA:232,36,1,1
BRDA:236,37,0,0
BRDA:236,37,1,1
BRDA:236,38,0,1
BRDA:236,38,1,1
BRDA:237,39,0,0
BRDA:237,39,1,0
BRDA:238,40,0,0
BRDA:238,40,1,0
BRDA:246,41,0,0
BRDA:246,41,1,0
BRDA:246,42,0,0
BRDA:246,42,1,0
BRDA:249,43,0,0
BRDA:249,43,1,0
BRDA:258,44,0,1
BRDA:258,44,1,0
BRDA:259,45,0,1
BRDA:259,45,1,0
BRDA:259,46,0,1
BRDA:259,46,1,1
BRDA:265,47,0,0
BRDA:265,47,1,0
BRDA:270,48,0,0
BRDA:270,48,1,0
BRDA:288,49,0,0
BRDA:292,50,0,1
BRDA:292,50,1,0
BRDA:298,51,0,0
BRDA:298,51,1,0
BRDA:311,52,0,0
BRDA:311,52,1,0
BRDA:315,53,0,0
BRDA:315,53,1,0
BRDA:317,54,0,0
BRDA:317,54,1,0
BRDA:317,55,0,0
BRDA:317,55,1,0
BRDA:319,56,0,0
BRDA:319,56,1,0
BRDA:326,57,0,0
BRDA:326,57,1,0
BRDA:326,58,0,0
BRDA:326,58,1,0
BRDA:332,59,0,0
BRDA:332,59,1,0
BRDA:334,60,0,0
BRDA:334,60,1,0
BRDA:337,61,0,0
BRDA:337,61,1,0
BRDA:340,62,0,0
BRDA:340,62,1,0
BRDA:359,63,0,0
BRDA:382,64,0,0
BRDA:382,64,1,0
BRDA:391,65,0,0
BRDA:391,65,1,0
BRDA:400,66,0,0
BRDA:400,66,1,0
BRDA:412,67,0,0
BRDA:412,67,1,0
BRDA:413,68,0,0
BRDA:413,68,1,0
BRDA:416,69,0,0
BRDA:416,69,1,0
BRDA:417,70,0,0
BRDA:417,70,1,0
BRDA:417,71,0,0
BRDA:417,71,1,0
BRDA:420,72,0,0
BRDA:420,72,1,0
BRDA:421,73,0,0
BRDA:421,73,1,0
BRDA:422,74,0,0
BRDA:422,74,1,0
BRDA:424,75,0,0
BRDA:424,75,1,0
BRDA:426,76,0,0
BRDA:426,76,1,0
BRDA:426,77,0,0
BRDA:426,77,1,0
BRDA:430,78,0,0
BRDA:430,78,1,0
BRDA:430,79,0,0
BRDA:430,79,1,0
BRDA:431,80,0,0
BRDA:431,80,1,0
BRDA:438,81,0,0
BRDA:438,81,1,0
BRDA:442,82,0,0
BRDA:442,82,1,0
BRDA:446,83,0,0
BRDA:446,83,1,0
BRDA:447,84,0,0
BRDA:447,84,1,0
BRDA:453,85,0,0
BRDA:453,85,1,2
BRDA:453,86,0,2
BRDA:453,86,1,2
BRDA:453,86,2,2
BRDA:459,87,0,0
BRDA:459,87,1,2
BRDA:463,88,0,0
BRDA:463,88,1,2
BRDA:467,89,0,2
BRDA:467,89,1,0
BRDA:468,90,0,0
BRDA:468,90,1,2
BRDA:472,91,0,0
BRDA:472,91,1,2
BRDA:472,92,0,2
BRDA:472,92,1,2
BRDA:477,93,0,0
BRDA:477,93,1,2
BRDA:478,94,0,0
BRDA:478,94,1,0
BRDA:485,95,0,2
BRDA:485,95,1,0
BRDA:493,96,0,0
BRDA:493,96,1,0
BRDA:493,97,0,0
BRDA:493,97,1,0
BRDA:497,98,0,0
BRDA:497,98,1,0
BRDA:498,99,0,0
BRDA:498,99,1,0
BRDA:498,100,0,0
BRDA:498,100,1,0
BRDA:503,101,0,0
BRDA:503,101,1,0
BRDA:504,102,0,0
BRDA:504,102,1,0
BRDA:504,103,0,0
BRDA:504,103,1,0
BRDA:509,104,0,0
BRDA:509,104,1,0
BRDA:509,105,0,0
BRDA:509,105,1,0
BRDA:513,106,0,0
BRDA:513,106,1,0
BRDA:514,107,0,0
BRDA:514,107,1,0
BRDA:516,108,0,0
BRDA:516,108,1,0
BRDA:516,109,0,0
BRDA:516,109,1,0
BRDA:516,109,2,0
BRDA:520,110,0,0
BRDA:520,110,1,0
BRDA:522,111,0,0
BRDA:522,111,1,0
BRDA:522,112,0,0
BRDA:522,112,1,0
BRDA:522,112,2,0
BRDA:522,112,3,0
BRDA:522,112,4,0
BRDA:522,112,5,0
BRDA:522,112,6,0
BRDA:526,113,0,0
BRDA:526,113,1,0
BRDA:527,114,0,0
BRDA:527,114,1,0
BRDA:529,115,0,0
BRDA:529,115,1,0
BRDA:533,116,0,0
BRDA:533,116,1,0
BRDA:534,117,0,0
BRDA:534,117,1,0
BRDA:536,118,0,0
BRDA:536,118,1,0
BRDA:542,119,0,0
BRDA:542,119,1,2
BRDA:542,120,0,2
BRDA:542,120,1,2
BRDA:550,121,0,1
BRDA:550,121,1,1
BRDA:554,122,0,0
BRDA:554,122,1,1
BRF:251
BRH:73
end_of_record
TN:
SF:main-services\employee-service\services\employeeService.js
FN:9,(anonymous_0)
FN:22,(anonymous_1)
FN:66,(anonymous_2)
FN:98,(anonymous_3)
FN:106,(anonymous_4)
FN:109,(anonymous_5)
FN:124,(anonymous_6)
FN:140,(anonymous_7)
FN:156,(anonymous_8)
FN:168,(anonymous_9)
FN:180,(anonymous_10)
FN:279,(anonymous_11)
FN:322,(anonymous_12)
FN:356,(anonymous_13)
FN:404,(anonymous_14)
FN:422,(anonymous_15)
FN:441,(anonymous_16)
FN:455,(anonymous_17)
FN:487,(anonymous_18)
FN:523,(anonymous_19)
FN:555,(anonymous_20)
FN:560,(anonymous_21)
FN:564,(anonymous_22)
FN:569,(anonymous_23)
FN:573,(anonymous_24)
FN:594,(anonymous_25)
FN:640,(anonymous_26)
FN:664,(anonymous_27)
FN:673,(anonymous_28)
FN:690,(anonymous_29)
FN:697,(anonymous_30)
FN:745,(anonymous_31)
FN:835,(anonymous_32)
FN:880,(anonymous_33)
FN:930,(anonymous_34)
FN:975,(anonymous_35)
FN:1001,(anonymous_36)
FN:1058,(anonymous_37)
FN:1090,(anonymous_38)
FN:1117,(anonymous_39)
FN:1240,(anonymous_40)
FNF:41
FNH:4
FNDA:23,(anonymous_0)
FNDA:4,(anonymous_1)
FNDA:0,(anonymous_2)
FNDA:0,(anonymous_3)
FNDA:0,(anonymous_4)
FNDA:0,(anonymous_5)
FNDA:0,(anonymous_6)
FNDA:0,(anonymous_7)
FNDA:0,(anonymous_8)
FNDA:0,(anonymous_9)
FNDA:10,(anonymous_10)
FNDA:0,(anonymous_11)
FNDA:0,(anonymous_12)
FNDA:0,(anonymous_13)
FNDA:0,(anonymous_14)
FNDA:0,(anonymous_15)
FNDA:0,(anonymous_16)
FNDA:4,(anonymous_17)
FNDA:0,(anonymous_18)
FNDA:0,(anonymous_19)
FNDA:0,(anonymous_20)
FNDA:0,(anonymous_21)
FNDA:0,(anonymous_22)
FNDA:0,(anonymous_23)
FNDA:0,(anonymous_24)
FNDA:0,(anonymous_25)
FNDA:0,(anonymous_26)
FNDA:0,(anonymous_27)
FNDA:0,(anonymous_28)
FNDA:0,(anonymous_29)
FNDA:0,(anonymous_30)
FNDA:0,(anonymous_31)
FNDA:0,(anonymous_32)
FNDA:0,(anonymous_33)
FNDA:0,(anonymous_34)
FNDA:0,(anonymous_35)
FNDA:0,(anonymous_36)
FNDA:0,(anonymous_37)
FNDA:0,(anonymous_38)
FNDA:0,(anonymous_39)
FNDA:0,(anonymous_40)
DA:5,3
DA:6,3
DA:11,23
DA:12,23
DA:13,23
DA:14,23
DA:15,23
DA:16,23
DA:17,23
DA:18,23
DA:24,4
DA:27,4
DA:28,4
DA:29,0
DA:31,4
DA:33,4
DA:37,4
DA:38,1
DA:40,3
DA:41,1
DA:44,2
DA:45,2
DA:46,1
DA:48,1
DA:53,1
DA:58,1
DA:61,3
DA:62,3
DA:67,0
DA:68,0
DA:69,0
DA:71,0
DA:73,0
DA:75,0
DA:76,0
DA:78,0
DA:79,0
DA:80,0
DA:81,0
DA:84,0
DA:85,0
DA:86,0
DA:87,0
DA:90,0
DA:93,0
DA:94,0
DA:95,0
DA:98,0
DA:100,0
DA:101,0
DA:102,0
DA:105,0
DA:106,0
DA:109,0
DA:110,0
DA:111,0
DA:119,0
DA:120,0
DA:121,0
DA:125,0
DA:126,0
DA:127,0
DA:129,0
DA:132,0
DA:133,0
DA:136,0
DA:137,0
DA:141,0
DA:142,0
DA:143,0
DA:145,0
DA:148,0
DA:149,0
DA:152,0
DA:153,0
DA:157,0
DA:158,0
DA:163,0
DA:164,0
DA:169,0
DA:170,0
DA:175,0
DA:176,0
DA:182,10
DA:184,10
DA:186,10
DA:187,1
DA:190,9
DA:191,9
DA:192,1
DA:193,1
DA:195,0
DA:198,8
DA:199,8
DA:200,1
DA:201,1
DA:203,0
DA:206,7
DA:207,1
DA:209,1
DA:210,1
DA:211,1
DA:213,0
DA:216,1
DA:217,1
DA:218,1
DA:219,1
DA:223,0
DA:230,0
DA:231,0
DA:235,6
DA:236,2
DA:237,1
DA:240,1
DA:241,1
DA:242,1
DA:243,1
DA:248,4
DA:249,2
DA:250,1
DA:253,1
DA:254,1
DA:255,1
DA:256,1
DA:261,2
DA:262,2
DA:263,2
DA:264,2
DA:265,2
DA:267,2
DA:268,2
DA:276,2
DA:280,0
DA:282,0
DA:283,0
DA:284,0
DA:286,0
DA:287,0
DA:290,0
DA:291,0
DA:292,0
DA:298,0
DA:299,0
DA:302,0
DA:303,0
DA:304,0
DA:310,0
DA:313,0
DA:314,0
DA:315,0
DA:316,0
DA:318,0
DA:323,0
DA:324,0
DA:325,0
DA:326,0
DA:328,0
DA:329,0
DA:332,0
DA:334,0
DA:341,0
DA:342,0
DA:345,0
DA:348,0
DA:349,0
DA:350,0
DA:351,0
DA:352,0
DA:357,0
DA:358,0
DA:359,0
DA:400,0
DA:404,0
DA:412,0
DA:413,0
DA:414,0
DA:417,0
DA:418,0
DA:423,0
DA:424,0
DA:425,0
DA:427,0
DA:432,0
DA:433,0
DA:436,0
DA:437,0
DA:442,0
DA:443,0
DA:448,0
DA:450,0
DA:451,0
DA:456,4
DA:457,4
DA:458,1
DA:461,3
DA:472,3
DA:473,0
DA:476,3
DA:484,3
DA:488,0
DA:490,0
DA:492,0
DA:493,0
DA:496,0
DA:497,0
DA:498,0
DA:500,0
DA:501,0
DA:502,0
DA:503,0
DA:506,0
DA:509,0
DA:510,0
DA:511,0
DA:513,0
DA:514,0
DA:520,0
DA:524,0
DA:525,0
DA:526,0
DA:528,0
DA:535,0
DA:536,0
DA:538,0
DA:539,0
DA:542,0
DA:549,0
DA:550,0
DA:551,0
DA:555,23
DA:556,0
DA:557,0
DA:560,23
DA:561,0
DA:564,23
DA:565,0
DA:566,0
DA:569,23
DA:570,0
DA:573,23
DA:574,0
DA:575,0
DA:579,23
DA:585,23
DA:595,0
DA:597,0
DA:602,0
DA:606,0
DA:610,0
DA:611,0
DA:613,0
DA:637,0
DA:641,0
DA:642,0
DA:643,0
DA:644,0
DA:646,0
DA:647,0
DA:648,0
DA:651,0
DA:657,0
DA:658,0
DA:661,0
DA:663,0
DA:664,0
DA:666,0
DA:667,0
DA:669,0
DA:670,0
DA:673,0
DA:674,0
DA:676,0
DA:677,0
DA:678,0
DA:679,0
DA:680,0
DA:681,0
DA:683,0
DA:684,0
DA:686,0
DA:689,0
DA:690,0
DA:691,0
DA:697,0
DA:698,0
DA:699,0
DA:700,0
DA:704,0
DA:707,0
DA:711,0
DA:712,0
DA:714,0
DA:715,0
DA:718,0
DA:719,0
DA:720,0
DA:722,0
DA:723,0
DA:727,0
DA:737,0
DA:740,0
DA:741,0
DA:746,0
DA:747,0
DA:748,0
DA:749,0
DA:751,0
DA:752,0
DA:753,0
DA:756,0
DA:766,0
DA:767,0
DA:769,0
DA:770,0
DA:772,0
DA:773,0
DA:775,0
DA:776,0
DA:778,0
DA:779,0
DA:780,0
DA:781,0
DA:782,0
DA:785,0
DA:786,0
DA:787,0
DA:788,0
DA:792,0
DA:793,0
DA:795,0
DA:796,0
DA:797,0
DA:803,0
DA:804,0
DA:810,0
DA:811,0
DA:812,0
DA:813,0
DA:815,0
DA:818,0
DA:819,0
DA:820,0
DA:822,0
DA:826,0
DA:827,0
DA:828,0
DA:835,0
DA:836,0
DA:837,0
DA:839,0
DA:840,0
DA:843,0
DA:846,0
DA:849,0
DA:851,0
DA:855,0
DA:864,0
DA:867,0
DA:874,0
DA:875,0
DA:881,0
DA:882,0
DA:884,0
DA:885,0
DA:886,0
DA:888,0
DA:890,0
DA:891,0
DA:892,0
DA:893,0
DA:894,0
DA:897,0
DA:898,0
DA:899,0
DA:900,0
DA:901,0
DA:903,0
DA:904,0
DA:905,0
DA:906,0
DA:907,0
DA:908,0
DA:910,0
DA:916,0
DA:922,0
DA:930,0
DA:931,0
DA:932,0
DA:933,0
DA:942,0
DA:943,0
DA:944,0
DA:945,0
DA:972,0
DA:975,0
DA:976,0
DA:977,0
DA:978,0
DA:979,0
DA:982,0
DA:995,0
DA:996,0
DA:1002,0
DA:1003,0
DA:1005,0
DA:1006,0
DA:1008,0
DA:1009,0
DA:1011,0
DA:1012,0
DA:1013,0
DA:1016,0
DA:1018,0
DA:1020,0
DA:1021,0
DA:1023,0
DA:1024,0
DA:1025,0
DA:1027,0
DA:1028,0
DA:1030,0
DA:1031,0
DA:1033,0
DA:1034,0
DA:1036,0
DA:1042,0
DA:1048,0
DA:1058,0
DA:1059,0
DA:1060,0
DA:1061,0
DA:1070,0
DA:1071,0
DA:1072,0
DA:1073,0
DA:1086,0
DA:1090,0
DA:1091,0
DA:1092,0
DA:1093,0
DA:1094,0
DA:1097,0
DA:1112,0
DA:1113,0
DA:1118,0
DA:1119,0
DA:1121,0
DA:1123,0
DA:1124,0
DA:1125,0
DA:1126,0
DA:1127,0
DA:1130,0
DA:1131,0
DA:1132,0
DA:1133,0
DA:1134,0
DA:1136,0
DA:1137,0
DA:1138,0
DA:1139,0
DA:1140,0
DA:1141,0
DA:1143,0
DA:1149,0
DA:1155,0
DA:1161,0
DA:1163,0
DA:1164,0
DA:1165,0
DA:1167,0
DA:1169,0
DA:1170,0
DA:1186,0
DA:1188,0
DA:1189,0
DA:1198,0
DA:1199,0
DA:1201,0
DA:1202,0
DA:1203,0
DA:1204,0
DA:1216,0
DA:1217,0
DA:1218,0
DA:1219,0
DA:1222,0
DA:1223,0
DA:1224,0
DA:1230,0
DA:1231,0
DA:1232,0
DA:1233,0
DA:1234,0
DA:1237,0
DA:1240,0
DA:1241,0
DA:1242,0
DA:1243,0
DA:1244,0
DA:1247,0
DA:1255,0
DA:1256,0
LF:503
LH:84
BRDA:28,0,0,0
BRDA:28,0,1,4
BRDA:37,1,0,1
BRDA:37,1,1,3
BRDA:40,2,0,1
BRDA:40,2,1,2
BRDA:45,3,0,1
BRDA:45,3,1,1
BRDA:66,4,0,0
BRDA:69,5,0,0
BRDA:69,5,1,0
BRDA:75,6,0,0
BRDA:75,6,1,0
BRDA:76,7,0,0
BRDA:76,7,1,0
BRDA:78,8,0,0
BRDA:78,8,1,0
BRDA:78,9,0,0
BRDA:78,9,1,0
BRDA:80,10,0,0
BRDA:80,10,1,0
BRDA:81,11,0,0
BRDA:81,11,1,0
BRDA:84,12,0,0
BRDA:84,12,1,0
BRDA:84,13,0,0
BRDA:84,13,1,0
BRDA:86,14,0,0
BRDA:86,14,1,0
BRDA:87,15,0,0
BRDA:87,15,1,0
BRDA:93,16,0,0
BRDA:93,16,1,0
BRDA:101,17,0,0
BRDA:101,17,1,0
BRDA:110,18,0,0
BRDA:110,18,1,0
BRDA:113,19,0,0
BRDA:113,19,1,0
BRDA:127,20,0,0
BRDA:127,20,1,0
BRDA:132,21,0,0
BRDA:132,21,1,0
BRDA:143,22,0,0
BRDA:143,22,1,0
BRDA:148,23,0,0
BRDA:148,23,1,0
BRDA:186,24,0,1
BRDA:186,24,1,9
BRDA:191,25,0,1
BRDA:191,25,1,8
BRDA:192,26,0,1
BRDA:192,26,1,0
BRDA:199,27,0,1
BRDA:199,27,1,7
BRDA:200,28,0,1
BRDA:200,28,1,0
BRDA:206,29,0,1
BRDA:206,29,1,6
BRDA:210,30,0,1
BRDA:210,30,1,0
BRDA:216,31,0,1
BRDA:216,31,1,0
BRDA:218,32,0,1
BRDA:218,32,1,0
BRDA:230,33,0,0
BRDA:230,33,1,0
BRDA:235,34,0,2
BRDA:235,34,1,4
BRDA:236,35,0,1
BRDA:236,35,1,1
BRDA:240,36,0,1
BRDA:240,36,1,0
BRDA:242,37,0,1
BRDA:242,37,1,0
BRDA:248,38,0,2
BRDA:248,38,1,2
BRDA:249,39,0,1
BRDA:249,39,1,1
BRDA:253,40,0,1
BRDA:253,40,1,0
BRDA:255,41,0,1
BRDA:255,41,1,0
BRDA:261,42,0,2
BRDA:261,42,1,0
BRDA:262,43,0,0
BRDA:262,43,1,2
BRDA:263,44,0,0
BRDA:263,44,1,2
BRDA:264,45,0,0
BRDA:264,45,1,2
BRDA:265,46,0,1
BRDA:265,46,1,1
BRDA:283,47,0,0
BRDA:283,47,1,0
BRDA:286,48,0,0
BRDA:286,48,1,0
BRDA:298,49,0,0
BRDA:298,49,1,0
BRDA:298,50,0,0
BRDA:298,50,1,0
BRDA:313,51,0,0
BRDA:313,51,1,0
BRDA:314,52,0,0
BRDA:314,52,1,0
BRDA:325,53,0,0
BRDA:325,53,1,0
BRDA:328,54,0,0
BRDA:328,54,1,0
BRDA:341,55,0,0
BRDA:341,55,1,0
BRDA:341,56,0,0
BRDA:341,56,1,0
BRDA:348,57,0,0
BRDA:348,57,1,0
BRDA:349,58,0,0
BRDA:349,58,1,0
BRDA:359,59,0,0
BRDA:359,59,1,0
BRDA:425,60,0,0
BRDA:425,60,1,0
BRDA:457,61,0,1
BRDA:457,61,1,3
BRDA:457,62,0,4
BRDA:457,62,1,4
BRDA:467,63,0,2
BRDA:467,63,1,1
BRDA:472,64,0,0
BRDA:472,64,1,3
BRDA:472,65,0,3
BRDA:472,65,1,3
BRDA:492,66,0,0
BRDA:492,66,1,0
BRDA:496,67,0,0
BRDA:496,67,1,0
BRDA:497,68,0,0
BRDA:497,68,1,0
BRDA:500,69,0,0
BRDA:500,69,1,0
BRDA:502,70,0,0
BRDA:502,70,1,0
BRDA:509,71,0,0
BRDA:509,71,1,0
BRDA:510,72,0,0
BRDA:510,72,1,0
BRDA:511,73,0,0
BRDA:511,73,1,0
BRDA:526,74,0,0
BRDA:526,74,1,0
BRDA:535,75,0,0
BRDA:535,75,1,0
BRDA:538,76,0,0
BRDA:538,76,1,0
BRDA:565,77,0,0
BRDA:565,77,1,0
BRDA:565,78,0,0
BRDA:565,78,1,0
BRDA:569,79,0,0
BRDA:602,80,0,0
BRDA:602,80,1,0
BRDA:606,81,0,0
BRDA:606,81,1,0
BRDA:630,82,0,0
BRDA:630,82,1,0
BRDA:632,83,0,0
BRDA:632,83,1,0
BRDA:640,84,0,0
BRDA:647,85,0,0
BRDA:647,85,1,0
BRDA:657,86,0,0
BRDA:657,86,1,0
BRDA:663,87,0,0
BRDA:663,87,1,0
BRDA:666,88,0,0
BRDA:666,88,1,0
BRDA:669,89,0,0
BRDA:669,89,1,0
BRDA:674,90,0,0
BRDA:674,90,1,0
BRDA:681,91,0,0
BRDA:681,91,1,0
BRDA:686,92,0,0
BRDA:686,92,1,0
BRDA:689,93,0,0
BRDA:689,93,1,0
BRDA:700,94,0,0
BRDA:700,94,1,0
BRDA:711,95,0,0
BRDA:711,95,1,0
BRDA:714,96,0,0
BRDA:714,96,1,0
BRDA:714,97,0,0
BRDA:714,97,1,0
BRDA:723,98,0,0
BRDA:723,98,1,0
BRDA:752,99,0,0
BRDA:752,99,1,0
BRDA:766,100,0,0
BRDA:766,100,1,0
BRDA:769,101,0,0
BRDA:769,101,1,0
BRDA:772,102,0,0
BRDA:772,102,1,0
BRDA:775,103,0,0
BRDA:775,103,1,0
BRDA:785,104,0,0
BRDA:785,104,1,0
BRDA:795,105,0,0
BRDA:795,105,1,0
BRDA:803,106,0,0
BRDA:803,106,1,0
BRDA:811,107,0,0
BRDA:811,107,1,0
BRDA:836,108,0,0
BRDA:836,108,1,0
BRDA:837,109,0,0
BRDA:837,109,1,0
BRDA:843,110,0,0
BRDA:843,110,1,0
BRDA:849,111,0,0
BRDA:849,111,1,0
BRDA:880,112,0,0
BRDA:885,113,0,0
BRDA:885,113,1,0
BRDA:890,114,0,0
BRDA:890,114,1,0
BRDA:892,115,0,0
BRDA:892,115,1,0
BRDA:897,116,0,0
BRDA:897,116,1,0
BRDA:899,117,0,0
BRDA:899,117,1,0
BRDA:899,118,0,0
BRDA:899,118,1,0
BRDA:900,119,0,0
BRDA:900,119,1,0
BRDA:901,120,0,0
BRDA:901,120,1,0
BRDA:903,121,0,0
BRDA:903,121,1,0
BRDA:903,122,0,0
BRDA:903,122,1,0
BRDA:905,123,0,0
BRDA:905,123,1,0
BRDA:905,124,0,0
BRDA:905,124,1,0
BRDA:907,125,0,0
BRDA:907,125,1,0
BRDA:907,126,0,0
BRDA:907,126,1,0
BRDA:907,126,2,0
BRDA:911,127,0,0
BRDA:911,127,1,0
BRDA:912,128,0,0
BRDA:912,128,1,0
BRDA:922,129,0,0
BRDA:922,129,1,0
BRDA:932,130,0,0
BRDA:932,130,1,0
BRDA:943,131,0,0
BRDA:943,131,1,0
BRDA:956,132,0,0
BRDA:956,132,1,0
BRDA:957,133,0,0
BRDA:957,133,1,0
BRDA:958,134,0,0
BRDA:958,134,1,0
BRDA:961,135,0,0
BRDA:961,135,1,0
BRDA:977,136,0,0
BRDA:977,136,1,0
BRDA:1001,137,0,0
BRDA:1005,138,0,0
BRDA:1005,138,1,0
BRDA:1008,139,0,0
BRDA:1008,139,1,0
BRDA:1012,140,0,0
BRDA:1012,140,1,0
BRDA:1018,141,0,0
BRDA:1018,141,1,0
BRDA:1020,142,0,0
BRDA:1020,142,1,0
BRDA:1023,143,0,0
BRDA:1023,143,1,0
BRDA:1023,144,0,0
BRDA:1023,144,1,0
BRDA:1024,145,0,0
BRDA:1024,145,1,0
BRDA:1025,146,0,0
BRDA:1025,146,1,0
BRDA:1027,147,0,0
BRDA:1027,147,1,0
BRDA:1027,148,0,0
BRDA:1027,148,1,0
BRDA:1030,149,0,0
BRDA:1030,149,1,0
BRDA:1030,150,0,0
BRDA:1030,150,1,0
BRDA:1033,151,0,0
BRDA:1033,151,1,0
BRDA:1033,152,0,0
BRDA:1033,152,1,0
BRDA:1033,152,2,0
BRDA:1037,153,0,0
BRDA:1037,153,1,0
BRDA:1038,154,0,0
BRDA:1038,154,1,0
BRDA:1048,155,0,0
BRDA:1048,155,1,0
BRDA:1060,156,0,0
BRDA:1060,156,1,0
BRDA:1071,157,0,0
BRDA:1071,157,1,0
BRDA:1092,158,0,0
BRDA:1092,158,1,0
BRDA:1117,159,0,0
BRDA:1123,160,0,0
BRDA:1123,160,1,0
BRDA:1125,161,0,0
BRDA:1125,161,1,0
BRDA:1130,162,0,0
BRDA:1130,162,1,0
BRDA:1132,163,0,0
BRDA:1132,163,1,0
BRDA:1132,164,0,0
BRDA:1132,164,1,0
BRDA:1133,165,0,0
BRDA:1133,165,1,0
BRDA:1134,166,0,0
BRDA:1134,166,1,0
BRDA:1136,167,0,0
BRDA:1136,167,1,0
BRDA:1136,168,0,0
BRDA:1136,168,1,0
BRDA:1138,169,0,0
BRDA:1138,169,1,0
BRDA:1138,170,0,0
BRDA:1138,170,1,0
BRDA:1140,171,0,0
BRDA:1140,171,1,0
BRDA:1140,172,0,0
BRDA:1140,172,1,0
BRDA:1140,172,2,0
BRDA:1144,173,0,0
BRDA:1144,173,1,0
BRDA:1145,174,0,0
BRDA:1145,174,1,0
BRDA:1155,175,0,0
BRDA:1155,175,1,0
BRDA:1167,176,0,0
BRDA:1167,176,1,0
BRDA:1167,177,0,0
BRDA:1167,177,1,0
BRDA:1169,178,0,0
BRDA:1169,178,1,0
BRDA:1188,179,0,0
BRDA:1188,179,1,0
BRDA:1202,180,0,0
BRDA:1202,180,1,0
BRDA:1218,181,0,0
BRDA:1218,181,1,0
BRF:361
BRH:47
end_of_record
TN:
SF:main-services\incident-service\patterns\incidentStateMachine.js
FN:15,(anonymous_0)
FN:23,(anonymous_1)
FN:29,(anonymous_2)
FN:35,(anonymous_3)
FN:41,(anonymous_4)
FNF:5
FNH:2
FNDA:1,(anonymous_0)
FNDA:0,(anonymous_1)
FNDA:1,(anonymous_2)
FNDA:0,(anonymous_3)
FNDA:0,(anonymous_4)
DA:1,1
DA:8,1
DA:16,1
DA:17,1
DA:18,0
DA:20,1
DA:24,0
DA:25,0
DA:30,1
DA:31,0
DA:36,0
DA:37,0
DA:42,0
DA:43,0
LF:14
LH:6
BRDA:17,0,0,0
BRDA:17,0,1,1
BRDA:24,1,0,0
BRDA:24,1,1,0
BRDA:30,2,0,0
BRDA:30,2,1,1
BRDA:36,3,0,0
BRDA:36,3,1,0
BRDA:42,4,0,0
BRDA:42,4,1,0
BRF:10
BRH:2
end_of_record
TN:
SF:main-services\incident-service\services\compensationService.js
FN:11,(anonymous_0)
FN:22,(anonymous_1)
FN:34,(anonymous_2)
FN:46,(anonymous_3)
FN:51,(anonymous_4)
FN:53,(anonymous_5)
FN:85,(anonymous_6)
FN:87,(anonymous_7)
FN:98,(anonymous_8)
FN:103,(anonymous_9)
FN:122,(anonymous_10)
FN:123,(anonymous_11)
FN:127,(anonymous_12)
FN:148,(anonymous_13)
FN:172,(anonymous_14)
FN:189,(anonymous_15)
FN:198,(anonymous_16)
FN:204,(anonymous_17)
FN:227,(anonymous_18)
FN:237,(anonymous_19)
FN:296,(anonymous_20)
FN:335,(anonymous_21)
FN:408,(anonymous_22)
FN:430,(anonymous_23)
FN:437,(anonymous_24)
FN:476,(anonymous_25)
FN:501,(anonymous_26)
FN:544,(anonymous_27)
FN:615,(anonymous_28)
FN:667,(anonymous_29)
FN:707,(anonymous_30)
FN:741,(anonymous_31)
FN:811,(anonymous_32)
FNF:33
FNH:6
FNDA:9,(anonymous_0)
FNDA:7,(anonymous_1)
FNDA:0,(anonymous_2)
FNDA:0,(anonymous_3)
FNDA:0,(anonymous_4)
FNDA:0,(anonymous_5)
FNDA:0,(anonymous_6)
FNDA:0,(anonymous_7)
FNDA:0,(anonymous_8)
FNDA:0,(anonymous_9)
FNDA:0,(anonymous_10)
FNDA:0,(anonymous_11)
FNDA:0,(anonymous_12)
FNDA:0,(anonymous_13)
FNDA:0,(anonymous_14)
FNDA:0,(anonymous_15)
FNDA:0,(anonymous_16)
FNDA:0,(anonymous_17)
FNDA:0,(anonymous_18)
FNDA:6,(anonymous_19)
FNDA:1,(anonymous_20)
FNDA:0,(anonymous_21)
FNDA:0,(anonymous_22)
FNDA:0,(anonymous_23)
FNDA:0,(anonymous_24)
FNDA:0,(anonymous_25)
FNDA:0,(anonymous_26)
FNDA:2,(anonymous_27)
FNDA:1,(anonymous_28)
FNDA:0,(anonymous_29)
FNDA:0,(anonymous_30)
FNDA:0,(anonymous_31)
FNDA:0,(anonymous_32)
DA:13,9
DA:14,9
DA:15,9
DA:16,9
DA:17,9
DA:22,9
DA:23,7
DA:28,7
DA:29,0
DA:31,7
DA:34,9
DA:35,0
DA:40,0
DA:41,0
DA:43,0
DA:46,9
DA:47,0
DA:48,0
DA:50,0
DA:52,0
DA:53,0
DA:58,0
DA:59,0
DA:61,0
DA:66,0
DA:67,0
DA:69,0
DA:73,0
DA:74,0
DA:75,0
DA:76,0
DA:85,0
DA:87,0
DA:95,0
DA:98,9
DA:99,0
DA:100,0
DA:102,0
DA:103,0
DA:109,0
DA:110,0
DA:112,0
DA:117,0
DA:118,0
DA:119,0
DA:122,0
DA:123,0
DA:125,0
DA:128,0
DA:129,0
DA:130,0
DA:134,0
DA:135,0
DA:137,0
DA:138,0
DA:139,0
DA:144,0
DA:149,0
DA:150,0
DA:151,0
DA:155,0
DA:156,0
DA:158,0
DA:159,0
DA:160,0
DA:165,0
DA:172,0
DA:173,0
DA:174,0
DA:176,0
DA:177,0
DA:179,0
DA:180,0
DA:182,0
DA:183,0
DA:186,0
DA:189,0
DA:195,0
DA:198,9
DA:199,0
DA:200,0
DA:202,0
DA:204,0
DA:208,0
DA:210,0
DA:211,0
DA:215,0
DA:216,0
DA:218,0
DA:219,0
DA:227,0
DA:232,0
DA:238,6
DA:239,6
DA:241,6
DA:243,6
DA:244,1
DA:247,5
DA:248,5
DA:249,1
DA:252,4
DA:254,4
DA:255,1
DA:258,3
DA:260,3
DA:261,0
DA:264,3
DA:265,3
DA:266,1
DA:269,2
DA:270,0
DA:273,2
DA:275,2
DA:276,1
DA:285,2
DA:296,2
DA:304,2
DA:307,2
DA:318,2
DA:319,2
DA:320,2
DA:327,2
DA:330,4
DA:331,4
DA:336,0
DA:337,0
DA:339,0
DA:341,0
DA:342,0
DA:345,0
DA:346,0
DA:347,0
DA:350,0
DA:352,0
DA:353,0
DA:356,0
DA:357,0
DA:358,0
DA:361,0
DA:362,0
DA:363,0
DA:366,0
DA:367,0
DA:370,0
DA:380,0
DA:391,0
DA:392,0
DA:393,0
DA:400,0
DA:403,0
DA:404,0
DA:409,0
DA:410,0
DA:411,0
DA:412,0
DA:413,0
DA:414,0
DA:417,0
DA:418,0
DA:420,0
DA:421,0
DA:422,0
DA:423,0
DA:425,0
DA:430,0
DA:433,0
DA:438,0
DA:439,0
DA:441,0
DA:449,0
DA:450,0
DA:452,0
DA:453,0
DA:454,0
DA:456,0
DA:466,0
DA:467,0
DA:468,0
DA:473,0
DA:476,0
DA:477,0
DA:478,0
DA:480,0
DA:492,0
DA:493,0
DA:496,0
DA:497,0
DA:502,0
DA:503,0
DA:504,0
DA:505,0
DA:507,0
DA:512,0
DA:513,0
DA:515,0
DA:518,0
DA:524,0
DA:532,0
DA:534,0
DA:535,0
DA:536,0
DA:539,0
DA:540,0
DA:545,2
DA:546,2
DA:547,2
DA:548,0
DA:551,2
DA:552,0
DA:554,2
DA:556,2
DA:557,6
DA:558,1
DA:561,1
DA:562,0
DA:563,0
DA:564,0
DA:567,0
DA:568,0
DA:572,1
DA:573,0
DA:574,0
DA:576,0
DA:577,0
DA:578,0
DA:579,0
DA:581,0
DA:583,0
DA:586,1
DA:587,0
DA:590,1
DA:591,0
DA:595,0
DA:596,0
DA:600,1
DA:601,1
DA:602,1
DA:607,1
DA:610,1
DA:611,1
DA:616,1
DA:617,1
DA:619,1
DA:620,1
DA:621,0
DA:623,1
DA:624,0
DA:626,1
DA:627,1
DA:628,0
DA:630,1
DA:631,1
DA:633,1
DA:634,1
DA:635,1
DA:636,1
DA:637,1
DA:638,1
DA:646,1
DA:659,1
DA:662,0
DA:663,0
DA:668,0
DA:669,0
DA:670,0
DA:671,0
DA:673,0
DA:674,0
DA:676,0
DA:677,0
DA:680,0
DA:681,0
DA:682,0
DA:685,0
DA:691,0
DA:692,0
DA:699,0
DA:702,0
DA:703,0
DA:708,0
DA:709,0
DA:711,0
DA:715,0
DA:716,0
DA:717,0
DA:719,0
DA:720,0
DA:728,0
DA:730,0
DA:736,0
DA:737,0
DA:742,0
DA:743,0
DA:746,0
DA:748,0
DA:749,0
DA:750,0
DA:752,0
DA:753,0
DA:754,0
DA:756,0
DA:759,0
DA:763,0
DA:764,0
DA:766,0
DA:777,0
DA:779,0
DA:789,0
DA:790,0
DA:801,0
DA:804,0
DA:805,0
DA:812,0
DA:813,0
DA:818,0
DA:819,0
LF:316
LH:78
BRDA:28,0,0,0
BRDA:28,0,1,7
BRDA:29,1,0,0
BRDA:29,1,1,0
BRDA:40,2,0,0
BRDA:40,2,1,0
BRDA:41,3,0,0
BRDA:41,3,1,0
BRDA:48,4,0,0
BRDA:48,4,1,0
BRDA:52,5,0,0
BRDA:52,5,1,0
BRDA:58,6,0,0
BRDA:58,6,1,0
BRDA:59,7,0,0
BRDA:59,7,1,0
BRDA:66,8,0,0
BRDA:66,8,1,0
BRDA:67,9,0,0
BRDA:67,9,1,0
BRDA:69,10,0,0
BRDA:69,10,1,0
BRDA:80,11,0,0
BRDA:80,11,1,0
BRDA:81,12,0,0
BRDA:81,12,1,0
BRDA:87,13,0,0
BRDA:87,13,1,0
BRDA:89,14,0,0
BRDA:89,14,1,0
BRDA:90,15,0,0
BRDA:90,15,1,0
BRDA:95,16,0,0
BRDA:95,16,1,0
BRDA:100,17,0,0
BRDA:100,17,1,0
BRDA:109,18,0,0
BRDA:109,18,1,0
BRDA:110,19,0,0
BRDA:110,19,1,0
BRDA:129,20,0,0
BRDA:129,20,1,0
BRDA:134,21,0,0
BRDA:134,21,1,0
BRDA:150,22,0,0
BRDA:150,22,1,0
BRDA:155,23,0,0
BRDA:155,23,1,0
BRDA:173,24,0,0
BRDA:173,24,1,0
BRDA:179,25,0,0
BRDA:179,25,1,0
BRDA:179,26,0,0
BRDA:179,26,1,0
BRDA:180,27,0,0
BRDA:180,27,1,0
BRDA:182,28,0,0
BRDA:182,28,1,0
BRDA:183,29,0,0
BRDA:183,29,1,0
BRDA:195,30,0,0
BRDA:195,30,1,0
BRDA:200,31,0,0
BRDA:200,31,1,0
BRDA:210,32,0,0
BRDA:210,32,1,0
BRDA:215,33,0,0
BRDA:215,33,1,0
BRDA:229,34,0,0
BRDA:229,34,1,0
BRDA:232,35,0,0
BRDA:232,35,1,0
BRDA:243,36,0,1
BRDA:243,36,1,5
BRDA:243,37,0,6
BRDA:243,37,1,6
BRDA:248,38,0,1
BRDA:248,38,1,4
BRDA:252,39,0,4
BRDA:252,39,1,2
BRDA:254,40,0,1
BRDA:254,40,1,3
BRDA:260,41,0,0
BRDA:260,41,1,3
BRDA:265,42,0,1
BRDA:265,42,1,2
BRDA:269,43,0,0
BRDA:269,43,1,2
BRDA:269,44,0,2
BRDA:269,44,1,1
BRDA:287,45,0,2
BRDA:287,45,1,0
BRDA:289,46,0,2
BRDA:289,46,1,0
BRDA:290,47,0,2
BRDA:290,47,1,2
BRDA:298,48,0,1
BRDA:298,48,1,0
BRDA:315,49,0,2
BRDA:315,49,1,2
BRDA:341,50,0,0
BRDA:341,50,1,0
BRDA:341,51,0,0
BRDA:341,51,1,0
BRDA:346,52,0,0
BRDA:346,52,1,0
BRDA:350,53,0,0
BRDA:350,53,1,0
BRDA:352,54,0,0
BRDA:352,54,1,0
BRDA:357,55,0,0
BRDA:357,55,1,0
BRDA:362,56,0,0
BRDA:362,56,1,0
BRDA:366,57,0,0
BRDA:366,57,1,0
BRDA:366,58,0,0
BRDA:366,58,1,0
BRDA:372,59,0,0
BRDA:372,59,1,0
BRDA:374,60,0,0
BRDA:374,60,1,0
BRDA:375,61,0,0
BRDA:375,61,1,0
BRDA:388,62,0,0
BRDA:388,62,1,0
BRDA:408,63,0,0
BRDA:412,64,0,0
BRDA:412,64,1,0
BRDA:420,65,0,0
BRDA:420,65,1,0
BRDA:422,66,0,0
BRDA:422,66,1,0
BRDA:438,67,0,0
BRDA:438,67,1,0
BRDA:449,68,0,0
BRDA:449,68,1,0
BRDA:453,69,0,0
BRDA:453,69,1,0
BRDA:458,70,0,0
BRDA:458,70,1,0
BRDA:477,71,0,0
BRDA:477,71,1,0
BRDA:482,72,0,0
BRDA:482,72,1,0
BRDA:484,73,0,0
BRDA:484,73,1,0
BRDA:485,74,0,0
BRDA:485,74,1,0
BRDA:505,75,0,0
BRDA:505,75,1,0
BRDA:512,76,0,0
BRDA:512,76,1,0
BRDA:519,77,0,0
BRDA:519,77,1,0
BRDA:520,78,0,0
BRDA:520,78,1,0
BRDA:524,79,0,0
BRDA:524,79,1,0
BRDA:528,80,0,0
BRDA:528,80,1,0
BRDA:529,81,0,0
BRDA:529,81,1,0
BRDA:547,82,0,0
BRDA:547,82,1,2
BRDA:551,83,0,0
BRDA:551,83,1,2
BRDA:557,84,0,1
BRDA:557,84,1,5
BRDA:561,85,0,0
BRDA:561,85,1,1
BRDA:563,86,0,0
BRDA:563,86,1,0
BRDA:567,87,0,0
BRDA:567,87,1,0
BRDA:572,88,0,0
BRDA:572,88,1,1
BRDA:573,89,0,0
BRDA:573,89,1,0
BRDA:573,90,0,0
BRDA:573,90,1,0
BRDA:578,91,0,0
BRDA:578,91,1,0
BRDA:578,92,0,0
BRDA:578,92,1,0
BRDA:578,92,2,0
BRDA:586,93,0,0
BRDA:586,93,1,1
BRDA:586,94,0,1
BRDA:586,94,1,0
BRDA:590,95,0,0
BRDA:590,95,1,1
BRDA:595,96,0,0
BRDA:595,96,1,0
BRDA:620,97,0,0
BRDA:620,97,1,1
BRDA:623,98,0,0
BRDA:623,98,1,1
BRDA:627,99,0,0
BRDA:627,99,1,1
BRDA:654,100,0,1
BRDA:654,100,1,0
BRDA:676,101,0,0
BRDA:676,101,1,0
BRDA:681,102,0,0
BRDA:681,102,1,0
BRDA:715,103,0,0
BRDA:715,103,1,0
BRDA:728,104,0,0
BRDA:728,104,1,0
BRDA:741,105,0,0
BRDA:741,106,0,0
BRDA:746,107,0,0
BRDA:746,107,1,0
BRDA:746,107,2,0
BRDA:763,108,0,0
BRDA:763,108,1,0
BRDA:770,109,0,0
BRDA:770,109,1,0
BRDA:773,110,0,0
BRDA:773,110,1,0
BRDA:777,111,0,0
BRDA:777,111,1,0
BRDA:789,112,0,0
BRDA:789,112,1,0
BRF:225
BRH:37
end_of_record
TN:
SF:main-services\incident-service\services\incidentService.js
FN:13,(anonymous_0)
FN:22,(anonymous_1)
FN:34,(anonymous_2)
FN:46,(anonymous_3)
FN:57,(anonymous_4)
FN:62,(anonymous_5)
FN:81,(anonymous_6)
FN:82,(anonymous_7)
FN:86,(anonymous_8)
FN:107,(anonymous_9)
FN:131,(anonymous_10)
FN:148,(anonymous_11)
FN:157,(anonymous_12)
FN:163,(anonymous_13)
FN:186,(anonymous_14)
FN:196,(anonymous_15)
FN:259,(anonymous_16)
FN:323,(anonymous_17)
FN:380,(anonymous_18)
FN:433,(anonymous_19)
FN:486,(anonymous_20)
FN:519,(anonymous_21)
FN:524,(anonymous_22)
FN:528,(anonymous_23)
FN:548,(anonymous_24)
FN:565,(anonymous_25)
FN:566,(anonymous_26)
FN:568,(anonymous_27)
FN:598,(anonymous_28)
FN:623,(anonymous_29)
FN:660,(anonymous_30)
FNF:31
FNH:8
FNDA:9,(anonymous_0)
FNDA:2,(anonymous_1)
FNDA:1,(anonymous_2)
FNDA:0,(anonymous_3)
FNDA:0,(anonymous_4)
FNDA:0,(anonymous_5)
FNDA:0,(anonymous_6)
FNDA:0,(anonymous_7)
FNDA:0,(anonymous_8)
FNDA:0,(anonymous_9)
FNDA:0,(anonymous_10)
FNDA:0,(anonymous_11)
FNDA:0,(anonymous_12)
FNDA:0,(anonymous_13)
FNDA:0,(anonymous_14)
FNDA:5,(anonymous_15)
FNDA:0,(anonymous_16)
FNDA:1,(anonymous_17)
FNDA:1,(anonymous_18)
FNDA:1,(anonymous_19)
FNDA:0,(anonymous_20)
FNDA:0,(anonymous_21)
FNDA:0,(anonymous_22)
FNDA:0,(anonymous_23)
FNDA:0,(anonymous_24)
FNDA:0,(anonymous_25)
FNDA:0,(anonymous_26)
FNDA:0,(anonymous_27)
FNDA:0,(anonymous_28)
FNDA:0,(anonymous_29)
FNDA:1,(anonymous_30)
DA:10,1
DA:14,9
DA:15,9
DA:16,9
DA:17,9
DA:22,9
DA:23,2
DA:28,2
DA:29,0
DA:31,2
DA:34,9
DA:35,1
DA:40,1
DA:41,0
DA:43,1
DA:46,9
DA:47,0
DA:51,0
DA:52,0
DA:54,0
DA:57,9
DA:58,0
DA:59,0
DA:61,0
DA:62,0
DA:68,0
DA:69,0
DA:71,0
DA:76,0
DA:77,0
DA:78,0
DA:81,0
DA:82,0
DA:84,0
DA:87,0
DA:88,0
DA:89,0
DA:93,0
DA:94,0
DA:96,0
DA:97,0
DA:98,0
DA:103,0
DA:108,0
DA:109,0
DA:110,0
DA:114,0
DA:115,0
DA:117,0
DA:118,0
DA:119,0
DA:124,0
DA:131,0
DA:132,0
DA:133,0
DA:135,0
DA:136,0
DA:138,0
DA:139,0
DA:141,0
DA:142,0
DA:145,0
DA:148,0
DA:154,0
DA:157,9
DA:158,0
DA:159,0
DA:161,0
DA:163,0
DA:167,0
DA:169,0
DA:170,0
DA:174,0
DA:175,0
DA:177,0
DA:178,0
DA:186,0
DA:191,0
DA:197,5
DA:199,5
DA:200,5
DA:202,5
DA:203,1
DA:206,4
DA:207,1
DA:211,1
DA:212,1
DA:215,3
DA:216,1
DA:221,1
DA:222,1
DA:226,2
DA:227,2
DA:228,2
DA:229,1
DA:231,1
DA:246,1
DA:247,1
DA:251,1
DA:254,4
DA:255,4
DA:260,0
DA:261,0
DA:262,0
DA:263,0
DA:265,0
DA:267,0
DA:269,0
DA:270,0
DA:273,0
DA:274,0
DA:275,0
DA:276,0
DA:277,0
DA:278,0
DA:279,0
DA:280,0
DA:283,0
DA:284,0
DA:285,0
DA:286,0
DA:287,0
DA:297,0
DA:298,0
DA:304,0
DA:315,0
DA:318,0
DA:319,0
DA:324,1
DA:325,1
DA:326,0
DA:329,1
DA:330,1
DA:331,0
DA:333,1
DA:335,1
DA:340,1
DA:341,1
DA:342,1
DA:349,1
DA:350,1
DA:351,1
DA:352,1
DA:353,1
DA:354,1
DA:361,1
DA:372,1
DA:375,0
DA:376,0
DA:381,1
DA:382,1
DA:383,1
DA:385,0
DA:390,0
DA:391,0
DA:393,0
DA:395,0
DA:396,0
DA:397,0
DA:398,0
DA:402,0
DA:403,0
DA:404,0
DA:405,0
DA:406,0
DA:407,0
DA:408,0
DA:414,0
DA:425,0
DA:428,1
DA:429,1
DA:434,1
DA:435,1
DA:436,1
DA:438,1
DA:440,1
DA:441,1
DA:442,0
DA:444,1
DA:445,1
DA:446,1
DA:450,0
DA:452,0
DA:453,0
DA:454,0
DA:455,0
DA:457,0
DA:458,0
DA:459,0
DA:468,0
DA:479,0
DA:481,1
DA:482,1
DA:487,0
DA:488,0
DA:489,0
DA:490,0
DA:492,0
DA:496,0
DA:498,0
DA:499,0
DA:500,0
DA:505,0
DA:506,0
DA:507,0
DA:508,0
DA:509,0
DA:510,0
DA:511,0
DA:513,0
DA:516,0
DA:517,0
DA:519,0
DA:520,0
DA:523,0
DA:524,0
DA:525,0
DA:528,0
DA:529,0
DA:530,0
DA:539,0
DA:540,0
DA:543,0
DA:544,0
DA:549,0
DA:550,0
DA:551,0
DA:552,0
DA:554,0
DA:555,0
DA:556,0
DA:557,0
DA:558,0
DA:559,0
DA:561,0
DA:565,0
DA:566,0
DA:567,0
DA:568,0
DA:571,0
DA:577,0
DA:578,0
DA:579,0
DA:580,0
DA:584,0
DA:585,0
DA:586,0
DA:587,0
DA:591,0
DA:592,0
DA:593,0
DA:594,0
DA:598,0
DA:599,0
DA:600,0
DA:601,0
DA:603,0
DA:614,0
DA:615,0
DA:618,0
DA:619,0
DA:624,0
DA:625,0
DA:626,0
DA:627,0
DA:629,0
DA:633,0
DA:634,0
DA:637,0
DA:638,0
DA:639,0
DA:640,0
DA:642,0
DA:651,0
DA:652,0
DA:655,0
DA:656,0
DA:661,1
DA:662,1
DA:663,1
DA:664,0
DA:667,1
DA:668,1
DA:669,1
DA:672,0
DA:673,0
DA:674,0
DA:680,0
DA:682,1
DA:683,1
LF:290
LH:80
BRDA:28,0,0,0
BRDA:28,0,1,2
BRDA:29,1,0,0
BRDA:29,1,1,0
BRDA:40,2,0,0
BRDA:40,2,1,1
BRDA:41,3,0,0
BRDA:41,3,1,0
BRDA:51,4,0,0
BRDA:51,4,1,0
BRDA:52,5,0,0
BRDA:52,5,1,0
BRDA:59,6,0,0
BRDA:59,6,1,0
BRDA:68,7,0,0
BRDA:68,7,1,0
BRDA:69,8,0,0
BRDA:69,8,1,0
BRDA:88,9,0,0
BRDA:88,9,1,0
BRDA:93,10,0,0
BRDA:93,10,1,0
BRDA:109,11,0,0
BRDA:109,11,1,0
BRDA:114,12,0,0
BRDA:114,12,1,0
BRDA:132,13,0,0
BRDA:132,13,1,0
BRDA:138,14,0,0
BRDA:138,14,1,0
BRDA:138,15,0,0
BRDA:138,15,1,0
BRDA:139,16,0,0
BRDA:139,16,1,0
BRDA:141,17,0,0
BRDA:141,17,1,0
BRDA:142,18,0,0
BRDA:142,18,1,0
BRDA:154,19,0,0
BRDA:154,19,1,0
BRDA:159,20,0,0
BRDA:159,20,1,0
BRDA:169,21,0,0
BRDA:169,21,1,0
BRDA:174,22,0,0
BRDA:174,22,1,0
BRDA:188,23,0,0
BRDA:188,23,1,0
BRDA:191,24,0,0
BRDA:191,24,1,0
BRDA:202,25,0,1
BRDA:202,25,1,4
BRDA:202,26,0,5
BRDA:202,26,1,4
BRDA:202,26,2,4
BRDA:202,26,3,4
BRDA:202,26,4,4
BRDA:206,27,0,1
BRDA:206,27,1,3
BRDA:211,28,0,1
BRDA:211,28,1,0
BRDA:212,29,0,1
BRDA:212,29,1,0
BRDA:215,30,0,1
BRDA:215,30,1,2
BRDA:215,31,0,3
BRDA:215,31,1,1
BRDA:215,31,2,1
BRDA:221,32,0,1
BRDA:221,32,1,0
BRDA:222,33,0,1
BRDA:222,33,1,0
BRDA:228,34,0,1
BRDA:228,34,1,1
BRDA:232,35,0,1
BRDA:232,35,1,1
BRDA:234,36,0,1
BRDA:234,36,1,1
BRDA:235,37,0,1
BRDA:235,37,1,1
BRDA:236,38,0,0
BRDA:236,38,1,1
BRDA:236,39,0,1
BRDA:236,39,1,0
BRDA:262,40,0,0
BRDA:262,40,1,0
BRDA:269,41,0,0
BRDA:269,41,1,0
BRDA:273,42,0,0
BRDA:273,42,1,0
BRDA:274,43,0,0
BRDA:274,43,1,0
BRDA:275,44,0,0
BRDA:275,44,1,0
BRDA:276,45,0,0
BRDA:276,45,1,0
BRDA:277,46,0,0
BRDA:277,46,1,0
BRDA:278,47,0,0
BRDA:278,47,1,0
BRDA:279,48,0,0
BRDA:279,48,1,0
BRDA:280,49,0,0
BRDA:280,49,1,0
BRDA:283,50,0,0
BRDA:283,50,1,0
BRDA:284,51,0,0
BRDA:284,51,1,0
BRDA:284,52,0,0
BRDA:284,52,1,0
BRDA:286,53,0,0
BRDA:286,53,1,0
BRDA:291,54,0,0
BRDA:291,54,1,0
BRDA:308,55,0,0
BRDA:308,55,1,0
BRDA:312,56,0,0
BRDA:312,56,1,0
BRDA:325,57,0,0
BRDA:325,57,1,1
BRDA:325,58,0,1
BRDA:325,58,1,1
BRDA:330,59,0,0
BRDA:330,59,1,1
BRDA:350,60,0,1
BRDA:350,60,1,0
BRDA:352,61,0,1
BRDA:352,61,1,0
BRDA:369,62,0,1
BRDA:369,62,1,0
BRDA:383,63,0,1
BRDA:383,63,1,0
BRDA:390,64,0,0
BRDA:390,64,1,0
BRDA:395,65,0,0
BRDA:395,65,1,0
BRDA:397,66,0,0
BRDA:397,66,1,0
BRDA:397,67,0,0
BRDA:397,67,1,0
BRDA:422,68,0,0
BRDA:422,68,1,0
BRDA:438,69,0,0
BRDA:438,69,1,1
BRDA:441,70,0,0
BRDA:441,70,1,1
BRDA:444,71,0,1
BRDA:444,71,1,0
BRDA:445,72,0,1
BRDA:445,72,1,0
BRDA:457,73,0,0
BRDA:457,73,1,0
BRDA:476,74,0,0
BRDA:476,74,1,0
BRDA:486,75,0,0
BRDA:490,76,0,0
BRDA:490,76,1,0
BRDA:499,77,0,0
BRDA:499,77,1,0
BRDA:499,78,0,0
BRDA:499,78,1,0
BRDA:505,79,0,0
BRDA:505,79,1,0
BRDA:506,80,0,0
BRDA:506,80,1,0
BRDA:507,81,0,0
BRDA:507,81,1,0
BRDA:508,82,0,0
BRDA:508,82,1,0
BRDA:509,83,0,0
BRDA:509,83,1,0
BRDA:510,84,0,0
BRDA:510,84,1,0
BRDA:511,85,0,0
BRDA:511,85,1,0
BRDA:532,86,0,0
BRDA:532,86,1,0
BRDA:533,87,0,0
BRDA:533,87,1,0
BRDA:535,88,0,0
BRDA:535,88,1,0
BRDA:548,89,0,0
BRDA:552,90,0,0
BRDA:552,90,1,0
BRDA:556,91,0,0
BRDA:556,91,1,0
BRDA:557,92,0,0
BRDA:557,92,1,0
BRDA:558,93,0,0
BRDA:558,93,1,0
BRDA:559,94,0,0
BRDA:559,94,1,0
BRDA:572,95,0,0
BRDA:572,95,1,0
BRDA:573,96,0,0
BRDA:573,96,1,0
BRDA:574,97,0,0
BRDA:574,97,1,0
BRDA:578,98,0,0
BRDA:578,98,1,0
BRDA:585,99,0,0
BRDA:585,99,1,0
BRDA:592,100,0,0
BRDA:592,100,1,0
BRDA:605,101,0,0
BRDA:605,101,1,0
BRDA:605,102,0,0
BRDA:605,102,1,0
BRDA:606,103,0,0
BRDA:606,103,1,0
BRDA:606,104,0,0
BRDA:606,104,1,0
BRDA:607,105,0,0
BRDA:607,105,1,0
BRDA:609,106,0,0
BRDA:609,106,1,0
BRDA:609,107,0,0
BRDA:609,107,1,0
BRDA:627,108,0,0
BRDA:627,108,1,0
BRDA:633,109,0,0
BRDA:633,109,1,0
BRDA:645,110,0,0
BRDA:645,110,1,0
BRDA:646,111,0,0
BRDA:646,111,1,0
BRDA:648,112,0,0
BRDA:648,112,1,0
BRDA:663,113,0,0
BRDA:663,113,1,1
BRDA:668,114,0,1
BRDA:668,114,1,0
BRF:232
BRH:44
end_of_record
TN:
SF:main-services\payment-service\services\transactionService.js
FN:8,(anonymous_0)
FN:20,(anonymous_1)
FN:38,(anonymous_2)
FN:89,(anonymous_3)
FN:100,(anonymous_4)
FN:125,(anonymous_5)
FN:128,(anonymous_6)
FN:143,(anonymous_7)
FN:151,(anonymous_8)
FN:159,(anonymous_9)
FN:339,(anonymous_10)
FN:488,(anonymous_11)
FNF:12
FNH:6
FNDA:12,(anonymous_0)
FNDA:4,(anonymous_1)
FNDA:3,(anonymous_2)
FNDA:0,(anonymous_3)
FNDA:0,(anonymous_4)
FNDA:0,(anonymous_5)
FNDA:0,(anonymous_6)
FNDA:0,(anonymous_7)
FNDA:0,(anonymous_8)
FNDA:1,(anonymous_9)
FNDA:6,(anonymous_10)
FNDA:1,(anonymous_11)
DA:10,12
DA:11,12
DA:12,12
DA:13,12
DA:14,12
DA:15,12
DA:20,12
DA:21,4
DA:23,4
DA:25,4
DA:26,4
DA:27,1
DA:30,3
DA:33,3
DA:34,3
DA:38,3
DA:44,3
DA:45,3
DA:47,3
DA:57,3
DA:68,3
DA:69,3
DA:71,3
DA:72,3
DA:74,3
DA:76,3
DA:78,0
DA:81,3
DA:84,1
DA:85,1
DA:89,12
DA:90,0
DA:91,0
DA:92,0
DA:95,0
DA:96,0
DA:100,12
DA:101,0
DA:102,0
DA:103,0
DA:105,0
DA:106,0
DA:107,0
DA:108,0
DA:109,0
DA:110,0
DA:111,0
DA:113,0
DA:116,0
DA:120,0
DA:122,0
DA:123,0
DA:126,0
DA:128,0
DA:132,0
DA:134,0
DA:138,0
DA:139,0
DA:140,0
DA:141,0
DA:144,0
DA:145,0
DA:146,0
DA:148,0
DA:151,0
DA:155,0
DA:156,0
DA:159,12
DA:160,1
DA:161,1
DA:162,1
DA:163,1
DA:165,1
DA:167,1
DA:168,1
DA:175,0
DA:178,1
DA:179,1
DA:180,1
DA:183,0
DA:184,0
DA:339,12
DA:340,6
DA:341,6
DA:345,6
DA:346,0
DA:349,6
DA:350,1
DA:353,1
DA:354,1
DA:360,5
DA:361,5
DA:362,5
DA:365,5
DA:366,5
DA:367,0
DA:368,5
DA:369,5
DA:372,5
DA:373,0
DA:377,5
DA:378,5
DA:379,5
DA:383,5
DA:384,0
DA:386,5
DA:390,5
DA:391,5
DA:392,5
DA:395,5
DA:396,3
DA:397,3
DA:401,3
DA:402,0
DA:405,0
DA:410,5
DA:411,5
DA:414,5
DA:416,2
DA:417,2
DA:418,2
DA:419,2
DA:420,2
DA:421,2
DA:422,2
DA:447,2
DA:448,1
DA:450,1
DA:451,1
DA:452,1
DA:453,1
DA:467,3
DA:468,3
DA:469,3
DA:470,3
DA:471,3
DA:472,3
DA:475,5
DA:476,5
DA:481,5
DA:483,0
DA:484,0
DA:488,12
DA:489,1
DA:490,1
DA:494,1
DA:495,0
DA:497,1
DA:498,0
DA:499,0
DA:502,1
DA:503,1
DA:504,1
DA:506,1
DA:507,1
DA:508,0
DA:509,1
DA:510,0
DA:513,1
DA:514,0
DA:515,0
DA:518,1
DA:519,1
DA:524,1
DA:527,0
DA:528,0
LF:166
LH:110
BRDA:25,0,0,4
BRDA:25,0,1,1
BRDA:26,1,0,1
BRDA:26,1,1,3
BRDA:26,2,0,4
BRDA:26,2,1,3
BRDA:30,3,0,3
BRDA:30,3,1,3
BRDA:31,4,0,3
BRDA:31,4,1,0
BRDA:33,5,0,0
BRDA:33,5,1,3
BRDA:34,6,0,0
BRDA:34,6,1,3
BRDA:35,7,0,3
BRDA:35,7,1,3
BRDA:39,8,0,3
BRDA:39,8,1,0
BRDA:39,9,0,0
BRDA:39,9,1,0
BRDA:40,10,0,3
BRDA:40,10,1,0
BRDA:41,11,0,3
BRDA:41,11,1,0
BRDA:44,12,0,3
BRDA:44,12,1,3
BRDA:44,12,2,3
BRDA:45,13,0,0
BRDA:45,13,1,3
BRDA:45,14,0,3
BRDA:45,14,1,3
BRDA:59,15,0,3
BRDA:59,15,1,0
BRDA:59,15,2,0
BRDA:60,16,0,3
BRDA:60,16,1,3
BRDA:60,16,2,3
BRDA:69,17,0,3
BRDA:69,17,1,0
BRDA:72,18,0,3
BRDA:72,18,1,0
BRDA:101,19,0,0
BRDA:101,19,1,0
BRDA:102,20,0,0
BRDA:102,20,1,0
BRDA:106,21,0,0
BRDA:106,21,1,0
BRDA:109,22,0,0
BRDA:109,22,1,0
BRDA:122,23,0,0
BRDA:122,23,1,0
BRDA:126,24,0,0
BRDA:126,24,1,0
BRDA:126,25,0,0
BRDA:126,25,1,0
BRDA:132,26,0,0
BRDA:132,26,1,0
BRDA:134,27,0,0
BRDA:134,27,1,0
BRDA:134,27,2,0
BRDA:138,28,0,0
BRDA:138,28,1,0
BRDA:140,29,0,0
BRDA:140,29,1,0
BRDA:144,30,0,0
BRDA:144,30,1,0
BRDA:144,31,0,0
BRDA:144,31,1,0
BRDA:145,32,0,0
BRDA:145,32,1,0
BRDA:163,33,0,0
BRDA:163,33,1,1
BRDA:167,34,0,1
BRDA:167,34,1,0
BRDA:179,35,0,1
BRDA:179,35,1,0
BRDA:345,36,0,0
BRDA:345,36,1,6
BRDA:349,37,0,1
BRDA:349,37,1,5
BRDA:350,38,0,0
BRDA:350,38,1,1
BRDA:366,39,0,0
BRDA:366,39,1,5
BRDA:368,40,0,5
BRDA:368,40,1,0
BRDA:372,41,0,0
BRDA:372,41,1,5
BRDA:378,42,0,5
BRDA:378,42,1,0
BRDA:383,43,0,0
BRDA:383,43,1,5
BRDA:390,44,0,5
BRDA:390,44,1,5
BRDA:390,44,2,3
BRDA:390,44,3,3
BRDA:392,45,0,5
BRDA:392,45,1,3
BRDA:392,45,2,3
BRDA:395,46,0,3
BRDA:395,46,1,2
BRDA:395,47,0,5
BRDA:395,47,1,3
BRDA:395,47,2,3
BRDA:401,48,0,0
BRDA:401,48,1,3
BRDA:410,49,0,5
BRDA:410,49,1,2
BRDA:414,50,0,2
BRDA:414,50,1,3
BRDA:414,51,0,5
BRDA:414,51,1,3
BRDA:416,52,0,2
BRDA:416,52,1,0
BRDA:447,53,0,1
BRDA:447,53,1,1
BRDA:447,54,0,2
BRDA:447,54,1,2
BRDA:467,55,0,3
BRDA:467,55,1,0
BRDA:467,56,0,3
BRDA:467,56,1,0
BRDA:467,56,2,0
BRDA:478,57,0,5
BRDA:478,57,1,0
BRDA:494,58,0,0
BRDA:494,58,1,1
BRDA:497,59,0,0
BRDA:497,59,1,1
BRDA:507,60,0,0
BRDA:507,60,1,1
BRDA:509,61,0,0
BRDA:509,61,1,1
BRDA:513,62,0,0
BRDA:513,62,1,1
BRDA:521,63,0,0
BRDA:521,63,1,1
BRF:137
BRH:73
end_of_record
TN:
SF:main-services\room-service\services\roomService.js
FN:8,(anonymous_0)
FN:17,(anonymous_1)
FN:35,(anonymous_2)
FN:51,(anonymous_3)
FN:63,(anonymous_4)
FN:83,(anonymous_5)
FN:115,(anonymous_6)
FN:125,(anonymous_7)
FN:142,(anonymous_8)
FN:177,(anonymous_9)
FN:243,(anonymous_10)
FN:254,(anonymous_11)
FN:294,(anonymous_12)
FN:321,(anonymous_13)
FN:334,(anonymous_14)
FN:358,(anonymous_15)
FN:380,(anonymous_16)
FN:391,(anonymous_17)
FN:415,(anonymous_18)
FN:431,(anonymous_19)
FN:458,(anonymous_20)
FN:467,(anonymous_21)
FN:479,(anonymous_22)
FN:493,(anonymous_23)
FN:503,(anonymous_24)
FN:507,(anonymous_25)
FN:512,(anonymous_26)
FN:518,(anonymous_27)
FN:522,(anonymous_28)
FN:557,(anonymous_29)
FN:569,(anonymous_30)
FN:570,(anonymous_31)
FN:582,(anonymous_32)
FN:624,(anonymous_33)
FN:733,(anonymous_34)
FN:772,(anonymous_35)
FN:776,(anonymous_36)
FN:805,(anonymous_37)
FN:950,(anonymous_38)
FN:980,(anonymous_39)
FN:1029,(anonymous_40)
FN:1080,(anonymous_41)
FN:1191,(anonymous_42)
FN:1198,(anonymous_43)
FN:1262,(anonymous_44)
FN:1269,(anonymous_45)
FN:1275,(anonymous_46)
FN:1299,(anonymous_47)
FN:1309,(anonymous_48)
FN:1325,(anonymous_49)
FN:1347,(anonymous_50)
FN:1362,(anonymous_51)
FNF:52
FNH:11
FNDA:33,(anonymous_0)
FNDA:6,(anonymous_1)
FNDA:7,(anonymous_2)
FNDA:2,(anonymous_3)
FNDA:4,(anonymous_4)
FNDA:6,(anonymous_5)
FNDA:1,(anonymous_6)
FNDA:1,(anonymous_7)
FNDA:5,(anonymous_8)
FNDA:0,(anonymous_9)
FNDA:0,(anonymous_10)
FNDA:0,(anonymous_11)
FNDA:0,(anonymous_12)
FNDA:0,(anonymous_13)
FNDA:0,(anonymous_14)
FNDA:0,(anonymous_15)
FNDA:0,(anonymous_16)
FNDA:0,(anonymous_17)
FNDA:0,(anonymous_18)
FNDA:0,(anonymous_19)
FNDA:0,(anonymous_20)
FNDA:0,(anonymous_21)
FNDA:0,(anonymous_22)
FNDA:0,(anonymous_23)
FNDA:0,(anonymous_24)
FNDA:0,(anonymous_25)
FNDA:0,(anonymous_26)
FNDA:0,(anonymous_27)
FNDA:0,(anonymous_28)
FNDA:0,(anonymous_29)
FNDA:0,(anonymous_30)
FNDA:0,(anonymous_31)
FNDA:6,(anonymous_32)
FNDA:0,(anonymous_33)
FNDA:0,(anonymous_34)
FNDA:0,(anonymous_35)
FNDA:0,(anonymous_36)
FNDA:9,(anonymous_37)
FNDA:0,(anonymous_38)
FNDA:0,(anonymous_39)
FNDA:0,(anonymous_40)
FNDA:0,(anonymous_41)
FNDA:0,(anonymous_42)
FNDA:0,(anonymous_43)
FNDA:0,(anonymous_44)
FNDA:0,(anonymous_45)
FNDA:0,(anonymous_46)
FNDA:0,(anonymous_47)
FNDA:0,(anonymous_48)
FNDA:0,(anonymous_49)
FNDA:0,(anonymous_50)
FNDA:0,(anonymous_51)
DA:9,33
DA:10,33
DA:11,33
DA:12,33
DA:13,33
DA:17,33
DA:18,6
DA:20,6
DA:21,0
DA:22,6
DA:23,6
DA:25,0
DA:28,6
DA:29,1
DA:32,5
DA:35,33
DA:36,7
DA:38,7
DA:40,7
DA:41,1
DA:44,6
DA:45,6
DA:47,5
DA:49,4
DA:50,4
DA:51,2
DA:54,4
DA:63,4
DA:69,4
DA:70,4
DA:73,4
DA:75,4
DA:77,3
DA:78,3
DA:83,33
DA:84,6
DA:85,6
DA:87,6
DA:88,1
DA:90,5
DA:92,5
DA:97,5
DA:98,1
DA:100,4
DA:108,4
DA:110,4
DA:111,1
DA:113,1
DA:115,1
DA:121,1
DA:124,4
DA:125,1
DA:126,1
DA:129,4
DA:135,4
DA:137,2
DA:138,2
DA:142,33
DA:143,5
DA:144,5
DA:145,5
DA:146,1
DA:148,4
DA:150,4
DA:151,1
DA:157,3
DA:158,1
DA:161,3
DA:162,3
DA:164,3
DA:170,3
DA:172,1
DA:173,1
DA:177,33
DA:178,0
DA:180,0
DA:182,0
DA:193,0
DA:194,0
DA:196,0
DA:198,0
DA:199,0
DA:200,0
DA:201,0
DA:202,0
DA:203,0
DA:206,0
DA:207,0
DA:211,0
DA:212,0
DA:217,0
DA:218,0
DA:224,0
DA:225,0
DA:226,0
DA:228,0
DA:232,0
DA:243,0
DA:245,0
DA:251,0
DA:254,0
DA:259,0
DA:264,0
DA:265,0
DA:267,0
DA:268,0
DA:269,0
DA:277,0
DA:278,0
DA:279,0
DA:281,0
DA:282,0
DA:285,0
DA:286,0
DA:294,0
DA:299,0
DA:311,0
DA:313,0
DA:316,0
DA:317,0
DA:321,33
DA:322,0
DA:323,0
DA:325,0
DA:326,0
DA:328,0
DA:331,0
DA:334,0
DA:339,0
DA:340,0
DA:341,0
DA:345,0
DA:346,0
DA:348,0
DA:349,0
DA:358,0
DA:359,0
DA:360,0
DA:368,0
DA:374,0
DA:375,0
DA:380,33
DA:381,0
DA:382,0
DA:385,0
DA:388,0
DA:391,0
DA:396,0
DA:397,0
DA:398,0
DA:402,0
DA:403,0
DA:405,0
DA:406,0
DA:415,0
DA:416,0
DA:417,0
DA:425,0
DA:431,33
DA:432,0
DA:433,0
DA:435,0
DA:436,0
DA:439,0
DA:440,0
DA:441,0
DA:443,0
DA:444,0
DA:446,0
DA:447,0
DA:448,0
DA:449,0
DA:450,0
DA:453,0
DA:456,0
DA:458,0
DA:459,0
DA:461,0
DA:462,0
DA:466,0
DA:467,0
DA:471,0
DA:477,0
DA:479,0
DA:483,0
DA:488,0
DA:489,0
DA:490,0
DA:493,0
DA:496,0
DA:503,0
DA:506,0
DA:507,0
DA:509,0
DA:511,0
DA:512,0
DA:513,0
DA:518,0
DA:522,0
DA:523,0
DA:525,0
DA:526,0
DA:527,0
DA:530,0
DA:534,0
DA:535,0
DA:536,0
DA:537,0
DA:538,0
DA:541,0
DA:542,0
DA:543,0
DA:544,0
DA:548,0
DA:549,0
DA:550,0
DA:552,0
DA:556,0
DA:557,0
DA:569,0
DA:570,0
DA:572,0
DA:573,0
DA:576,0
DA:577,0
DA:582,33
DA:583,6
DA:584,6
DA:586,6
DA:587,1
DA:589,5
DA:590,1
DA:592,4
DA:593,4
DA:594,1
DA:596,3
DA:597,3
DA:598,1
DA:600,2
DA:601,2
DA:602,1
DA:604,1
DA:605,1
DA:607,1
DA:612,1
DA:616,1
DA:619,5
DA:620,5
DA:624,33
DA:625,0
DA:628,0
DA:630,0
DA:639,0
DA:640,0
DA:642,0
DA:643,0
DA:645,0
DA:646,0
DA:647,0
DA:648,0
DA:651,0
DA:652,0
DA:653,0
DA:654,0
DA:655,0
DA:658,0
DA:659,0
DA:665,0
DA:666,0
DA:667,0
DA:669,0
DA:673,0
DA:697,0
DA:698,0
DA:699,0
DA:705,0
DA:711,0
DA:724,0
DA:725,0
DA:728,0
DA:729,0
DA:733,33
DA:734,0
DA:735,0
DA:736,0
DA:738,0
DA:739,0
DA:740,0
DA:742,0
DA:744,0
DA:759,0
DA:760,0
DA:762,0
DA:763,0
DA:766,0
DA:767,0
DA:772,33
DA:773,0
DA:774,0
DA:776,0
DA:777,0
DA:778,0
DA:781,0
DA:783,0
DA:799,0
DA:800,0
DA:802,0
DA:805,33
DA:806,9
DA:807,9
DA:808,9
DA:810,9
DA:811,1
DA:813,8
DA:817,8
DA:818,1
DA:820,7
DA:821,7
DA:822,1
DA:824,6
DA:825,1
DA:826,1
DA:828,0
DA:829,0
DA:830,0
DA:832,0
DA:835,5
DA:836,1
DA:841,1
DA:842,1
DA:844,0
DA:847,4
DA:848,4
DA:850,4
DA:851,1
DA:854,3
DA:860,3
DA:862,3
DA:863,1
DA:865,2
DA:866,0
DA:869,2
DA:870,2
DA:871,1
DA:873,1
DA:874,0
DA:888,1
DA:893,1
DA:904,1
DA:907,1
DA:909,1
DA:916,1
DA:917,1
DA:933,1
DA:934,0
DA:937,0
DA:938,0
DA:942,1
DA:945,8
DA:946,8
DA:950,33
DA:951,0
DA:952,0
DA:953,0
DA:955,0
DA:956,0
DA:957,0
DA:959,0
DA:960,0
DA:961,0
DA:964,0
DA:966,0
DA:972,0
DA:975,0
DA:976,0
DA:980,33
DA:981,0
DA:982,0
DA:983,0
DA:984,0
DA:985,0
DA:988,0
DA:989,0
DA:992,0
DA:1001,0
DA:1012,0
DA:1013,0
DA:1015,0
DA:1021,0
DA:1024,0
DA:1025,0
DA:1029,33
DA:1030,0
DA:1031,0
DA:1033,0
DA:1034,0
DA:1035,0
DA:1038,0
DA:1039,0
DA:1042,0
DA:1051,0
DA:1062,0
DA:1063,0
DA:1065,0
DA:1071,0
DA:1074,0
DA:1075,0
DA:1080,33
DA:1081,0
DA:1082,0
DA:1084,0
DA:1085,0
DA:1086,0
DA:1089,0
DA:1181,0
DA:1183,0
DA:1186,0
DA:1187,0
DA:1191,33
DA:1192,0
DA:1193,0
DA:1195,0
DA:1198,0
DA:1199,0
DA:1201,0
DA:1207,0
DA:1208,0
DA:1210,0
DA:1219,0
DA:1222,0
DA:1223,0
DA:1263,0
DA:1268,0
DA:1269,0
DA:1272,0
DA:1276,0
DA:1277,0
DA:1279,0
DA:1287,0
DA:1292,0
DA:1295,0
DA:1299,33
DA:1300,0
DA:1301,0
DA:1302,0
DA:1304,0
DA:1305,0
DA:1309,33
DA:1310,0
DA:1311,0
DA:1312,0
DA:1316,0
DA:1318,0
DA:1320,0
DA:1321,0
DA:1325,33
DA:1326,0
DA:1332,0
DA:1334,0
DA:1336,0
DA:1337,0
DA:1339,0
DA:1342,0
DA:1343,0
DA:1347,33
DA:1348,0
DA:1349,0
DA:1350,0
DA:1355,0
DA:1357,0
DA:1358,0
DA:1362,33
DA:1363,0
DA:1369,0
LF:474
LH:154
BRDA:20,0,0,0
BRDA:20,0,1,6
BRDA:22,1,0,6
BRDA:22,1,1,0
BRDA:28,2,0,1
BRDA:28,2,1,5
BRDA:28,3,0,6
BRDA:28,3,1,6
BRDA:40,4,0,1
BRDA:40,4,1,6
BRDA:40,5,0,7
BRDA:40,5,1,7
BRDA:40,5,2,7
BRDA:40,5,3,7
BRDA:45,6,0,1
BRDA:45,6,1,5
BRDA:50,7,0,1
BRDA:50,7,1,3
BRDA:69,8,0,4
BRDA:69,8,1,0
BRDA:87,9,0,1
BRDA:87,9,1,5
BRDA:97,10,0,1
BRDA:97,10,1,4
BRDA:101,11,0,4
BRDA:101,11,1,3
BRDA:102,12,0,4
BRDA:102,12,1,3
BRDA:103,13,0,4
BRDA:103,13,1,4
BRDA:104,14,0,4
BRDA:104,14,1,4
BRDA:105,15,0,4
BRDA:105,15,1,3
BRDA:110,16,0,1
BRDA:110,16,1,3
BRDA:124,17,0,1
BRDA:124,17,1,3
BRDA:145,18,0,1
BRDA:145,18,1,4
BRDA:150,19,0,1
BRDA:150,19,1,3
BRDA:150,20,0,4
BRDA:150,20,1,2
BRDA:157,21,0,1
BRDA:157,21,1,2
BRDA:177,22,0,0
BRDA:179,23,0,0
BRDA:179,24,0,0
BRDA:179,25,0,0
BRDA:179,26,0,0
BRDA:185,27,0,0
BRDA:185,27,1,0
BRDA:188,28,0,0
BRDA:188,28,1,0
BRDA:189,29,0,0
BRDA:189,29,1,0
BRDA:190,30,0,0
BRDA:190,30,1,0
BRDA:191,31,0,0
BRDA:191,31,1,0
BRDA:194,32,0,0
BRDA:194,32,1,0
BRDA:198,33,0,0
BRDA:198,33,1,0
BRDA:198,34,0,0
BRDA:198,34,1,0
BRDA:200,35,0,0
BRDA:200,35,1,0
BRDA:202,36,0,0
BRDA:202,36,1,0
BRDA:206,37,0,0
BRDA:206,37,1,0
BRDA:211,38,0,0
BRDA:211,38,1,0
BRDA:217,39,0,0
BRDA:217,39,1,0
BRDA:229,40,0,0
BRDA:229,40,1,0
BRDA:264,41,0,0
BRDA:264,41,1,0
BRDA:281,42,0,0
BRDA:281,42,1,0
BRDA:288,43,0,0
BRDA:288,43,1,0
BRDA:289,44,0,0
BRDA:289,44,1,0
BRDA:296,45,0,0
BRDA:296,45,1,0
BRDA:325,46,0,0
BRDA:325,46,1,0
BRDA:340,47,0,0
BRDA:340,47,1,0
BRDA:345,48,0,0
BRDA:345,48,1,0
BRDA:362,49,0,0
BRDA:362,49,1,0
BRDA:363,50,0,0
BRDA:363,50,1,0
BRDA:381,51,0,0
BRDA:381,51,1,0
BRDA:397,52,0,0
BRDA:397,52,1,0
BRDA:402,53,0,0
BRDA:402,53,1,0
BRDA:419,54,0,0
BRDA:419,54,1,0
BRDA:420,55,0,0
BRDA:420,55,1,0
BRDA:431,56,0,0
BRDA:435,57,0,0
BRDA:435,57,1,0
BRDA:435,58,0,0
BRDA:435,58,1,0
BRDA:441,59,0,0
BRDA:441,59,1,0
BRDA:446,60,0,0
BRDA:446,60,1,0
BRDA:447,61,0,0
BRDA:447,61,1,0
BRDA:447,62,0,0
BRDA:447,62,1,0
BRDA:447,62,2,0
BRDA:449,63,0,0
BRDA:449,63,1,0
BRDA:449,64,0,0
BRDA:449,64,1,0
BRDA:449,64,2,0
BRDA:456,65,0,0
BRDA:456,65,1,0
BRDA:461,66,0,0
BRDA:461,66,1,0
BRDA:466,67,0,0
BRDA:466,67,1,0
BRDA:488,68,0,0
BRDA:488,68,1,0
BRDA:507,69,0,0
BRDA:507,69,1,0
BRDA:511,70,0,0
BRDA:511,70,1,0
BRDA:523,71,0,0
BRDA:523,71,1,0
BRDA:525,72,0,0
BRDA:525,72,1,0
BRDA:527,73,0,0
BRDA:527,73,1,0
BRDA:537,74,0,0
BRDA:537,74,1,0
BRDA:542,75,0,0
BRDA:542,75,1,0
BRDA:549,76,0,0
BRDA:549,76,1,0
BRDA:549,77,0,0
BRDA:549,77,1,0
BRDA:550,78,0,0
BRDA:550,78,1,0
BRDA:550,79,0,0
BRDA:550,79,1,0
BRDA:564,80,0,0
BRDA:564,80,1,0
BRDA:565,81,0,0
BRDA:565,81,1,0
BRDA:566,82,0,0
BRDA:566,82,1,0
BRDA:567,83,0,0
BRDA:567,83,1,0
BRDA:586,84,0,1
BRDA:586,84,1,5
BRDA:586,85,0,6
BRDA:586,85,1,5
BRDA:589,86,0,1
BRDA:589,86,1,4
BRDA:593,87,0,1
BRDA:593,87,1,3
BRDA:597,88,0,1
BRDA:597,88,1,2
BRDA:601,89,0,1
BRDA:601,89,1,1
BRDA:601,90,0,2
BRDA:601,90,1,1
BRDA:604,91,0,1
BRDA:604,91,1,1
BRDA:624,92,0,0
BRDA:627,93,0,0
BRDA:627,94,0,0
BRDA:627,95,0,0
BRDA:627,96,0,0
BRDA:631,97,0,0
BRDA:631,97,1,0
BRDA:632,98,0,0
BRDA:632,98,1,0
BRDA:633,99,0,0
BRDA:633,99,1,0
BRDA:640,100,0,0
BRDA:640,100,1,0
BRDA:645,101,0,0
BRDA:645,101,1,0
BRDA:646,102,0,0
BRDA:646,102,1,0
BRDA:651,103,0,0
BRDA:651,103,1,0
BRDA:653,104,0,0
BRDA:653,104,1,0
BRDA:658,105,0,0
BRDA:658,105,1,0
BRDA:670,106,0,0
BRDA:670,106,1,0
BRDA:698,107,0,0
BRDA:698,107,1,0
BRDA:698,108,0,0
BRDA:698,108,1,0
BRDA:705,109,0,0
BRDA:705,109,1,0
BRDA:735,110,0,0
BRDA:735,110,1,0
BRDA:740,111,0,0
BRDA:740,111,1,0
BRDA:759,112,0,0
BRDA:759,112,1,0
BRDA:773,113,0,0
BRDA:773,113,1,0
BRDA:773,114,0,0
BRDA:773,114,1,0
BRDA:777,115,0,0
BRDA:777,115,1,0
BRDA:799,116,0,0
BRDA:799,116,1,0
BRDA:810,117,0,1
BRDA:810,117,1,8
BRDA:817,118,0,1
BRDA:817,118,1,7
BRDA:818,119,0,1
BRDA:818,119,1,0
BRDA:821,120,0,1
BRDA:821,120,1,6
BRDA:824,121,0,1
BRDA:824,121,1,5
BRDA:825,122,0,1
BRDA:825,122,1,0
BRDA:829,123,0,0
BRDA:829,123,1,0
BRDA:835,124,0,1
BRDA:835,124,1,4
BRDA:841,125,0,1
BRDA:841,125,1,0
BRDA:847,126,0,4
BRDA:847,126,1,0
BRDA:850,127,0,1
BRDA:850,127,1,3
BRDA:860,128,0,3
BRDA:860,128,1,2
BRDA:860,128,2,0
BRDA:862,129,0,1
BRDA:862,129,1,2
BRDA:865,130,0,0
BRDA:865,130,1,2
BRDA:865,131,0,2
BRDA:865,131,1,0
BRDA:869,132,0,2
BRDA:869,132,1,0
BRDA:870,133,0,1
BRDA:870,133,1,1
BRDA:873,134,0,0
BRDA:873,134,1,1
BRDA:873,135,0,1
BRDA:873,135,1,0
BRDA:897,136,0,1
BRDA:897,136,1,0
BRDA:898,137,0,0
BRDA:898,137,1,1
BRDA:899,138,0,1
BRDA:899,138,1,1
BRDA:900,139,0,1
BRDA:900,139,1,0
BRDA:933,140,0,0
BRDA:933,140,1,1
BRDA:937,141,0,0
BRDA:937,141,1,0
BRDA:952,142,0,0
BRDA:952,142,1,0
BRDA:956,143,0,0
BRDA:956,143,1,0
BRDA:960,144,0,0
BRDA:960,144,1,0
BRDA:984,145,0,0
BRDA:984,145,1,0
BRDA:988,146,0,0
BRDA:988,146,1,0
BRDA:1008,147,0,0
BRDA:1008,147,1,0
BRDA:1034,148,0,0
BRDA:1034,148,1,0
BRDA:1038,149,0,0
BRDA:1038,149,1,0
BRDA:1058,150,0,0
BRDA:1058,150,1,0
BRDA:1080,151,0,0
BRDA:1085,152,0,0
BRDA:1085,152,1,0
BRDA:1085,153,0,0
BRDA:1085,153,1,0
BRDA:1099,154,0,0
BRDA:1099,154,1,0
BRDA:1193,155,0,0
BRDA:1193,155,1,0
BRDA:1199,156,0,0
BRDA:1199,156,1,0
BRDA:1202,157,0,0
BRDA:1202,157,1,0
BRDA:1207,158,0,0
BRDA:1207,158,1,0
BRDA:1299,159,0,0
BRDA:1309,160,0,0
BRDA:1312,161,0,0
BRDA:1312,161,1,0
BRDA:1325,162,0,0
BRDA:1325,163,0,0
BRDA:1328,164,0,0
BRDA:1329,165,0,0
BRDA:1330,166,0,0
BRDA:1331,167,0,0
BRDA:1336,168,0,0
BRDA:1336,168,1,0
BRDA:1337,169,0,0
BRDA:1337,169,1,0
BRDA:1347,170,0,0
BRF:326
BRH:92
end_of_record
TN:
SF:shared\events\bookingEvents.js
FNF:0
FNH:0
DA:1,9
LF:1
LH:1
BRF:0
BRH:0
end_of_record
TN:
SF:shared\events\cleaningEvents.js
FNF:0
FNH:0
DA:1,2
LF:1
LH:1
BRF:0
BRH:0
end_of_record
TN:
SF:shared\events\customerEvents.js
FNF:0
FNH:0
DA:1,9
LF:1
LH:1
BRF:0
BRH:0
end_of_record
TN:
SF:shared\events\discountEvents.js
FNF:0
FNH:0
DA:1,2
LF:1
LH:1
BRF:0
BRH:0
end_of_record
TN:
SF:shared\events\employeeEvents.js
FNF:0
FNH:0
DA:1,13
LF:1
LH:1
BRF:0
BRH:0
end_of_record
TN:
SF:shared\events\equipmentEvents.js
FNF:0
FNH:0
DA:1,7
LF:1
LH:1
BRF:0
BRH:0
end_of_record
TN:
SF:shared\events\paymentEvents.js
FNF:0
FNH:0
DA:1,3
LF:1
LH:1
BRF:0
BRH:0
end_of_record
TN:
SF:shared\events\roomEvents.js
FNF:0
FNH:0
DA:1,5
LF:1
LH:1
BRF:0
BRH:0
end_of_record
TN:
SF:shared\events\userEvents.js
FNF:0
FNH:0
DA:1,11
LF:1
LH:1
BRF:0
BRH:0
end_of_record
